#
# A fatal error has been detected by the Java Runtime Environment:
#
#  EXCEPTION_ACCESS_VIOLATION (0xc0000005) at pc=0x0000013bb336fe60, pid=5452, tid=13908
#
# JRE version: Java(TM) SE Runtime Environment (17.0+35) (build 17+35-LTS-2724)
# Java VM: Java HotSpot(TM) 64-Bit Server VM (17+35-LTS-2724, mixed mode, sharing, tiered, compressed oops, compressed class ptrs, g1 gc, windows-amd64)
# Problematic frame:
# J 3569 c2 org.bytedeco.javacv.JavaFXFrameConverter$FramePixelReader.getPixels(IIIILjavafx/scene/image/WritablePixelFormat;Ljava/nio/Buffer;I)V (182 bytes) @ 0x0000013bb336fe60 [0x0000013bb336fcc0+0x00000000000001a0]
#
# No core dump will be written. Minidumps are not enabled by default on client versions of Windows
#
# If you would like to submit a bug report, please visit:
#   https://bugreport.java.com/bugreport/crash.jsp
#

---------------  S U M M A R Y ------------

Command Line: --module-path=D:\herramientas\openjfx-15.0.1_windows-x64_bin-sdk\javafx-sdk-15.0.1\lib --add-modules=javafx.controls,javafx.fxml,javafx.graphics,javafx.media -Djava.library.path=D:\opencv\build\java\x64 -javaagent:C:\Users\Alexander\AppData\Local\JetBrains\Toolbox\apps\IDEA-U\ch-0\232.8660.185\lib\idea_rt.jar=49883:C:\Users\Alexander\AppData\Local\JetBrains\Toolbox\apps\IDEA-U\ch-0\232.8660.185\bin -Dfile.encoding=UTF-8 com.app.appvisionartificial.Main

Host: Intel(R) Core(TM) i7-8750H CPU @ 2.20GHz, 12 cores, 15G,  Windows 10 , 64 bit Build 19041 (10.0.19041.3155)
Time: Tue Aug  8 15:17:16 2023 SA Pacific Standard Time elapsed time: 22.279678 seconds (0d 0h 0m 22s)

---------------  T H R E A D  ---------------

Current thread (0x0000013bcf24f650):  JavaThread "Thread-5" [_thread_in_Java, id=13908, stack(0x0000002571600000,0x0000002571700000)]

Stack: [0x0000002571600000,0x0000002571700000],  sp=0x00000025716fed80,  free space=1019k
Native frames: (J=compiled Java code, j=interpreted, Vv=VM code, C=native code)
C  0x0000013bb336fe60


siginfo: EXCEPTION_ACCESS_VIOLATION (0xc0000005), reading address 0x0000013bd489ed08


Register to memory mapping:

RIP=0x0000013bb336fe60 is at entry_point+416 in (nmethod*)0x0000013bb336fb10
RAX=0x0000013bd4848f80 points into unknown readable memory: 0x1a210d0b12302e35 | 35 2e 30 12 0b 0d 21 1a
RBX=0x000000000012c000 is an unknown value
RCX=0x0000000000055d88 is an unknown value
RDX=0x0000000704600000 is an oop: [B 
{0x0000000704600000} - klass: {type array byte}
 - length: 1228800
RSP=0x00000025716fed80 is pointing into the stack for thread: 0x0000013bcf24f650
RBP=0x0000000000000058 is an unknown value
RSI=0x0000000000072760 is an unknown value
RDI=0x0000013bd4848f80 points into unknown readable memory: 0x1a210d0b12302e35 | 35 2e 30 12 0b 0d 21 1a
R8 =0x0000000000055d88 is an unknown value
R9 =0x0000000000000108 is an unknown value
R10=0x000000000012c000 is an unknown value
R11=0x0000000711d45008 is an oop: java.nio.HeapByteBuffer 
{0x0000000711d45008} - klass: 'java/nio/HeapByteBuffer'
 - ---- fields (total size 7 words):
 - private 'mark' 'I' @12  -1 (ffffffff)
 - 'address' 'J' @16  16 (10 0)
 - private 'position' 'I' @24  468832 (72760)
 - private 'limit' 'I' @28  1228800 (12c000)
 - private 'capacity' 'I' @32  1228800 (12c000)
 - final 'segment' 'Ljdk/internal/access/foreign/MemorySegmentProxy;' @36  NULL (0)
 - final 'offset' 'I' @40  0
 - 'isReadOnly' 'Z' @44  false
 - 'bigEndian' 'Z' @45  true
 - 'nativeByteOrder' 'Z' @46  false
 - final 'hb' '[B' @48  [B{0x0000000704600000} (e08c0000)
R12=0x0 is NULL
R13=0x000000000007275f is an unknown value
R14=0x00000000000e1000 is an unknown value
R15=0x0000013bcf24f650 is a thread


Registers:
RAX=0x0000013bd4848f80, RBX=0x000000000012c000, RCX=0x0000000000055d88, RDX=0x0000000704600000
RSP=0x00000025716fed80, RBP=0x0000000000000058, RSI=0x0000000000072760, RDI=0x0000013bd4848f80
R8 =0x0000000000055d88, R9 =0x0000000000000108, R10=0x000000000012c000, R11=0x0000000711d45008
R12=0x0000000000000000, R13=0x000000000007275f, R14=0x00000000000e1000, R15=0x0000013bcf24f650
RIP=0x0000013bb336fe60, EFLAGS=0x0000000000010287

Top of Stack: (sp=0x00000025716fed80)
0x00000025716fed80:   00000780002ed180 0000000000000000
0x00000025716fed90:   00000025716feda8 00000025716fee38
0x00000025716feda0:   0000013bab6e94fe 0000000000000000
0x00000025716fedb0:   0000000000000000 000000000012c000
0x00000025716fedc0:   000000000012c000 0000000000000000
0x00000025716fedd0:   00000000ffffffff 0000000704600000
0x00000025716fede0:   00000025716fee98 0000013bab6e9962
0x00000025716fedf0:   0000028000000280 000000000012c000
0x00000025716fee00:   00000025716fee48 0000013bab6e9962
0x00000025716fee10:   0000000000000a00 0000000711d45008
0x00000025716fee20:   000000070b0d4460 00000000000001e0
0x00000025716fee30:   0000000000000280 0000000000000000
0x00000025716fee40:   0000000000000000 0000000711d44e10
0x00000025716fee50:   00000025716fee50 0000013bce9544cc
0x00000025716fee60:   00000025716feee8 0000013bd40b93e8
0x00000025716fee70:   0000000000000000 000000070af3f958 

Instructions: (pc=0x0000013bb336fe60)
0x0000013bb336fd60:   8b c8 03 cf 49 8d 1c ec c4 41 79 6e d1 eb 40 c4
0x0000013bb336fd70:   c1 79 7e c8 c4 c1 79 7e d1 c5 f9 7e c7 c5 f9 7e
0x0000013bb336fd80:   e6 44 8b 54 24 04 c5 f9 7e ea 8b 4c 24 70 c4 e1
0x0000013bb336fd90:   f9 7e db 49 8b af 48 03 00 00 c5 79 7e d0 ff c0
0x0000013bb336fda0:   85 45 00 3b c2 0f 8d 55 05 00 00 c5 79 6e d0 44
0x0000013bb336fdb0:   3b c1 7d df 44 3b 63 24 0f 85 5f 05 00 00 c4 e1
0x0000013bb336fdc0:   f9 6e db 89 4c 24 70 c5 f9 6e ea 44 89 54 24 04
0x0000013bb336fdd0:   c5 f9 6e e6 c5 f9 6e c7 c4 c1 79 6e d1 c4 c1 79
0x0000013bb336fde0:   6e c8 45 8b 43 30 c4 c1 79 6e f8 47 8b 54 c4 0c
0x0000013bb336fdf0:   c4 41 79 7e d0 44 0f af 44 24 04 c4 c1 79 6e f0
0x0000013bb336fe00:   44 8b 73 1c 48 8b 43 10 41 8b 5b 1c 45 8b 43 28
0x0000013bb336fe10:   c4 41 79 6e c8 c4 c1 79 7e f8 4b 8d 14 c4 c5 f9
0x0000013bb336fe20:   7e cd e9 48 01 00 00 66 0f 1f 84 00 00 00 00 00
0x0000013bb336fe30:   44 8b 54 24 78 44 8b cd 41 d1 e1 44 03 cd c5 f9
0x0000013bb336fe40:   7e f1 41 03 c9 85 c9 0f 8c e7 01 00 00 41 3b ce
0x0000013bb336fe50:   0f 8d a2 02 00 00 41 8b 73 18 4c 63 c1 48 8b f8
0x0000013bb336fe60:   46 0f be 04 07 3b f3 0f 8d d3 02 00 00 c5 79 7e
0x0000013bb336fe70:   cf 03 fe 44 8b ee 41 ff c5 45 89 6b 18 66 66 90
0x0000013bb336fe80:   41 3b fa 0f 83 1c 01 00 00 44 88 44 3a 10 44 8b
0x0000013bb336fe90:   c1 41 ff c0 45 85 c0 0f 8c db 01 00 00 66 66 90
0x0000013bb336fea0:   45 3b c6 0f 8d e7 02 00 00 44 89 54 24 78 4d 63
0x0000013bb336feb0:   d0 4c 8b c0 47 0f be 14 10 44 3b eb 0f 1f 40 00
0x0000013bb336fec0:   0f 8d 12 03 00 00 44 8b ef 41 83 c5 03 44 8b c6
0x0000013bb336fed0:   41 83 c0 02 45 89 43 18 0f 1f 84 00 00 00 00 00
0x0000013bb336fee0:   44 3b 6c 24 78 0f 83 01 01 00 00 83 c1 02 4c 63
0x0000013bb336fef0:   cf 46 88 54 0a 11 85 c9 0f 8c be 01 00 00 66 90
0x0000013bb336ff00:   41 3b ce 0f 8d 1f 03 00 00 4c 63 d1 48 8b c8 46
0x0000013bb336ff10:   0f be 14 11 44 3b c3 0f 8d 4f 03 00 00 46 88 54
0x0000013bb336ff20:   0a 12 44 8b d6 41 83 c2 03 45 89 53 18 44 3b d3
0x0000013bb336ff30:   0f 8d 82 03 00 00 42 c6 44 0a 13 ff 83 c6 04 41
0x0000013bb336ff40:   89 73 18 ff c5 3b 6c 24 74 0f 8c e1 fe ff ff 4d
0x0000013bb336ff50:   8b 97 48 03 00 00 41 85 02 0f 1f 80 00 00 00 00 


Stack slot to memory mapping:
stack at sp + 0 slots: 0x00000780002ed180 is an unknown value
stack at sp + 1 slots: 0x0 is NULL
stack at sp + 2 slots: 0x00000025716feda8 is pointing into the stack for thread: 0x0000013bcf24f650
stack at sp + 3 slots: 0x00000025716fee38 is pointing into the stack for thread: 0x0000013bcf24f650
stack at sp + 4 slots: 0x0000013bab6e94fe is at code_begin+1118 in an Interpreter codelet
return entry points  [0x0000013bab6e90a0, 0x0000013bab6e9ba0]  2816 bytes
stack at sp + 5 slots: 0x0 is NULL
stack at sp + 6 slots: 0x0 is NULL
stack at sp + 7 slots: 0x000000000012c000 is an unknown value

--------------------------------------------------------------------------------
[Constant Pool (empty)]

--------------------------------------------------------------------------------

[MachCode]
  0x0000013bb336fcc0: 448b 5208 | 49bb 0000 | 0000 0800 | 0000 4d03 | d349 3bc2 | 0f85 a6cd | 3bf8 6690 | 0f1f 4000 
  0x0000013bb336fce0: 8984 2400 | 90ff ff55 | 4883 ec60 | 4c8b da8b | 5a0c 458b | 54dc 2041 | 83fa 030f | 1f44 0000 
  0x0000013bb336fd00: 0f85 5206 | 0000 458b | 54dc 2448 | 8b44 2470 | 8b48 0881 | f940 811b | 000f 856d | 0600 0041 
  0x0000013bb336fd20: 8b6c dc38 | 418b 4cec | 0c4c 8b5c | 2470 85c9 | 0f86 2e06 | 0000 418b | 6cec 100f | 1f44 0000 
  0x0000013bb336fd40: 418b 4cec | 0881 f988 | 771b 000f | 8563 0600 | 0041 8bd1 | 03d6 443b | ca0f 8da1 | 0500 0041 
  0x0000013bb336fd60: 8bc8 03cf | 498d 1cec | c441 796e | d1eb 40c4 | c179 7ec8 | c4c1 797e | d1c5 f97e | c7c5 f97e 
  0x0000013bb336fd80: e644 8b54 | 2404 c5f9 | 7eea 8b4c | 2470 c4e1 | f97e db49 | 8baf 4803 | 0000 c579 | 7ed0 ffc0 
  0x0000013bb336fda0: 8545 003b | c20f 8d55 | 0500 00c5 | 796e d044 | 3bc1 7ddf | 443b 6324 | 0f85 5f05 | 0000 c4e1 
  0x0000013bb336fdc0: f96e db89 | 4c24 70c5 | f96e ea44 | 8954 2404 | c5f9 6ee6 | c5f9 6ec7 | c4c1 796e | d1c4 c179 
  0x0000013bb336fde0: 6ec8 458b | 4330 c4c1 | 796e f847 | 8b54 c40c | c441 797e | d044 0faf | 4424 04c4 | c179 6ef0 
  0x0000013bb336fe00: 448b 731c | 488b 4310 | 418b 5b1c | 458b 4328 | c441 796e | c8c4 c179 | 7ef8 4b8d | 14c4 c5f9 
  0x0000013bb336fe20: 7ecd e948 | 0100 0066 | 0f1f 8400 | 0000 0000 | 448b 5424 | 7844 8bcd | 41d1 e144 | 03cd c5f9 
  0x0000013bb336fe40: 7ef1 4103 | c985 c90f | 8ce7 0100 | 0041 3bce | 0f8d a202 | 0000 418b | 7318 4c63 | c148 8bf8 
  0x0000013bb336fe60: 460f be04 | 073b f30f | 8dd3 0200 | 00c5 797e | cf03 fe44 | 8bee 41ff | c545 896b | 1866 6690 
  0x0000013bb336fe80: 413b fa0f | 831c 0100 | 0044 8844 | 3a10 448b | c141 ffc0 | 4585 c00f | 8cdb 0100 | 0066 6690 
  0x0000013bb336fea0: 453b c60f | 8de7 0200 | 0044 8954 | 2478 4d63 | d04c 8bc0 | 470f be14 | 1044 3beb | 0f1f 4000 
  0x0000013bb336fec0: 0f8d 1203 | 0000 448b | ef41 83c5 | 0344 8bc6 | 4183 c002 | 4589 4318 | 0f1f 8400 | 0000 0000 
  0x0000013bb336fee0: 443b 6c24 | 780f 8301 | 0100 0083 | c102 4c63 | cf46 8854 | 0a11 85c9 | 0f8c be01 | 0000 6690 
  0x0000013bb336ff00: 413b ce0f | 8d1f 0300 | 004c 63d1 | 488b c846 | 0fbe 1411 | 443b c30f | 8d4f 0300 | 0046 8854 
  0x0000013bb336ff20: 0a12 448b | d641 83c2 | 0345 8953 | 1844 3bd3 | 0f8d 8203 | 0000 42c6 | 440a 13ff | 83c6 0441 
  0x0000013bb336ff40: 8973 18ff | c53b 6c24 | 740f 8ce1 | feff ff4d | 8b97 4803 | 0000 4185 | 020f 1f80 | 0000 0000 
  0x0000013bb336ff60: 3b6c 2470 | 0f8d 05fe | ffff 448b | 5424 7844 | 8b44 2470 | 442b c58b | 4c24 7045 | 33c9 3bcd 
  0x0000013bb336ff80: 450f 4cc1 | 4181 f8e8 | 0300 0041 | b9e8 0300 | 0045 0f47 | c144 03c5 | 4489 4424 | 7466 6690 
  0x0000013bb336ffa0: e990 feff | ffba e4ff | ffff c5fa | 114c 2470 | c5fa 1154 | 2474 c5fa | 1144 2478 | c5fa 1124 
  0x0000013bb336ffc0: 24c5 fb11 | 5c24 10c5 | 7a11 5424 | 1844 894c | 241c 4c89 | 5c24 2089 | 7c24 2844 | 8944 242c 
  0x0000013bb336ffe0: c5fa 117c | 2430 90e8 | 1423 3cf8 | ffc7 bae4 | ffff ffc5 | fa11 4c24 | 70c5 fa11 | 5424 74c5 
  0x0000013bb3370000: fa11 4424 | 78c5 fa11 | 2424 c5fb | 115c 2410 | c57a 1154 | 2418 4489 | 4c24 1c4c | 895c 2420 
  0x0000013bb3370020: 897c 2428 | 4489 5424 | 2cc5 fa11 | 7c24 30e8 | cc22 3cf8 | ba45 ffff | ffc5 fa11 | 4c24 70c5 
  0x0000013bb3370040: fa11 5424 | 74c5 fa11 | 4424 78c5 | fa11 2424 | c57a 1154 | 2418 4489 | 4c24 1c4c | 895c 2420 
  0x0000013bb3370060: c5fb 115c | 2428 c5fb | 115c 2430 | 894c 2444 | 6666 90e8 | 8822 3cf8 | ba45 ffff | ffc5 fa11 
  0x0000013bb3370080: 4c24 70c5 | fa11 5424 | 74c5 fa11 | 4424 78c5 | fa11 2424 | c57a 1154 | 2418 4489 | 4c24 1c4c 
  0x0000013bb33700a0: 895c 2420 | c5fb 115c | 2428 c5fb | 115c 2430 | 4489 4424 | 4466 90e8 | 4422 3cf8 | ba45 ffff 
  0x0000013bb33700c0: ffc5 fa11 | 4c24 70c5 | fa11 5424 | 74c5 fa11 | 4424 78c5 | fa11 2424 | c57a 1154 | 2418 4c89 
  0x0000013bb33700e0: 5c24 20c5 | fb11 5c24 | 28c5 fb11 | 5c24 3089 | 4c24 40e8 | 0822 3cf8 | ba45 ffff | ffc5 fa11 
  0x0000013bb3370100: 4c24 70c5 | fa11 5424 | 74c5 fa11 | 4424 78c5 | fa11 2424 | c57a 1154 | 2418 4489 | 4c24 1c4c 
  0x0000013bb3370120: 895c 2420 | c5fb 115c | 2428 c5fb | 115c 2430 | 894c 243c | 4489 7424 | 4066 90e8 | c021 3cf8 
  0x0000013bb3370140: ba45 ffff | ffc5 fa11 | 4c24 70c5 | fa11 5424 | 74c5 fa11 | 4424 78c5 | fa11 2424 | c5fb 115c 
  0x0000013bb3370160: 2410 c57a | 1154 2418 | 4489 4c24 | 1c4c 895c | 2420 4489 | 4424 284c | 895c 2430 | 8974 2440 
  0x0000013bb3370180: 895c 2444 | c5fa 117c | 2448 90e8 | 7021 3cf8 | ba45 ffff | ffc5 fa11 | 4c24 70c5 | fa11 5424 
  0x0000013bb33701a0: 74c5 fa11 | 4424 78c5 | fa11 2424 | c57a 1154 | 2418 4489 | 4c24 1c4c | 895c 2420 | c5fb 115c 
  0x0000013bb33701c0: 2428 c5fb | 115c 2430 | 4489 4424 | 3c44 8974 | 2440 90e8 | 2821 3cf8 | ba45 ffff | ffc5 fa11 
  0x0000013bb33701e0: 4c24 70c5 | fa11 5424 | 74c5 fa11 | 4424 78c5 | fa11 2424 | c5fb 115c | 2410 c57a | 1154 2418 
  0x0000013bb3370200: 4489 4c24 | 1c4c 895c | 2420 4489 | 5424 284c | 895c 2430 | 4489 6c24 | 4089 5c24 | 44c5 fa11 
  0x0000013bb3370220: 7c24 48e8 | d820 3cf8 | ba45 ffff | ffc5 fa11 | 4c24 70c5 | fa11 5424 | 74c5 fa11 | 4424 78c5 
  0x0000013bb3370240: fa11 2424 | c57a 1154 | 2418 4c89 | 5c24 20c5 | fb11 5c24 | 28c5 fb11 | 5c24 3089 | 4c24 3844 
  0x0000013bb3370260: 8974 243c | 6666 90e8 | 9420 3cf8 | ba45 ffff | ffc5 fa11 | 4c24 70c5 | fa11 5424 | 74c5 fa11 
  0x0000013bb3370280: 4424 78c5 | fa11 2424 | c5fb 115c | 2410 c57a | 1154 2418 | 4c89 5c24 | 2044 8954 | 241c 4c89 
  0x0000013bb33702a0: 5c24 2844 | 8944 243c | 895c 2440 | c5fa 117c | 2444 90e8 | 4820 3cf8 | ba45 ffff | ffc5 fa11 
  0x0000013bb33702c0: 4c24 70c5 | fa11 5424 | 74c5 fa11 | 4424 78c5 | fa11 2424 | c5fb 115c | 2410 c57a | 1154 2418 
  0x0000013bb33702e0: 4c89 5c24 | 204c 895c | 2428 4489 | 5424 3889 | 5c24 3cc5 | fa11 7c24 | 4066 90e8 | 0020 3cf8 
  0x0000013bb3370300: 4883 c460 | 5d49 3ba7 | 4003 0000 | 0f87 2a01 | 0000 c3c4 | c179 7ec8 | 448b 5424 | 04ba 76ff 
  0x0000013bb3370320: ffff 4489 | 4c24 7089 | 7c24 7489 | 7424 7844 | 8914 244c | 895c 2408 | 4889 5c24 | 10c5 7a11 
  0x0000013bb3370340: 5424 0444 | 8944 2418 | 4489 4424 | 1c89 4c24 | 2066 90e8 | a81f 3cf8 | ba04 0000 | 0066 90e8 
  0x0000013bb3370360: 9c1f 3cf8 | bae4 ffff | ff44 8944 | 2470 4489 | 4c24 7489 | 7c24 7889 | 3424 4489 | 5424 044c 
  0x0000013bb3370380: 895c 2408 | 6666 90e8 | 741f 3cf8 | bade ffff | ff41 8be8 | 4489 4c24 | 7089 7c24 | 7489 7424 
  0x0000013bb33703a0: 7844 8914 | 244c 895c | 2408 4889 | 4424 18e8 | 4c1f 3cf8 | bade ffff | ff44 8944 | 2470 4489 
  0x0000013bb33703c0: 4c24 7489 | 7c24 7889 | 3424 4489 | 5424 044c | 895c 2408 | 6666 90e8 | 241f 3cf8 | baf6 ffff 
  0x0000013bb33703e0: ff66 90e8 | 181f 3cf8 | baf4 ffff | ff41 8be8 | 4489 4c24 | 7089 7c24 | 7489 7424 | 7844 8914 
  0x0000013bb3370400: 244c 895c | 2408 90e8 | f41e 3cf8 | baf6 ffff | ff66 90e8 | e81e 3cf8 | baf4 ffff | ff41 8be8 
  0x0000013bb3370420: 4489 4c24 | 7089 7c24 | 7489 7424 | 7844 8914 | 244c 895c | 2408 90e8 | c41e 3cf8 | 49ba 0503 
  0x0000013bb3370440: 37b3 3b01 | 0000 4d89 | 9758 0300 | 00e9 ae2f | 3cf8 f4f4 | f4f4 f4f4 | f4f4 f4f4 | f4f4 f4f4 
  0x0000013bb3370460: e99b 613d | f8e8 0000 | 0000 4883 | 2c24 05e9 | 2c22 3cf8 | f4f4 f4f4 
[/MachCode]
--------------------------------------------------------------------------------


---------------  P R O C E S S  ---------------

Threads class SMR info:
_java_thread_list=0x0000013bcf06fe10, length=22, elements={
0x0000013ba26ef680, 0x0000013bc77305a0, 0x0000013bc7731320, 0x0000013bc7742b40,
0x0000013bc7746920, 0x0000013bc77471e0, 0x0000013bc7748ab0, 0x0000013bc77496a0,
0x0000013bc7755d70, 0x0000013bc77596a0, 0x0000013bc771c6c0, 0x0000013bc8c40bf0,
0x0000013bc8d59960, 0x0000013bc8bf5700, 0x0000013bc8f664d0, 0x0000013bc8faf7b0,
0x0000013bc914b360, 0x0000013bc914ae90, 0x0000013bc914b830, 0x0000013bcf24d4a0,
0x0000013bcf24d970, 0x0000013bcf24f650
}

Java Threads: ( => current thread )
  0x0000013ba26ef680 JavaThread "main" [_thread_blocked, id=5176, stack(0x0000002570400000,0x0000002570500000)]
  0x0000013bc77305a0 JavaThread "Reference Handler" daemon [_thread_blocked, id=3276, stack(0x0000002570b00000,0x0000002570c00000)]
  0x0000013bc7731320 JavaThread "Finalizer" daemon [_thread_blocked, id=14016, stack(0x0000002570c00000,0x0000002570d00000)]
  0x0000013bc7742b40 JavaThread "Signal Dispatcher" daemon [_thread_blocked, id=2208, stack(0x0000002570d00000,0x0000002570e00000)]
  0x0000013bc7746920 JavaThread "Attach Listener" daemon [_thread_blocked, id=12476, stack(0x0000002570e00000,0x0000002570f00000)]
  0x0000013bc77471e0 JavaThread "Service Thread" daemon [_thread_blocked, id=10964, stack(0x0000002570f00000,0x0000002571000000)]
  0x0000013bc7748ab0 JavaThread "Monitor Deflation Thread" daemon [_thread_blocked, id=13436, stack(0x0000002571000000,0x0000002571100000)]
  0x0000013bc77496a0 JavaThread "C2 CompilerThread0" daemon [_thread_blocked, id=1052, stack(0x0000002571100000,0x0000002571200000)]
  0x0000013bc7755d70 JavaThread "C1 CompilerThread0" daemon [_thread_blocked, id=13088, stack(0x0000002571200000,0x0000002571300000)]
  0x0000013bc77596a0 JavaThread "Sweeper thread" daemon [_thread_blocked, id=11068, stack(0x0000002571300000,0x0000002571400000)]
  0x0000013bc771c6c0 JavaThread "Common-Cleaner" daemon [_thread_blocked, id=10336, stack(0x0000002571400000,0x0000002571500000)]
  0x0000013bc8c40bf0 JavaThread "Monitor Ctrl-Break" daemon [_thread_in_native, id=11316, stack(0x0000002571700000,0x0000002571800000)]
  0x0000013bc8d59960 JavaThread "Notification Thread" daemon [_thread_blocked, id=12136, stack(0x0000002571800000,0x0000002571900000)]
  0x0000013bc8bf5700 JavaThread "QuantumRenderer-0" daemon [_thread_in_native, id=3260, stack(0x0000002571a00000,0x0000002571b00000)]
  0x0000013bc8f664d0 JavaThread "InvokeLaterDispatcher" daemon [_thread_blocked, id=11840, stack(0x0000002571b00000,0x0000002571c00000)]
  0x0000013bc8faf7b0 JavaThread "JavaFX Application Thread" [_thread_blocked, id=1044, stack(0x0000002572100000,0x0000002572200000)]
  0x0000013bc914b360 JavaThread "JavaFX-Launcher" [_thread_blocked, id=13520, stack(0x0000002572600000,0x0000002572700000)]
  0x0000013bc914ae90 JavaThread "Thread-2" daemon [_thread_in_native, id=9984, stack(0x0000002572500000,0x0000002572600000)]
  0x0000013bc914b830 JavaThread "Prism Font Disposer" daemon [_thread_blocked, id=1848, stack(0x0000002572800000,0x0000002572900000)]
  0x0000013bcf24d4a0 JavaThread "Cleaner-0" daemon [_thread_blocked, id=6212, stack(0x0000002571500000,0x0000002571600000)]
  0x0000013bcf24d970 JavaThread "JavaCPP Deallocator" daemon [_thread_blocked, id=7200, stack(0x0000002572d00000,0x0000002572e00000)]
=>0x0000013bcf24f650 JavaThread "Thread-5" [_thread_in_Java, id=13908, stack(0x0000002571600000,0x0000002571700000)]

Other Threads:
  0x0000013bc772ba80 VMThread "VM Thread" [stack: 0x0000002570a00000,0x0000002570b00000] [id=2152]
  0x0000013ba27586d0 WatcherThread [stack: 0x0000002571900000,0x0000002571a00000] [id=2936]
  0x0000013ba273f5e0 GCTaskThread "GC Thread#0" [stack: 0x0000002570500000,0x0000002570600000] [id=7284]
  0x0000013bc8d2d700 GCTaskThread "GC Thread#1" [stack: 0x0000002571c00000,0x0000002571d00000] [id=10896]
  0x0000013bc8f8b1e0 GCTaskThread "GC Thread#2" [stack: 0x0000002571d00000,0x0000002571e00000] [id=13220]
  0x0000013bc8f8b8a0 GCTaskThread "GC Thread#3" [stack: 0x0000002571e00000,0x0000002571f00000] [id=3416]
  0x0000013bc8f8bb50 GCTaskThread "GC Thread#4" [stack: 0x0000002571f00000,0x0000002572000000] [id=11420]
  0x0000013bc8f8cc20 GCTaskThread "GC Thread#5" [stack: 0x0000002572000000,0x0000002572100000] [id=3732]
  0x0000013bc97898f0 GCTaskThread "GC Thread#6" [stack: 0x0000002572700000,0x0000002572800000] [id=13812]
  0x0000013bcf5a33e0 GCTaskThread "GC Thread#7" [stack: 0x0000002572f00000,0x0000002573000000] [id=13840]
  0x0000013bcf5a1e60 GCTaskThread "GC Thread#8" [stack: 0x0000002574300000,0x0000002574400000] [id=1684]
  0x0000013bd0f920c0 GCTaskThread "GC Thread#9" [stack: 0x0000002574400000,0x0000002574500000] [id=10792]
  0x0000013ba2750230 ConcurrentGCThread "G1 Main Marker" [stack: 0x0000002570600000,0x0000002570700000] [id=13928]
  0x0000013ba2750b50 ConcurrentGCThread "G1 Conc#0" [stack: 0x0000002570700000,0x0000002570800000] [id=4172]
  0x0000013ba27ae8e0 ConcurrentGCThread "G1 Refine#0" [stack: 0x0000002570800000,0x0000002570900000] [id=8968]
  0x0000013bc75e5350 ConcurrentGCThread "G1 Service" [stack: 0x0000002570900000,0x0000002570a00000] [id=13944]

Threads with active compile tasks:

VM state: not at safepoint (normal execution)

VM Mutex/Monitor currently owned by a thread: None

Heap address: 0x0000000702000000, size: 4064 MB, Compressed Oops mode: Zero based, Oop shift amount: 3

CDS archive(s) mapped at: [0x0000000800000000-0x0000000800bc0000-0x0000000800bc0000), size 12320768, SharedBaseAddress: 0x0000000800000000, ArchiveRelocationMode: 0.
Compressed class space mapped at: 0x0000000800c00000-0x0000000840c00000, reserved size: 1073741824
Narrow klass base: 0x0000000800000000, Narrow klass shift: 0, Narrow klass range: 0x100000000

GC Precious Log:
 CPUs: 12 total, 12 available
 Memory: 16255M
 Large Page Support: Disabled
 NUMA Support: Disabled
 Compressed Oops: Enabled (Zero based)
 Heap Region Size: 2M
 Heap Min Capacity: 8M
 Heap Initial Capacity: 254M
 Heap Max Capacity: 4064M
 Pre-touch: Disabled
 Parallel Workers: 10
 Concurrent Workers: 3
 Concurrent Refinement Workers: 10
 Periodic GC: Disabled

Heap:
 garbage-first heap   total 260096K, used 74610K [0x0000000702000000, 0x0000000800000000)
  region size 2048K, 20 young (40960K), 5 survivors (10240K)
 Metaspace       used 19934K, committed 20224K, reserved 1073152K
  class space    used 2625K, committed 2752K, reserved 1048576K

Heap Regions: E=young(eden), S=young(survivor), O=old, HS=humongous(starts), HC=humongous(continues), CS=collection set, F=free, OA=open archive, CA=closed archive, TAMS=top-at-mark-start (previous, next)
|   0|0x0000000702000000, 0x0000000702200000, 0x0000000702200000|100%| O|  |TAMS 0x0000000702000000, 0x0000000702200000| Untracked 
|   1|0x0000000702200000, 0x0000000702400000, 0x0000000702400000|100%| O|  |TAMS 0x0000000702200000, 0x0000000702400000| Untracked 
|   2|0x0000000702400000, 0x0000000702600000, 0x0000000702600000|100%| O|  |TAMS 0x0000000702400000, 0x0000000702600000| Untracked 
|   3|0x0000000702600000, 0x0000000702694a00, 0x0000000702800000| 29%| O|  |TAMS 0x0000000702600000, 0x0000000702694a00| Untracked 
|   4|0x0000000702800000, 0x0000000702a00000, 0x0000000702a00000|100%|HS|  |TAMS 0x0000000702800000, 0x0000000702a00000| Complete 
|   5|0x0000000702a00000, 0x0000000702c00000, 0x0000000702c00000|100%|HS|  |TAMS 0x0000000702a00000, 0x0000000702a00000| Complete 
|   6|0x0000000702c00000, 0x0000000702e00000, 0x0000000702e00000|100%|HS|  |TAMS 0x0000000702c00000, 0x0000000702c00000| Complete 
|   7|0x0000000702e00000, 0x0000000703000000, 0x0000000703000000|100%|HS|  |TAMS 0x0000000702e00000, 0x0000000702e00000| Complete 
|   8|0x0000000703000000, 0x0000000703200000, 0x0000000703200000|100%|HS|  |TAMS 0x0000000703000000, 0x0000000703000000| Complete 
|   9|0x0000000703200000, 0x0000000703400000, 0x0000000703400000|100%|HS|  |TAMS 0x0000000703200000, 0x0000000703200000| Complete 
|  10|0x0000000703400000, 0x0000000703600000, 0x0000000703600000|100%|HS|  |TAMS 0x0000000703400000, 0x0000000703400000| Complete 
|  11|0x0000000703600000, 0x0000000703800000, 0x0000000703800000|100%|HS|  |TAMS 0x0000000703600000, 0x0000000703600000| Complete 
|  12|0x0000000703800000, 0x0000000703a00000, 0x0000000703a00000|100%|HS|  |TAMS 0x0000000703800000, 0x0000000703800000| Complete 
|  13|0x0000000703a00000, 0x0000000703c00000, 0x0000000703c00000|100%|HS|  |TAMS 0x0000000703a00000, 0x0000000703a00000| Complete 
|  14|0x0000000703c00000, 0x0000000703e00000, 0x0000000703e00000|100%|HS|  |TAMS 0x0000000703c00000, 0x0000000703c00000| Complete 
|  15|0x0000000703e00000, 0x0000000704000000, 0x0000000704000000|100%|HS|  |TAMS 0x0000000703e00000, 0x0000000703e00000| Complete 
|  16|0x0000000704000000, 0x0000000704200000, 0x0000000704200000|100%|HS|  |TAMS 0x0000000704000000, 0x0000000704000000| Complete 
|  17|0x0000000704200000, 0x0000000704400000, 0x0000000704400000|100%|HS|  |TAMS 0x0000000704200000, 0x0000000704200000| Complete 
|  18|0x0000000704400000, 0x0000000704600000, 0x0000000704600000|100%|HS|  |TAMS 0x0000000704400000, 0x0000000704400000| Complete 
|  19|0x0000000704600000, 0x0000000704800000, 0x0000000704800000|100%|HS|  |TAMS 0x0000000704600000, 0x0000000704600000| Complete 
|  20|0x0000000704800000, 0x0000000704800000, 0x0000000704a00000|  0%| F|  |TAMS 0x0000000704800000, 0x0000000704800000| Untracked 
|  21|0x0000000704a00000, 0x0000000704a00000, 0x0000000704c00000|  0%| F|  |TAMS 0x0000000704a00000, 0x0000000704a00000| Untracked 
|  22|0x0000000704c00000, 0x0000000704c00000, 0x0000000704e00000|  0%| F|  |TAMS 0x0000000704c00000, 0x0000000704c00000| Untracked 
|  23|0x0000000704e00000, 0x0000000704e00000, 0x0000000705000000|  0%| F|  |TAMS 0x0000000704e00000, 0x0000000704e00000| Untracked 
|  24|0x0000000705000000, 0x0000000705000000, 0x0000000705200000|  0%| F|  |TAMS 0x0000000705000000, 0x0000000705000000| Untracked 
|  25|0x0000000705200000, 0x0000000705200000, 0x0000000705400000|  0%| F|  |TAMS 0x0000000705200000, 0x0000000705200000| Untracked 
|  26|0x0000000705400000, 0x0000000705400000, 0x0000000705600000|  0%| F|  |TAMS 0x0000000705400000, 0x0000000705400000| Untracked 
|  27|0x0000000705600000, 0x0000000705600000, 0x0000000705800000|  0%| F|  |TAMS 0x0000000705600000, 0x0000000705600000| Untracked 
|  28|0x0000000705800000, 0x0000000705800000, 0x0000000705a00000|  0%| F|  |TAMS 0x0000000705800000, 0x0000000705800000| Untracked 
|  29|0x0000000705a00000, 0x0000000705a00000, 0x0000000705c00000|  0%| F|  |TAMS 0x0000000705a00000, 0x0000000705a00000| Untracked 
|  30|0x0000000705c00000, 0x0000000705c00000, 0x0000000705e00000|  0%| F|  |TAMS 0x0000000705c00000, 0x0000000705c00000| Untracked 
|  31|0x0000000705e00000, 0x0000000705e00000, 0x0000000706000000|  0%| F|  |TAMS 0x0000000705e00000, 0x0000000705e00000| Untracked 
|  32|0x0000000706000000, 0x0000000706000000, 0x0000000706200000|  0%| F|  |TAMS 0x0000000706000000, 0x0000000706000000| Untracked 
|  33|0x0000000706200000, 0x0000000706200000, 0x0000000706400000|  0%| F|  |TAMS 0x0000000706200000, 0x0000000706200000| Untracked 
|  34|0x0000000706400000, 0x0000000706400000, 0x0000000706600000|  0%| F|  |TAMS 0x0000000706400000, 0x0000000706400000| Untracked 
|  35|0x0000000706600000, 0x0000000706600000, 0x0000000706800000|  0%| F|  |TAMS 0x0000000706600000, 0x0000000706600000| Untracked 
|  36|0x0000000706800000, 0x0000000706800000, 0x0000000706a00000|  0%| F|  |TAMS 0x0000000706800000, 0x0000000706800000| Untracked 
|  37|0x0000000706a00000, 0x0000000706a00000, 0x0000000706c00000|  0%| F|  |TAMS 0x0000000706a00000, 0x0000000706a00000| Untracked 
|  38|0x0000000706c00000, 0x0000000706c00000, 0x0000000706e00000|  0%| F|  |TAMS 0x0000000706c00000, 0x0000000706c00000| Untracked 
|  39|0x0000000706e00000, 0x0000000706e00000, 0x0000000707000000|  0%| F|  |TAMS 0x0000000706e00000, 0x0000000706e00000| Untracked 
|  40|0x0000000707000000, 0x0000000707000000, 0x0000000707200000|  0%| F|  |TAMS 0x0000000707000000, 0x0000000707000000| Untracked 
|  41|0x0000000707200000, 0x0000000707200000, 0x0000000707400000|  0%| F|  |TAMS 0x0000000707200000, 0x0000000707200000| Untracked 
|  42|0x0000000707400000, 0x0000000707400000, 0x0000000707600000|  0%| F|  |TAMS 0x0000000707400000, 0x0000000707400000| Untracked 
|  43|0x0000000707600000, 0x0000000707600000, 0x0000000707800000|  0%| F|  |TAMS 0x0000000707600000, 0x0000000707600000| Untracked 
|  44|0x0000000707800000, 0x0000000707800000, 0x0000000707a00000|  0%| F|  |TAMS 0x0000000707800000, 0x0000000707800000| Untracked 
|  45|0x0000000707a00000, 0x0000000707a00000, 0x0000000707c00000|  0%| F|  |TAMS 0x0000000707a00000, 0x0000000707a00000| Untracked 
|  46|0x0000000707c00000, 0x0000000707c00000, 0x0000000707e00000|  0%| F|  |TAMS 0x0000000707c00000, 0x0000000707c00000| Untracked 
|  47|0x0000000707e00000, 0x0000000707e00000, 0x0000000708000000|  0%| F|  |TAMS 0x0000000707e00000, 0x0000000707e00000| Untracked 
|  48|0x0000000708000000, 0x0000000708000000, 0x0000000708200000|  0%| F|  |TAMS 0x0000000708000000, 0x0000000708000000| Untracked 
|  49|0x0000000708200000, 0x0000000708200000, 0x0000000708400000|  0%| F|  |TAMS 0x0000000708200000, 0x0000000708200000| Untracked 
|  50|0x0000000708400000, 0x0000000708400000, 0x0000000708600000|  0%| F|  |TAMS 0x0000000708400000, 0x0000000708400000| Untracked 
|  51|0x0000000708600000, 0x0000000708600000, 0x0000000708800000|  0%| F|  |TAMS 0x0000000708600000, 0x0000000708600000| Untracked 
|  52|0x0000000708800000, 0x0000000708800000, 0x0000000708a00000|  0%| F|  |TAMS 0x0000000708800000, 0x0000000708800000| Untracked 
|  53|0x0000000708a00000, 0x0000000708a00000, 0x0000000708c00000|  0%| F|  |TAMS 0x0000000708a00000, 0x0000000708a00000| Untracked 
|  54|0x0000000708c00000, 0x0000000708c00000, 0x0000000708e00000|  0%| F|  |TAMS 0x0000000708c00000, 0x0000000708c00000| Untracked 
|  55|0x0000000708e00000, 0x0000000708e00000, 0x0000000709000000|  0%| F|  |TAMS 0x0000000708e00000, 0x0000000708e00000| Untracked 
|  56|0x0000000709000000, 0x0000000709000000, 0x0000000709200000|  0%| F|  |TAMS 0x0000000709000000, 0x0000000709000000| Untracked 
|  57|0x0000000709200000, 0x0000000709200000, 0x0000000709400000|  0%| F|  |TAMS 0x0000000709200000, 0x0000000709200000| Untracked 
|  58|0x0000000709400000, 0x0000000709400000, 0x0000000709600000|  0%| F|  |TAMS 0x0000000709400000, 0x0000000709400000| Untracked 
|  59|0x0000000709600000, 0x0000000709600000, 0x0000000709800000|  0%| F|  |TAMS 0x0000000709600000, 0x0000000709600000| Untracked 
|  60|0x0000000709800000, 0x0000000709800000, 0x0000000709a00000|  0%| F|  |TAMS 0x0000000709800000, 0x0000000709800000| Untracked 
|  61|0x0000000709a00000, 0x0000000709a00000, 0x0000000709c00000|  0%| F|  |TAMS 0x0000000709a00000, 0x0000000709a00000| Untracked 
|  62|0x0000000709c00000, 0x0000000709c00000, 0x0000000709e00000|  0%| F|  |TAMS 0x0000000709c00000, 0x0000000709c00000| Untracked 
|  63|0x0000000709e00000, 0x0000000709e00000, 0x000000070a000000|  0%| F|  |TAMS 0x0000000709e00000, 0x0000000709e00000| Untracked 
|  64|0x000000070a000000, 0x000000070a000000, 0x000000070a200000|  0%| F|  |TAMS 0x000000070a000000, 0x000000070a000000| Untracked 
|  65|0x000000070a200000, 0x000000070a200000, 0x000000070a400000|  0%| F|  |TAMS 0x000000070a200000, 0x000000070a200000| Untracked 
|  66|0x000000070a400000, 0x000000070a400000, 0x000000070a600000|  0%| F|  |TAMS 0x000000070a400000, 0x000000070a400000| Untracked 
|  67|0x000000070a600000, 0x000000070a600000, 0x000000070a800000|  0%| F|  |TAMS 0x000000070a600000, 0x000000070a600000| Untracked 
|  68|0x000000070a800000, 0x000000070a800000, 0x000000070aa00000|  0%| F|  |TAMS 0x000000070a800000, 0x000000070a800000| Untracked 
|  69|0x000000070aa00000, 0x000000070aa48130, 0x000000070ac00000| 14%| S|CS|TAMS 0x000000070aa00000, 0x000000070aa00000| Complete 
|  70|0x000000070ac00000, 0x000000070ae00000, 0x000000070ae00000|100%| S|CS|TAMS 0x000000070ac00000, 0x000000070ac00000| Complete 
|  71|0x000000070ae00000, 0x000000070b000000, 0x000000070b000000|100%| S|CS|TAMS 0x000000070ae00000, 0x000000070ae00000| Complete 
|  72|0x000000070b000000, 0x000000070b200000, 0x000000070b200000|100%| S|CS|TAMS 0x000000070b000000, 0x000000070b000000| Complete 
|  73|0x000000070b200000, 0x000000070b400000, 0x000000070b400000|100%| S|CS|TAMS 0x000000070b200000, 0x000000070b200000| Complete 
|  74|0x000000070b400000, 0x000000070b400000, 0x000000070b600000|  0%| F|  |TAMS 0x000000070b400000, 0x000000070b400000| Untracked 
|  75|0x000000070b600000, 0x000000070b600000, 0x000000070b800000|  0%| F|  |TAMS 0x000000070b600000, 0x000000070b600000| Untracked 
|  76|0x000000070b800000, 0x000000070b800000, 0x000000070ba00000|  0%| F|  |TAMS 0x000000070b800000, 0x000000070b800000| Untracked 
|  77|0x000000070ba00000, 0x000000070ba00000, 0x000000070bc00000|  0%| F|  |TAMS 0x000000070ba00000, 0x000000070ba00000| Untracked 
|  78|0x000000070bc00000, 0x000000070bc00000, 0x000000070be00000|  0%| F|  |TAMS 0x000000070bc00000, 0x000000070bc00000| Untracked 
|  79|0x000000070be00000, 0x000000070be00000, 0x000000070c000000|  0%| F|  |TAMS 0x000000070be00000, 0x000000070be00000| Untracked 
|  80|0x000000070c000000, 0x000000070c000000, 0x000000070c200000|  0%| F|  |TAMS 0x000000070c000000, 0x000000070c000000| Untracked 
|  81|0x000000070c200000, 0x000000070c200000, 0x000000070c400000|  0%| F|  |TAMS 0x000000070c200000, 0x000000070c200000| Untracked 
|  82|0x000000070c400000, 0x000000070c400000, 0x000000070c600000|  0%| F|  |TAMS 0x000000070c400000, 0x000000070c400000| Untracked 
|  83|0x000000070c600000, 0x000000070c600000, 0x000000070c800000|  0%| F|  |TAMS 0x000000070c600000, 0x000000070c600000| Untracked 
|  84|0x000000070c800000, 0x000000070c800000, 0x000000070ca00000|  0%| F|  |TAMS 0x000000070c800000, 0x000000070c800000| Untracked 
|  85|0x000000070ca00000, 0x000000070ca00000, 0x000000070cc00000|  0%| F|  |TAMS 0x000000070ca00000, 0x000000070ca00000| Untracked 
|  86|0x000000070cc00000, 0x000000070cc00000, 0x000000070ce00000|  0%| F|  |TAMS 0x000000070cc00000, 0x000000070cc00000| Untracked 
|  87|0x000000070ce00000, 0x000000070ce00000, 0x000000070d000000|  0%| F|  |TAMS 0x000000070ce00000, 0x000000070ce00000| Untracked 
|  88|0x000000070d000000, 0x000000070d000000, 0x000000070d200000|  0%| F|  |TAMS 0x000000070d000000, 0x000000070d000000| Untracked 
|  89|0x000000070d200000, 0x000000070d200000, 0x000000070d400000|  0%| F|  |TAMS 0x000000070d200000, 0x000000070d200000| Untracked 
|  90|0x000000070d400000, 0x000000070d400000, 0x000000070d600000|  0%| F|  |TAMS 0x000000070d400000, 0x000000070d400000| Untracked 
|  91|0x000000070d600000, 0x000000070d600000, 0x000000070d800000|  0%| F|  |TAMS 0x000000070d600000, 0x000000070d600000| Untracked 
|  92|0x000000070d800000, 0x000000070d800000, 0x000000070da00000|  0%| F|  |TAMS 0x000000070d800000, 0x000000070d800000| Untracked 
|  93|0x000000070da00000, 0x000000070da00000, 0x000000070dc00000|  0%| F|  |TAMS 0x000000070da00000, 0x000000070da00000| Untracked 
|  94|0x000000070dc00000, 0x000000070dc00000, 0x000000070de00000|  0%| F|  |TAMS 0x000000070dc00000, 0x000000070dc00000| Untracked 
|  95|0x000000070de00000, 0x000000070de00000, 0x000000070e000000|  0%| F|  |TAMS 0x000000070de00000, 0x000000070de00000| Untracked 
|  96|0x000000070e000000, 0x000000070e000000, 0x000000070e200000|  0%| F|  |TAMS 0x000000070e000000, 0x000000070e000000| Untracked 
|  97|0x000000070e200000, 0x000000070e200000, 0x000000070e400000|  0%| F|  |TAMS 0x000000070e200000, 0x000000070e200000| Untracked 
|  98|0x000000070e400000, 0x000000070e400000, 0x000000070e600000|  0%| F|  |TAMS 0x000000070e400000, 0x000000070e400000| Untracked 
|  99|0x000000070e600000, 0x000000070e600000, 0x000000070e800000|  0%| F|  |TAMS 0x000000070e600000, 0x000000070e600000| Untracked 
| 100|0x000000070e800000, 0x000000070e800000, 0x000000070ea00000|  0%| F|  |TAMS 0x000000070e800000, 0x000000070e800000| Untracked 
| 101|0x000000070ea00000, 0x000000070ea00000, 0x000000070ec00000|  0%| F|  |TAMS 0x000000070ea00000, 0x000000070ea00000| Untracked 
| 102|0x000000070ec00000, 0x000000070ec00000, 0x000000070ee00000|  0%| F|  |TAMS 0x000000070ec00000, 0x000000070ec00000| Untracked 
| 103|0x000000070ee00000, 0x000000070ee00000, 0x000000070f000000|  0%| F|  |TAMS 0x000000070ee00000, 0x000000070ee00000| Untracked 
| 104|0x000000070f000000, 0x000000070f000000, 0x000000070f200000|  0%| F|  |TAMS 0x000000070f000000, 0x000000070f000000| Untracked 
| 105|0x000000070f200000, 0x000000070f200000, 0x000000070f400000|  0%| F|  |TAMS 0x000000070f200000, 0x000000070f200000| Untracked 
| 106|0x000000070f400000, 0x000000070f400000, 0x000000070f600000|  0%| F|  |TAMS 0x000000070f400000, 0x000000070f400000| Untracked 
| 107|0x000000070f600000, 0x000000070f600000, 0x000000070f800000|  0%| F|  |TAMS 0x000000070f600000, 0x000000070f600000| Untracked 
| 108|0x000000070f800000, 0x000000070f800000, 0x000000070fa00000|  0%| F|  |TAMS 0x000000070f800000, 0x000000070f800000| Untracked 
| 109|0x000000070fa00000, 0x000000070fa00000, 0x000000070fc00000|  0%| F|  |TAMS 0x000000070fa00000, 0x000000070fa00000| Untracked 
| 110|0x000000070fc00000, 0x000000070fc00000, 0x000000070fe00000|  0%| F|  |TAMS 0x000000070fc00000, 0x000000070fc00000| Untracked 
| 111|0x000000070fe00000, 0x000000070fe00000, 0x0000000710000000|  0%| F|  |TAMS 0x000000070fe00000, 0x000000070fe00000| Untracked 
| 112|0x0000000710000000, 0x00000007100e1010, 0x0000000710200000| 43%| E|  |TAMS 0x0000000710000000, 0x0000000710000000| Complete 
| 113|0x0000000710200000, 0x00000007103c2020, 0x0000000710400000| 87%| E|  |TAMS 0x0000000710200000, 0x0000000710200000| Complete 
| 114|0x0000000710400000, 0x0000000710600000, 0x0000000710600000|100%| E|CS|TAMS 0x0000000710400000, 0x0000000710400000| Complete 
| 115|0x0000000710600000, 0x0000000710800000, 0x0000000710800000|100%| E|CS|TAMS 0x0000000710600000, 0x0000000710600000| Complete 
| 116|0x0000000710800000, 0x0000000710a00000, 0x0000000710a00000|100%| E|CS|TAMS 0x0000000710800000, 0x0000000710800000| Complete 
| 117|0x0000000710a00000, 0x0000000710c00000, 0x0000000710c00000|100%| E|CS|TAMS 0x0000000710a00000, 0x0000000710a00000| Complete 
| 118|0x0000000710c00000, 0x0000000710e00000, 0x0000000710e00000|100%| E|CS|TAMS 0x0000000710c00000, 0x0000000710c00000| Complete 
| 119|0x0000000710e00000, 0x0000000711000000, 0x0000000711000000|100%| E|CS|TAMS 0x0000000710e00000, 0x0000000710e00000| Complete 
| 120|0x0000000711000000, 0x0000000711200000, 0x0000000711200000|100%| E|CS|TAMS 0x0000000711000000, 0x0000000711000000| Complete 
| 121|0x0000000711200000, 0x0000000711400000, 0x0000000711400000|100%| E|CS|TAMS 0x0000000711200000, 0x0000000711200000| Complete 
| 122|0x0000000711400000, 0x0000000711600000, 0x0000000711600000|100%| E|CS|TAMS 0x0000000711400000, 0x0000000711400000| Complete 
| 123|0x0000000711600000, 0x0000000711800000, 0x0000000711800000|100%| E|CS|TAMS 0x0000000711600000, 0x0000000711600000| Complete 
| 124|0x0000000711800000, 0x0000000711a00000, 0x0000000711a00000|100%| E|CS|TAMS 0x0000000711800000, 0x0000000711800000| Complete 
| 125|0x0000000711a00000, 0x0000000711c00000, 0x0000000711c00000|100%| E|CS|TAMS 0x0000000711a00000, 0x0000000711a00000| Complete 
| 126|0x0000000711c00000, 0x0000000711e00000, 0x0000000711e00000|100%| E|CS|TAMS 0x0000000711c00000, 0x0000000711c00000| Complete 

Card table byte_map: [0x0000013bbbb50000,0x0000013bbc340000] _byte_map_base: 0x0000013bb8340000

Marking Bits (Prev, Next): (CMBitMap*) 0x0000013ba273fb00, (CMBitMap*) 0x0000013ba273fb40
 Prev Bits: [0x0000013bbcb30000, 0x0000013bc0ab0000)
 Next Bits: [0x0000013bc0ab0000, 0x0000013bc4a30000)

Polling page: 0x0000013ba27b0000

Metaspace:

Usage:
  Non-class:     16.90 MB used.
      Class:      2.56 MB used.
       Both:     19.47 MB used.

Virtual space:
  Non-class space:       24.00 MB reserved,      17.06 MB ( 71%) committed,  3 nodes.
      Class space:        1.00 GB reserved,       2.69 MB ( <1%) committed,  1 nodes.
             Both:        1.02 GB reserved,      19.75 MB (  2%) committed. 

Chunk freelists:
   Non-Class:  2.66 MB
       Class:  1.30 MB
        Both:  3.95 MB

MaxMetaspaceSize: unlimited
CompressedClassSpaceSize: 1.00 GB
Initial GC threshold: 21.00 MB
Current GC threshold: 21.00 MB
CDS: on
MetaspaceReclaimPolicy: balanced
 - commit_granule_bytes: 65536.
 - commit_granule_words: 8192.
 - virtual_space_node_default_size: 1048576.
 - enlarge_chunks_in_place: 1.
 - new_chunks_are_fully_committed: 0.
 - uncommit_free_chunks: 1.
 - use_allocation_guard: 0.
 - handle_deallocations: 1.


Internal statistics:

num_allocs_failed_limit: 0.
num_arena_births: 264.
num_arena_deaths: 0.
num_vsnodes_births: 4.
num_vsnodes_deaths: 0.
num_space_committed: 316.
num_space_uncommitted: 0.
num_chunks_returned_to_freelist: 0.
num_chunks_taken_from_freelist: 923.
num_chunk_merges: 0.
num_chunk_splits: 639.
num_chunks_enlarged: 503.
num_purges: 0.
num_inconsistent_stats: 0.

CodeHeap 'non-profiled nmethods': size=120000Kb used=2237Kb max_used=2237Kb free=117762Kb
 bounds [0x0000013bb31b0000, 0x0000013bb3420000, 0x0000013bba6e0000]
CodeHeap 'profiled nmethods': size=120000Kb used=9145Kb max_used=9145Kb free=110854Kb
 bounds [0x0000013babc80000, 0x0000013bac570000, 0x0000013bb31b0000]
CodeHeap 'non-nmethods': size=5760Kb used=1620Kb max_used=1650Kb free=4139Kb
 bounds [0x0000013bab6e0000, 0x0000013bab950000, 0x0000013babc80000]
 total_blobs=5342 nmethods=4297 adapters=957
 compilation: enabled
              stopped_count=0, restarted_count=0
 full_count=0

Compilation events (20 events):
Event: 22.073 Thread 0x0000013bc7755d70 4246       3       javafx.scene.image.Image::heightPropertyImpl (26 bytes)
Event: 22.073 Thread 0x0000013bc7755d70 nmethod 4246 0x0000013bac53f710 code [0x0000013bac53f8e0, 0x0000013bac53fe18]
Event: 22.073 Thread 0x0000013bc7755d70 4247       3       javafx.scene.image.Image$DoublePropertyImpl::fireValueChangedEvent (5 bytes)
Event: 22.073 Thread 0x0000013bc7755d70 nmethod 4247 0x0000013bac53ff90 code [0x0000013bac540140, 0x0000013bac540408]
Event: 22.172 Thread 0x0000013bc7755d70 4248       3       javafx.scene.image.Image::setPlatformImageWH (107 bytes)
Event: 22.173 Thread 0x0000013bc7755d70 nmethod 4248 0x0000013bac540510 code [0x0000013bac540840, 0x0000013bac541c88]
Event: 22.173 Thread 0x0000013bc7755d70 4249       3       javafx.scene.image.Image$ObjectPropertyImpl::fireValueChangedEvent (5 bytes)
Event: 22.173 Thread 0x0000013bc7755d70 nmethod 4249 0x0000013bac542410 code [0x0000013bac5425c0, 0x0000013bac542888]
Event: 22.173 Thread 0x0000013bc7755d70 4250       3       javafx.scene.image.Image::progressPropertyImpl (26 bytes)
Event: 22.173 Thread 0x0000013bc7755d70 nmethod 4250 0x0000013bac542990 code [0x0000013bac542b80, 0x0000013bac543198]
Event: 22.173 Thread 0x0000013bc7755d70 4251       3       javafx.beans.property.ReadOnlyDoubleWrapper::<init> (7 bytes)
Event: 22.174 Thread 0x0000013bc7755d70 nmethod 4251 0x0000013bac543390 code [0x0000013bac543560, 0x0000013bac543ab8]
Event: 22.174 Thread 0x0000013bc7755d70 4252       3       javafx.scene.image.Image::getProgress (19 bytes)
Event: 22.174 Thread 0x0000013bc7755d70 nmethod 4252 0x0000013bac543c90 code [0x0000013bac543e60, 0x0000013bac544228]
Event: 22.216 Thread 0x0000013bc7755d70 4253       3       com.sun.javafx.css.PseudoClassState::cast (6 bytes)
Event: 22.216 Thread 0x0000013bc7755d70 nmethod 4253 0x0000013bac544310 code [0x0000013bac5444c0, 0x0000013bac544828]
Event: 22.216 Thread 0x0000013bc7755d70 4255       3       javafx.beans.property.ReadOnlyObjectPropertyBase::<init> (5 bytes)
Event: 22.216 Thread 0x0000013bc7755d70 nmethod 4255 0x0000013bac544990 code [0x0000013bac544b40, 0x0000013bac544d78]
Event: 22.216 Thread 0x0000013bc7755d70 4254       3       com.sun.javafx.css.PseudoClassState::cast (21 bytes)
Event: 22.216 Thread 0x0000013bc7755d70 nmethod 4254 0x0000013bac544e90 code [0x0000013bac545040, 0x0000013bac545348]

GC Heap History (12 events):
Event: 0.531 GC heap before
{Heap before GC invocations=0 (full 0):
 garbage-first heap   total 260096K, used 20480K [0x0000000702000000, 0x0000000800000000)
  region size 2048K, 11 young (22528K), 0 survivors (0K)
 Metaspace       used 2843K, committed 3008K, reserved 1056768K
  class space    used 284K, committed 384K, reserved 1048576K
}
Event: 0.534 GC heap after
{Heap after GC invocations=1 (full 0):
 garbage-first heap   total 260096K, used 6789K [0x0000000702000000, 0x0000000800000000)
  region size 2048K, 2 young (4096K), 2 survivors (4096K)
 Metaspace       used 2843K, committed 3008K, reserved 1056768K
  class space    used 284K, committed 384K, reserved 1048576K
}
Event: 0.835 GC heap before
{Heap before GC invocations=1 (full 0):
 garbage-first heap   total 260096K, used 29317K [0x0000000702000000, 0x0000000800000000)
  region size 2048K, 14 young (28672K), 2 survivors (4096K)
 Metaspace       used 8558K, committed 8768K, reserved 1064960K
  class space    used 1154K, committed 1280K, reserved 1048576K
}
Event: 0.839 GC heap after
{Heap after GC invocations=2 (full 0):
 garbage-first heap   total 260096K, used 9834K [0x0000000702000000, 0x0000000800000000)
  region size 2048K, 2 young (4096K), 2 survivors (4096K)
 Metaspace       used 8558K, committed 8768K, reserved 1064960K
  class space    used 1154K, committed 1280K, reserved 1048576K
}
Event: 7.468 GC heap before
{Heap before GC invocations=2 (full 0):
 garbage-first heap   total 260096K, used 200298K [0x0000000702000000, 0x0000000800000000)
  region size 2048K, 72 young (147456K), 2 survivors (4096K)
 Metaspace       used 19501K, committed 19776K, reserved 1073152K
  class space    used 2620K, committed 2752K, reserved 1048576K
}
Event: 7.473 GC heap after
{Heap after GC invocations=3 (full 0):
 garbage-first heap   total 260096K, used 19668K [0x0000000702000000, 0x0000000800000000)
  region size 2048K, 5 young (10240K), 5 survivors (10240K)
 Metaspace       used 19501K, committed 19776K, reserved 1073152K
  class space    used 2620K, committed 2752K, reserved 1048576K
}
Event: 10.862 GC heap before
{Heap before GC invocations=3 (full 0):
 garbage-first heap   total 260096K, used 228564K [0x0000000702000000, 0x0000000800000000)
  region size 2048K, 58 young (118784K), 5 survivors (10240K)
 Metaspace       used 19650K, committed 19904K, reserved 1073152K
  class space    used 2622K, committed 2752K, reserved 1048576K
}
Event: 10.866 GC heap after
{Heap after GC invocations=4 (full 0):
 garbage-first heap   total 260096K, used 17880K [0x0000000702000000, 0x0000000800000000)
  region size 2048K, 5 young (10240K), 5 survivors (10240K)
 Metaspace       used 19650K, committed 19904K, reserved 1073152K
  class space    used 2622K, committed 2752K, reserved 1048576K
}
Event: 15.674 GC heap before
{Heap before GC invocations=4 (full 0):
 garbage-first heap   total 260096K, used 228824K [0x0000000702000000, 0x0000000800000000)
  region size 2048K, 58 young (118784K), 5 survivors (10240K)
 Metaspace       used 19786K, committed 20032K, reserved 1073152K
  class space    used 2625K, committed 2752K, reserved 1048576K
}
Event: 15.678 GC heap after
{Heap after GC invocations=5 (full 0):
 garbage-first heap   total 260096K, used 16815K [0x0000000702000000, 0x0000000800000000)
  region size 2048K, 4 young (8192K), 4 survivors (8192K)
 Metaspace       used 19786K, committed 20032K, reserved 1073152K
  class space    used 2625K, committed 2752K, reserved 1048576K
}
Event: 20.875 GC heap before
{Heap before GC invocations=5 (full 0):
 garbage-first heap   total 260096K, used 227759K [0x0000000702000000, 0x0000000800000000)
  region size 2048K, 57 young (116736K), 4 survivors (8192K)
 Metaspace       used 19872K, committed 20160K, reserved 1073152K
  class space    used 2625K, committed 2752K, reserved 1048576K
}
Event: 20.879 GC heap after
{Heap after GC invocations=6 (full 0):
 garbage-first heap   total 260096K, used 17266K [0x0000000702000000, 0x0000000800000000)
  region size 2048K, 5 young (10240K), 5 survivors (10240K)
 Metaspace       used 19872K, committed 20160K, reserved 1073152K
  class space    used 2625K, committed 2752K, reserved 1048576K
}

Deoptimization events (20 events):
Event: 6.657 Thread 0x0000013bcf24f650 Uncommon trap: trap_request=0xffffff45 fr.pc=0x0000013bb336db94 relative=0x0000000000000f14
Event: 6.657 Thread 0x0000013bcf24f650 Uncommon trap: reason=unstable_if action=reinterpret pc=0x0000013bb336db94 method=com.app.appvisionartificial.Recognition.CameraConnection.convertImageToMat(Ljavafx/scene/image/Image;)Lorg/opencv/core/Mat; @ 43 c2
Event: 6.657 Thread 0x0000013bcf24f650 DEOPT PACKING pc=0x0000013bb336db94 sp=0x00000025716ff090
Event: 6.657 Thread 0x0000013bcf24f650 DEOPT UNPACKING pc=0x0000013bab7323a3 sp=0x00000025716ff048 mode 2
Event: 10.896 Thread 0x0000013bc8faf7b0 Uncommon trap: trap_request=0xffffff45 fr.pc=0x0000013bb335b1f4 relative=0x0000000000000c34
Event: 10.896 Thread 0x0000013bc8faf7b0 Uncommon trap: reason=unstable_if action=reinterpret pc=0x0000013bb335b1f4 method=javafx.scene.Node.isVisible()Z @ 4 c2
Event: 10.896 Thread 0x0000013bc8faf7b0 DEOPT PACKING pc=0x0000013bb335b1f4 sp=0x00000025721fdcd0
Event: 10.896 Thread 0x0000013bc8faf7b0 DEOPT UNPACKING pc=0x0000013bab7323a3 sp=0x00000025721fd938 mode 2
Event: 10.897 Thread 0x0000013bc8faf7b0 Uncommon trap: trap_request=0xffffff45 fr.pc=0x0000013bb33593fc relative=0x000000000000059c
Event: 10.897 Thread 0x0000013bc8faf7b0 Uncommon trap: reason=unstable_if action=reinterpret pc=0x0000013bb33593fc method=javafx.scene.Node.isVisible()Z @ 4 c2
Event: 10.897 Thread 0x0000013bc8faf7b0 DEOPT PACKING pc=0x0000013bb33593fc sp=0x00000025721fd8f0
Event: 10.897 Thread 0x0000013bc8faf7b0 DEOPT UNPACKING pc=0x0000013bab7323a3 sp=0x00000025721fd7f0 mode 2
Event: 11.347 Thread 0x0000013bc8bf5700 Uncommon trap: trap_request=0xffffff45 fr.pc=0x0000013bb339e618 relative=0x00000000000000d8
Event: 11.347 Thread 0x0000013bc8bf5700 Uncommon trap: reason=unstable_if action=reinterpret pc=0x0000013bb339e618 method=com.sun.javafx.sg.prism.NGNode.render(Lcom/sun/prism/Graphics;)V @ 29 c2
Event: 11.347 Thread 0x0000013bc8bf5700 DEOPT PACKING pc=0x0000013bb339e618 sp=0x0000002571afe6c0
Event: 11.347 Thread 0x0000013bc8bf5700 DEOPT UNPACKING pc=0x0000013bab7323a3 sp=0x0000002571afe650 mode 2
Event: 22.152 Thread 0x0000013bc8faf7b0 Uncommon trap: trap_request=0xffffff45 fr.pc=0x0000013bb33ca148 relative=0x0000000000000048
Event: 22.152 Thread 0x0000013bc8faf7b0 Uncommon trap: reason=unstable_if action=reinterpret pc=0x0000013bb33ca148 method=com.sun.javafx.tk.quantum.GlassViewEventHandler.mouseEventButton(I)Ljavafx/scene/input/MouseButton; @ 1 c2
Event: 22.152 Thread 0x0000013bc8faf7b0 DEOPT PACKING pc=0x0000013bb33ca148 sp=0x00000025721fe300
Event: 22.152 Thread 0x0000013bc8faf7b0 DEOPT UNPACKING pc=0x0000013bab7323a3 sp=0x00000025721fe288 mode 2

Classes unloaded (0 events):
No events

Classes redefined (0 events):
No events

Internal exceptions (20 events):
Event: 1.220 Thread 0x0000013bc8faf7b0 Exception <a 'java/lang/NoSuchMethodError'{0x0000000711044748}: 'java.lang.Object java.lang.invoke.DirectMethodHandle$Holder.invokeStaticInit(java.lang.Object, int, int, int, int)'> (0x0000000711044748) 
thrown [t:\workspace\open\src\hotspot\share\interpreter\linkResolver.cpp, line 766]
Event: 1.269 Thread 0x0000013bc8faf7b0 Exception <a 'java/lang/NoSuchMethodError'{0x00000007110b2b18}: 'java.lang.Object java.lang.invoke.DirectMethodHandle$Holder.invokeStaticInit(java.lang.Object, java.lang.Object, int, int, int, int)'> (0x00000007110b2b18) 
thrown [t:\workspace\open\src\hotspot\share\interpreter\linkResolver.cpp, line 766]
Event: 1.395 Thread 0x0000013bc8faf7b0 Implicit null exception at 0x0000013bb3218290 to 0x0000013bb32186f4
Event: 1.395 Thread 0x0000013bc8faf7b0 Implicit null exception at 0x0000013bb31dd8e0 to 0x0000013bb31dd97a
Event: 1.495 Thread 0x0000013bc8faf7b0 Exception <a 'java/lang/NoSuchMethodError'{0x0000000710a06b38}: 'java.lang.Object java.lang.invoke.DirectMethodHandle$Holder.invokeInterface(java.lang.Object, java.lang.Object, java.lang.Object)'> (0x0000000710a06b38) 
thrown [t:\workspace\open\src\hotspot\share\interpreter\linkResolver.cpp, line 766]
Event: 1.495 Thread 0x0000013bc8faf7b0 Exception <a 'java/lang/IncompatibleClassChangeError'{0x0000000710a0a4c0}: Found class java.lang.Object, but interface was expected> (0x0000000710a0a4c0) 
thrown [t:\workspace\open\src\hotspot\share\interpreter\linkResolver.cpp, line 833]
Event: 1.544 Thread 0x0000013bc8faf7b0 Exception <a 'java/lang/NoSuchMethodError'{0x00000007108dc0d8}: 'void java.lang.invoke.DirectMethodHandle$Holder.invokeSpecial(java.lang.Object, java.lang.Object, java.lang.Object, java.lang.Object, java.lang.Object, java.lang.Object)'> (0x00000007108dc0d8) 
thrown [t:\workspace\open\src\hotspot\share\interpreter\linkResolver.cpp, line 766]
Event: 1.626 Thread 0x0000013bc8faf7b0 Exception <a 'java/lang/NoSuchMethodError'{0x00000007104e4fa8}: 'java.lang.Object java.lang.invoke.DirectMethodHandle$Holder.newInvokeSpecial(java.lang.Object, java.lang.Object, int)'> (0x00000007104e4fa8) 
thrown [t:\workspace\open\src\hotspot\share\interpreter\linkResolver.cpp, line 766]
Event: 1.632 Thread 0x0000013bc8faf7b0 Exception <a 'java/lang/NoSuchMethodError'{0x00000007102086f0}: 'long java.lang.invoke.DirectMethodHandle$Holder.invokeStatic(java.lang.Object, java.lang.Object, java.lang.Object)'> (0x00000007102086f0) 
thrown [t:\workspace\open\src\hotspot\share\interpreter\linkResolver.cpp, line 766]
Event: 1.632 Thread 0x0000013bc8faf7b0 Exception <a 'java/lang/NoSuchMethodError'{0x000000071020be98}: 'long java.lang.invoke.DirectMethodHandle$Holder.invokeStaticInit(java.lang.Object, java.lang.Object, java.lang.Object)'> (0x000000071020be98) 
thrown [t:\workspace\open\src\hotspot\share\interpreter\linkResolver.cpp, line 766]
Event: 1.634 Thread 0x0000013bc8faf7b0 Exception <a 'java/lang/NoSuchMethodError'{0x0000000710223aa0}: 'java.lang.Object java.lang.invoke.DirectMethodHandle$Holder.newInvokeSpecial(java.lang.Object, java.lang.Object, long)'> (0x0000000710223aa0) 
thrown [t:\workspace\open\src\hotspot\share\interpreter\linkResolver.cpp, line 766]
Event: 1.634 Thread 0x0000013bc8faf7b0 Exception <a 'java/lang/NoSuchMethodError'{0x0000000710227610}: 'java.lang.Object java.lang.invoke.Invokers$Holder.linkToTargetMethod(java.lang.Object, long, java.lang.Object)'> (0x0000000710227610) 
thrown [t:\workspace\open\src\hotspot\share\interpreter\linkResolver.cpp, line 766]
Event: 1.649 Thread 0x0000013bc8bf5700 Exception <a 'java/lang/NoSuchMethodError'{0x000000071031aa30}: 'int java.lang.invoke.DirectMethodHandle$Holder.invokeStaticInit(java.lang.Object, java.lang.Object)'> (0x000000071031aa30) 
thrown [t:\workspace\open\src\hotspot\share\interpreter\linkResolver.cpp, line 766]
Event: 1.690 Thread 0x0000013bc8bf5700 Exception <a 'java/lang/NoSuchMethodError'{0x000000070fc77c60}: 'java.lang.Object java.lang.invoke.DirectMethodHandle$Holder.invokeStaticInit(java.lang.Object, int)'> (0x000000070fc77c60) 
thrown [t:\workspace\open\src\hotspot\share\interpreter\linkResolver.cpp, line 766]
Event: 3.768 Thread 0x0000013bc8faf7b0 Exception <a 'java/lang/NoSuchMethodError'{0x000000070f83d908}: 'java.lang.Object java.lang.invoke.DirectMethodHandle$Holder.newInvokeSpecial(java.lang.Object, java.lang.Object, int, int, int, int, int, java.lang.Object)'> (0x000000070f83d908) 
thrown [t:\workspace\open\src\hotspot\share\interpreter\linkResolver.cpp, line 766]
Event: 3.769 Thread 0x0000013bc8faf7b0 Exception <a 'java/lang/NoSuchMethodError'{0x000000070f8508e8}: 'java.lang.Object java.lang.invoke.DirectMethodHandle$Holder.newInvokeSpecial(java.lang.Object, java.lang.Object, java.lang.Object, int, int, int, int, int)'> (0x000000070f8508e8) 
thrown [t:\workspace\open\src\hotspot\share\interpreter\linkResolver.cpp, line 766]
Event: 3.769 Thread 0x0000013bc8faf7b0 Exception <a 'java/lang/NoSuchMethodError'{0x000000070f858148}: 'java.lang.Object java.lang.invoke.Invokers$Holder.linkToTargetMethod(java.lang.Object, java.lang.Object, int, int, int, int, int, java.lang.Object)'> (0x000000070f858148) 
thrown [t:\workspace\open\src\hotspot\share\interpreter\linkResolver.cpp, line 766]
Event: 3.845 Thread 0x0000013bcf251330 Exception <a 'java/lang/NoSuchMethodError'{0x000000070f63b2b0}: 'int java.lang.invoke.DirectMethodHandle$Holder.invokeStaticInit(java.lang.Object, java.lang.Object, java.lang.Object, java.lang.Object)'> (0x000000070f63b2b0) 
thrown [t:\workspace\open\src\hotspot\share\interpreter\linkResolver.cpp, line 766]
Event: 3.846 Thread 0x0000013bcf251330 Exception <a 'java/lang/NoSuchMethodError'{0x000000070f6444b0}: 'java.lang.Object java.lang.invoke.DirectMethodHandle$Holder.invokeInterface(java.lang.Object, java.lang.Object)'> (0x000000070f6444b0) 
thrown [t:\workspace\open\src\hotspot\share\interpreter\linkResolver.cpp, line 766]
Event: 3.846 Thread 0x0000013bcf251330 Exception <a 'java/lang/IncompatibleClassChangeError'{0x000000070f647a00}: Found class java.lang.Object, but interface was expected> (0x000000070f647a00) 
thrown [t:\workspace\open\src\hotspot\share\interpreter\linkResolver.cpp, line 833]

VM Operations (20 events):
Event: 10.862 Executing VM operation: G1TryInitiateConcMark
Event: 10.866 Executing VM operation: G1TryInitiateConcMark done
Event: 11.866 Executing VM operation: Cleanup
Event: 11.866 Executing VM operation: Cleanup done
Event: 12.867 Executing VM operation: Cleanup
Event: 12.867 Executing VM operation: Cleanup done
Event: 14.868 Executing VM operation: Cleanup
Event: 14.868 Executing VM operation: Cleanup done
Event: 15.674 Executing VM operation: G1TryInitiateConcMark
Event: 15.678 Executing VM operation: G1TryInitiateConcMark done
Event: 16.678 Executing VM operation: Cleanup
Event: 16.683 Executing VM operation: Cleanup done
Event: 17.684 Executing VM operation: Cleanup
Event: 17.684 Executing VM operation: Cleanup done
Event: 19.685 Executing VM operation: Cleanup
Event: 19.685 Executing VM operation: Cleanup done
Event: 20.685 Executing VM operation: Cleanup
Event: 20.685 Executing VM operation: Cleanup done
Event: 20.875 Executing VM operation: G1TryInitiateConcMark
Event: 20.879 Executing VM operation: G1TryInitiateConcMark done

Events (20 events):
Event: 6.620 loading class sun/text/resources/BreakIteratorInfo
Event: 6.620 loading class sun/text/resources/BreakIteratorInfo done
Event: 6.620 loading class sun/text/resources/BreakIteratorResources
Event: 6.620 loading class sun/util/resources/BreakIteratorResourceBundle
Event: 6.620 loading class sun/util/resources/BreakIteratorResourceBundle done
Event: 6.620 loading class sun/text/resources/BreakIteratorResources done
Event: 6.620 loading class sun/text/resources/BreakIteratorResources_en
Event: 6.620 loading class sun/text/resources/BreakIteratorResources_en done
Event: 6.620 loading class sun/text/resources/BreakIteratorResources_en_US
Event: 6.620 loading class sun/text/resources/BreakIteratorResources_en_US done
Event: 6.621 loading class sun/text/RuleBasedBreakIterator
Event: 6.621 loading class sun/text/RuleBasedBreakIterator done
Event: 6.621 loading class sun/text/CompactByteArray
Event: 6.621 loading class sun/text/CompactByteArray done
Event: 6.621 loading class sun/text/SupplementaryCharacterData
Event: 6.621 loading class sun/text/SupplementaryCharacterData done
Event: 6.621 loading class java/text/BreakIterator$BreakIteratorCache
Event: 6.621 loading class java/text/BreakIterator$BreakIteratorCache done
Event: 6.875 Thread 0x0000013bd02ee160 Thread added: 0x0000013bd02ee160
Event: 7.194 Thread 0x0000013bd02ee160 Thread exited: 0x0000013bd02ee160


Dynamic libraries:
0x00007ff7d1de0000 - 0x00007ff7d1df0000 	C:\Program Files\Java\jdk-17\bin\java.exe
0x00007ffd8c150000 - 0x00007ffd8c348000 	C:\WINDOWS\SYSTEM32\ntdll.dll
0x00007ffd8bfd0000 - 0x00007ffd8c08f000 	C:\WINDOWS\System32\KERNEL32.DLL
0x00007ffd89b90000 - 0x00007ffd89e86000 	C:\WINDOWS\System32\KERNELBASE.dll
0x00007ffd89f30000 - 0x00007ffd8a030000 	C:\WINDOWS\System32\ucrtbase.dll
0x00007ffd7ace0000 - 0x00007ffd7acf8000 	C:\Program Files\Java\jdk-17\bin\jli.dll
0x00007ffd71ee0000 - 0x00007ffd71efa000 	C:\Program Files\Java\jdk-17\bin\VCRUNTIME140.dll
0x00007ffd8bbf0000 - 0x00007ffd8bc9f000 	C:\WINDOWS\System32\ADVAPI32.dll
0x00007ffd8a640000 - 0x00007ffd8a6de000 	C:\WINDOWS\System32\msvcrt.dll
0x00007ffd8bf30000 - 0x00007ffd8bfcc000 	C:\WINDOWS\System32\sechost.dll
0x00007ffd8bac0000 - 0x00007ffd8bbe6000 	C:\WINDOWS\System32\RPCRT4.dll
0x00007ffd8aa70000 - 0x00007ffd8ac0d000 	C:\WINDOWS\System32\USER32.dll
0x00007ffd6ef80000 - 0x00007ffd6f21a000 	C:\WINDOWS\WinSxS\amd64_microsoft.windows.common-controls_6595b64144ccf1df_6.0.19041.1110_none_60b5254171f9507e\COMCTL32.dll
0x00007ffd8a030000 - 0x00007ffd8a052000 	C:\WINDOWS\System32\win32u.dll
0x00007ffd8a7c0000 - 0x00007ffd8a7ec000 	C:\WINDOWS\System32\GDI32.dll
0x00007ffd8a060000 - 0x00007ffd8a175000 	C:\WINDOWS\System32\gdi32full.dll
0x00007ffd89e90000 - 0x00007ffd89f2d000 	C:\WINDOWS\System32\msvcp_win.dll
0x00007ffd81440000 - 0x00007ffd8144a000 	C:\WINDOWS\SYSTEM32\VERSION.dll
0x00007ffd8bea0000 - 0x00007ffd8bed0000 	C:\WINDOWS\System32\IMM32.DLL
0x00007ffd75690000 - 0x00007ffd7569c000 	C:\Program Files\Java\jdk-17\bin\vcruntime140_1.dll
0x00007ffd62120000 - 0x00007ffd621ad000 	C:\Program Files\Java\jdk-17\bin\msvcp140.dll
0x00007ffd254c0000 - 0x00007ffd2607e000 	C:\Program Files\Java\jdk-17\bin\server\jvm.dll
0x00007ffd8a7b0000 - 0x00007ffd8a7b8000 	C:\WINDOWS\System32\PSAPI.DLL
0x00007ffd85010000 - 0x00007ffd85019000 	C:\WINDOWS\SYSTEM32\WSOCK32.dll
0x00007ffd71890000 - 0x00007ffd718b7000 	C:\WINDOWS\SYSTEM32\WINMM.dll
0x00007ffd8b7e0000 - 0x00007ffd8b84b000 	C:\WINDOWS\System32\WS2_32.dll
0x00007ffd88020000 - 0x00007ffd88032000 	C:\WINDOWS\SYSTEM32\kernel.appcore.dll
0x00007ffd75640000 - 0x00007ffd7564a000 	C:\Program Files\Java\jdk-17\bin\jimage.dll
0x00007ffd87570000 - 0x00007ffd87754000 	C:\WINDOWS\SYSTEM32\DBGHELP.DLL
0x00007ffd73100000 - 0x00007ffd73134000 	C:\WINDOWS\SYSTEM32\dbgcore.DLL
0x00007ffd89950000 - 0x00007ffd899d2000 	C:\WINDOWS\System32\bcryptPrimitives.dll
0x00007ffd851e0000 - 0x00007ffd851ee000 	C:\Program Files\Java\jdk-17\bin\instrument.dll
0x00007ffd71d60000 - 0x00007ffd71d85000 	C:\Program Files\Java\jdk-17\bin\java.dll
0x00007ffd589a0000 - 0x00007ffd58a76000 	C:\Program Files\Java\jdk-17\bin\svml.dll
0x00007ffd8ac10000 - 0x00007ffd8b354000 	C:\WINDOWS\System32\SHELL32.dll
0x00007ffd87870000 - 0x00007ffd88003000 	C:\WINDOWS\SYSTEM32\windows.storage.dll
0x00007ffd8a2e0000 - 0x00007ffd8a634000 	C:\WINDOWS\System32\combase.dll
0x00007ffd89250000 - 0x00007ffd8927e000 	C:\WINDOWS\SYSTEM32\Wldp.dll
0x00007ffd8a6e0000 - 0x00007ffd8a78d000 	C:\WINDOWS\System32\SHCORE.dll
0x00007ffd8bed0000 - 0x00007ffd8bf25000 	C:\WINDOWS\System32\shlwapi.dll
0x00007ffd89760000 - 0x00007ffd89785000 	C:\WINDOWS\SYSTEM32\profapi.dll
0x00007ffd71d40000 - 0x00007ffd71d59000 	C:\Program Files\Java\jdk-17\bin\net.dll
0x00007ffd81870000 - 0x00007ffd8197a000 	C:\WINDOWS\SYSTEM32\WINHTTP.dll
0x00007ffd88f70000 - 0x00007ffd88fda000 	C:\WINDOWS\system32\mswsock.dll
0x00007ffd71d20000 - 0x00007ffd71d35000 	C:\Program Files\Java\jdk-17\bin\nio.dll
0x00007ffd6f7e0000 - 0x00007ffd6f7f8000 	C:\Program Files\Java\jdk-17\bin\zip.dll
0x00007ffd7ae20000 - 0x00007ffd7ae3a000 	C:\Users\Alexander\AppData\Local\JetBrains\Toolbox\apps\IDEA-U\ch-0\232.8660.185\bin\breakgen64.dll
0x0000013bc7760000 - 0x0000013bc7763000 	D:\herramientas\openjfx-15.0.1_windows-x64_bin-sdk\javafx-sdk-15.0.1\bin\api-ms-win-core-console-l1-1-0.dll
0x0000013bc7770000 - 0x0000013bc7773000 	D:\herramientas\openjfx-15.0.1_windows-x64_bin-sdk\javafx-sdk-15.0.1\bin\api-ms-win-core-console-l1-2-0.dll
0x0000013bc7780000 - 0x0000013bc7783000 	D:\herramientas\openjfx-15.0.1_windows-x64_bin-sdk\javafx-sdk-15.0.1\bin\api-ms-win-core-datetime-l1-1-0.dll
0x0000013bc7790000 - 0x0000013bc7793000 	D:\herramientas\openjfx-15.0.1_windows-x64_bin-sdk\javafx-sdk-15.0.1\bin\api-ms-win-core-debug-l1-1-0.dll
0x0000013bc77a0000 - 0x0000013bc77a3000 	D:\herramientas\openjfx-15.0.1_windows-x64_bin-sdk\javafx-sdk-15.0.1\bin\api-ms-win-core-errorhandling-l1-1-0.dll
0x0000013bc77b0000 - 0x0000013bc77b4000 	D:\herramientas\openjfx-15.0.1_windows-x64_bin-sdk\javafx-sdk-15.0.1\bin\api-ms-win-core-file-l1-1-0.dll
0x0000013bc77c0000 - 0x0000013bc77c3000 	D:\herramientas\openjfx-15.0.1_windows-x64_bin-sdk\javafx-sdk-15.0.1\bin\api-ms-win-core-file-l1-2-0.dll
0x0000013bc77d0000 - 0x0000013bc77d3000 	D:\herramientas\openjfx-15.0.1_windows-x64_bin-sdk\javafx-sdk-15.0.1\bin\api-ms-win-core-file-l2-1-0.dll
0x0000013bc77e0000 - 0x0000013bc77e3000 	D:\herramientas\openjfx-15.0.1_windows-x64_bin-sdk\javafx-sdk-15.0.1\bin\api-ms-win-core-handle-l1-1-0.dll
0x0000013bc77f0000 - 0x0000013bc77f3000 	D:\herramientas\openjfx-15.0.1_windows-x64_bin-sdk\javafx-sdk-15.0.1\bin\api-ms-win-core-heap-l1-1-0.dll
0x0000013bc9cd0000 - 0x0000013bc9cd3000 	D:\herramientas\openjfx-15.0.1_windows-x64_bin-sdk\javafx-sdk-15.0.1\bin\api-ms-win-core-interlocked-l1-1-0.dll
0x0000013bc9ce0000 - 0x0000013bc9ce3000 	D:\herramientas\openjfx-15.0.1_windows-x64_bin-sdk\javafx-sdk-15.0.1\bin\api-ms-win-core-libraryloader-l1-1-0.dll
0x0000013bc9cf0000 - 0x0000013bc9cf3000 	D:\herramientas\openjfx-15.0.1_windows-x64_bin-sdk\javafx-sdk-15.0.1\bin\api-ms-win-core-localization-l1-2-0.dll
0x0000013bc9d00000 - 0x0000013bc9d03000 	D:\herramientas\openjfx-15.0.1_windows-x64_bin-sdk\javafx-sdk-15.0.1\bin\api-ms-win-core-memory-l1-1-0.dll
0x0000013bc9d10000 - 0x0000013bc9d13000 	D:\herramientas\openjfx-15.0.1_windows-x64_bin-sdk\javafx-sdk-15.0.1\bin\api-ms-win-core-namedpipe-l1-1-0.dll
0x0000013bc9d20000 - 0x0000013bc9d23000 	D:\herramientas\openjfx-15.0.1_windows-x64_bin-sdk\javafx-sdk-15.0.1\bin\api-ms-win-core-processenvironment-l1-1-0.dll
0x0000013bc9d30000 - 0x0000013bc9d33000 	D:\herramientas\openjfx-15.0.1_windows-x64_bin-sdk\javafx-sdk-15.0.1\bin\api-ms-win-core-processthreads-l1-1-0.dll
0x0000013bc9d40000 - 0x0000013bc9d43000 	D:\herramientas\openjfx-15.0.1_windows-x64_bin-sdk\javafx-sdk-15.0.1\bin\api-ms-win-core-processthreads-l1-1-1.dll
0x0000013bc9d50000 - 0x0000013bc9d53000 	D:\herramientas\openjfx-15.0.1_windows-x64_bin-sdk\javafx-sdk-15.0.1\bin\api-ms-win-core-profile-l1-1-0.dll
0x0000013bc9d60000 - 0x0000013bc9d63000 	D:\herramientas\openjfx-15.0.1_windows-x64_bin-sdk\javafx-sdk-15.0.1\bin\api-ms-win-core-rtlsupport-l1-1-0.dll
0x0000013bc9d70000 - 0x0000013bc9d73000 	D:\herramientas\openjfx-15.0.1_windows-x64_bin-sdk\javafx-sdk-15.0.1\bin\api-ms-win-core-string-l1-1-0.dll
0x0000013bc9d80000 - 0x0000013bc9d83000 	D:\herramientas\openjfx-15.0.1_windows-x64_bin-sdk\javafx-sdk-15.0.1\bin\api-ms-win-core-synch-l1-1-0.dll
0x0000013bc9d90000 - 0x0000013bc9d93000 	D:\herramientas\openjfx-15.0.1_windows-x64_bin-sdk\javafx-sdk-15.0.1\bin\api-ms-win-core-synch-l1-2-0.dll
0x0000013bc9da0000 - 0x0000013bc9da3000 	D:\herramientas\openjfx-15.0.1_windows-x64_bin-sdk\javafx-sdk-15.0.1\bin\api-ms-win-core-sysinfo-l1-1-0.dll
0x0000013bc9db0000 - 0x0000013bc9db3000 	D:\herramientas\openjfx-15.0.1_windows-x64_bin-sdk\javafx-sdk-15.0.1\bin\api-ms-win-core-timezone-l1-1-0.dll
0x0000013bc9dc0000 - 0x0000013bc9dc3000 	D:\herramientas\openjfx-15.0.1_windows-x64_bin-sdk\javafx-sdk-15.0.1\bin\api-ms-win-core-util-l1-1-0.dll
0x0000013bc9dd0000 - 0x0000013bc9dd3000 	D:\herramientas\openjfx-15.0.1_windows-x64_bin-sdk\javafx-sdk-15.0.1\bin\api-ms-win-crt-conio-l1-1-0.dll
0x0000013bc9de0000 - 0x0000013bc9de4000 	D:\herramientas\openjfx-15.0.1_windows-x64_bin-sdk\javafx-sdk-15.0.1\bin\api-ms-win-crt-convert-l1-1-0.dll
0x0000013bc9df0000 - 0x0000013bc9df3000 	D:\herramientas\openjfx-15.0.1_windows-x64_bin-sdk\javafx-sdk-15.0.1\bin\api-ms-win-crt-environment-l1-1-0.dll
0x0000013bc9e00000 - 0x0000013bc9e03000 	D:\herramientas\openjfx-15.0.1_windows-x64_bin-sdk\javafx-sdk-15.0.1\bin\api-ms-win-crt-filesystem-l1-1-0.dll
0x0000013bc9e10000 - 0x0000013bc9e13000 	D:\herramientas\openjfx-15.0.1_windows-x64_bin-sdk\javafx-sdk-15.0.1\bin\api-ms-win-crt-heap-l1-1-0.dll
0x0000013bc9e20000 - 0x0000013bc9e23000 	D:\herramientas\openjfx-15.0.1_windows-x64_bin-sdk\javafx-sdk-15.0.1\bin\api-ms-win-crt-locale-l1-1-0.dll
0x0000013bc9e30000 - 0x0000013bc9e35000 	D:\herramientas\openjfx-15.0.1_windows-x64_bin-sdk\javafx-sdk-15.0.1\bin\api-ms-win-crt-math-l1-1-0.dll
0x0000013bc9e40000 - 0x0000013bc9e45000 	D:\herramientas\openjfx-15.0.1_windows-x64_bin-sdk\javafx-sdk-15.0.1\bin\api-ms-win-crt-multibyte-l1-1-0.dll
0x0000013bc9e50000 - 0x0000013bc9e60000 	D:\herramientas\openjfx-15.0.1_windows-x64_bin-sdk\javafx-sdk-15.0.1\bin\api-ms-win-crt-private-l1-1-0.dll
0x0000013bc9e60000 - 0x0000013bc9e63000 	D:\herramientas\openjfx-15.0.1_windows-x64_bin-sdk\javafx-sdk-15.0.1\bin\api-ms-win-crt-process-l1-1-0.dll
0x0000013bc9e70000 - 0x0000013bc9e74000 	D:\herramientas\openjfx-15.0.1_windows-x64_bin-sdk\javafx-sdk-15.0.1\bin\api-ms-win-crt-runtime-l1-1-0.dll
0x0000013bc9e80000 - 0x0000013bc9e84000 	D:\herramientas\openjfx-15.0.1_windows-x64_bin-sdk\javafx-sdk-15.0.1\bin\api-ms-win-crt-stdio-l1-1-0.dll
0x0000013bc9e90000 - 0x0000013bc9e94000 	D:\herramientas\openjfx-15.0.1_windows-x64_bin-sdk\javafx-sdk-15.0.1\bin\api-ms-win-crt-string-l1-1-0.dll
0x0000013bc9ea0000 - 0x0000013bc9ea3000 	D:\herramientas\openjfx-15.0.1_windows-x64_bin-sdk\javafx-sdk-15.0.1\bin\api-ms-win-crt-time-l1-1-0.dll
0x0000013bc9eb0000 - 0x0000013bc9eb3000 	D:\herramientas\openjfx-15.0.1_windows-x64_bin-sdk\javafx-sdk-15.0.1\bin\api-ms-win-crt-utility-l1-1-0.dll
0x00007ffd275b0000 - 0x00007ffd276ac000 	D:\herramientas\openjfx-15.0.1_windows-x64_bin-sdk\javafx-sdk-15.0.1\bin\ucrtbase.dll
0x00007ffd7ae00000 - 0x00007ffd7ae15000 	D:\herramientas\openjfx-15.0.1_windows-x64_bin-sdk\javafx-sdk-15.0.1\bin\vcruntime140.dll
0x00007ffd7ad60000 - 0x00007ffd7adfb000 	D:\herramientas\openjfx-15.0.1_windows-x64_bin-sdk\javafx-sdk-15.0.1\bin\msvcp140.dll
0x00007ffd64480000 - 0x00007ffd644a3000 	D:\herramientas\openjfx-15.0.1_windows-x64_bin-sdk\javafx-sdk-15.0.1\bin\prism_d3d.dll
0x00007ffd26290000 - 0x00007ffd2645d000 	C:\WINDOWS\system32\d3d9.dll
0x00007ffd870f0000 - 0x00007ffd8711f000 	C:\WINDOWS\SYSTEM32\dwmapi.dll
0x00007ffd86d30000 - 0x00007ffd86dce000 	C:\WINDOWS\system32\uxtheme.dll
0x00007ffd23d90000 - 0x00007ffd23ef3000 	C:\WINDOWS\System32\DriverStore\FileRepository\iigd_dch.inf_amd64_7d90afac159f566c\igdumdim64.dll
0x00007ffd10210000 - 0x00007ffd13c52000 	C:\WINDOWS\System32\DriverStore\FileRepository\iigd_dch.inf_amd64_7d90afac159f566c\igd9dxva64.dll
0x00007ffd8a1b0000 - 0x00007ffd8a2da000 	C:\WINDOWS\System32\ole32.dll
0x00007ffd8a7f0000 - 0x00007ffd8a8bd000 	C:\WINDOWS\System32\OLEAUT32.dll
0x00007ffd8b360000 - 0x00007ffd8b7ce000 	C:\WINDOWS\System32\SETUPAPI.dll
0x00007ffd899e0000 - 0x00007ffd89a2e000 	C:\WINDOWS\System32\cfgmgr32.dll
0x00007ffd8a180000 - 0x00007ffd8a1a7000 	C:\WINDOWS\System32\bcrypt.dll
0x00007ffd79930000 - 0x00007ffd79b6f000 	C:\WINDOWS\System32\DriverStore\FileRepository\iigd_dch.inf_amd64_7d90afac159f566c\igdgmm64.dll
0x00007ffd63930000 - 0x00007ffd63975000 	D:\herramientas\openjfx-15.0.1_windows-x64_bin-sdk\javafx-sdk-15.0.1\bin\glass.dll
0x00007ffd8b8c0000 - 0x00007ffd8b99a000 	C:\WINDOWS\System32\COMDLG32.dll
0x00007ffd8b9a0000 - 0x00007ffd8bab4000 	C:\WINDOWS\System32\MSCTF.dll
0x00007ffd714c0000 - 0x00007ffd714e7000 	C:\WINDOWS\System32\DriverStore\FileRepository\iigd_dch.inf_amd64_7d90afac159f566c\igdinfo64.dll
0x00007ffd89110000 - 0x00007ffd89128000 	C:\WINDOWS\SYSTEM32\CRYPTSP.dll
0x00007ffd88830000 - 0x00007ffd88864000 	C:\WINDOWS\system32\rsaenh.dll
0x00007ffd89130000 - 0x00007ffd8913c000 	C:\WINDOWS\SYSTEM32\CRYPTBASE.dll
0x00007ffd76c20000 - 0x00007ffd797e9000 	C:\WINDOWS\System32\DriverStore\FileRepository\iigd_dch.inf_amd64_7d90afac159f566c\igc64.dll
0x00007ffd7d860000 - 0x00007ffd7d89b000 	C:\WINDOWS\SYSTEM32\dxcore.dll
0x00007ffd0d0e0000 - 0x00007ffd10203000 	D:\opencv\build\java\x64\opencv_java480.dll
0x00007ffd76650000 - 0x00007ffd7680c000 	C:\WINDOWS\SYSTEM32\MFPlat.DLL
0x00007ffd88090000 - 0x00007ffd88183000 	C:\WINDOWS\SYSTEM32\dxgi.dll
0x00007ffd42420000 - 0x00007ffd424a4000 	C:\WINDOWS\SYSTEM32\MF.dll
0x00007ffd642c0000 - 0x00007ffd643ca000 	C:\WINDOWS\SYSTEM32\MFReadWrite.dll
0x00007ffd85280000 - 0x00007ffd854e3000 	C:\WINDOWS\SYSTEM32\d3d11.dll
0x00007ffd62f90000 - 0x00007ffd6341e000 	C:\WINDOWS\SYSTEM32\MFCORE.DLL
0x00007ffd89a30000 - 0x00007ffd89b8e000 	C:\WINDOWS\System32\CRYPT32.dll
0x00007ffd88d50000 - 0x00007ffd88d9b000 	C:\WINDOWS\SYSTEM32\powrprof.dll
0x00007ffd83e00000 - 0x00007ffd83e09000 	C:\WINDOWS\SYSTEM32\ksuser.dll
0x00007ffd80310000 - 0x00007ffd80344000 	C:\WINDOWS\SYSTEM32\RTWorkQ.DLL
0x00007ffd88c10000 - 0x00007ffd88c22000 	C:\WINDOWS\SYSTEM32\UMPDC.dll
0x00007ffd70ab0000 - 0x00007ffd70ac4000 	D:\herramientas\openjfx-15.0.1_windows-x64_bin-sdk\javafx-sdk-15.0.1\bin\javafx_font.dll
0x00007ffd66b80000 - 0x00007ffd66dff000 	C:\WINDOWS\SYSTEM32\dwrite.dll
0x00007ffd896e0000 - 0x00007ffd8970e000 	C:\WINDOWS\SYSTEM32\USERENV.dll
0x00007ffd88c30000 - 0x00007ffd88c6b000 	C:\WINDOWS\SYSTEM32\IPHLPAPI.DLL

dbghelp: loaded successfully - version: 4.0.5 - missing functions: none
symbol engine: initialized successfully - sym options: 0x614 - pdb path: .;C:\Program Files\Java\jdk-17\bin;C:\WINDOWS\SYSTEM32;C:\WINDOWS\WinSxS\amd64_microsoft.windows.common-controls_6595b64144ccf1df_6.0.19041.1110_none_60b5254171f9507e;C:\Program Files\Java\jdk-17\bin\server;C:\Users\Alexander\AppData\Local\JetBrains\Toolbox\apps\IDEA-U\ch-0\232.8660.185\bin;D:\herramientas\openjfx-15.0.1_windows-x64_bin-sdk\javafx-sdk-15.0.1\bin;C:\WINDOWS\System32\DriverStore\FileRepository\iigd_dch.inf_amd64_7d90afac159f566c;D:\opencv\build\java\x64;C:\Program Files\Common Files\Microsoft Shared\Ink;C:\Users\Alexander\.javacpp\cache\javacpp-1.5.9-windows-x86_64.jar\org\bytedeco\javacpp\windows-x86_64;C:\Users\Alexander\.javacpp\cache\ffmpeg-6.0-1.5.9-windows-x86_64.jar\org\bytedeco\ffmpeg\windows-x86_64;C:\WINDOWS\System32\DriverStore\FileRepository\nvltig.inf_amd64_894a55cc594635f0

VM Arguments:
jvm_args: --module-path=D:\herramientas\openjfx-15.0.1_windows-x64_bin-sdk\javafx-sdk-15.0.1\lib --add-modules=javafx.controls,javafx.fxml,javafx.graphics,javafx.media -Djava.library.path=D:\opencv\build\java\x64 -javaagent:C:\Users\Alexander\AppData\Local\JetBrains\Toolbox\apps\IDEA-U\ch-0\232.8660.185\lib\idea_rt.jar=49883:C:\Users\Alexander\AppData\Local\JetBrains\Toolbox\apps\IDEA-U\ch-0\232.8660.185\bin -Dfile.encoding=UTF-8 
java_command: com.app.appvisionartificial.Main
java_class_path (initial): C:\Users\Alexander\IdeaProjects\AppVisionArtificial\target\classes;C:\Users\Alexander\.m2\repository\org\bytedeco\javacv-platform\1.5.9\javacv-platform-1.5.9.jar;C:\Users\Alexander\.m2\repository\org\bytedeco\javacv\1.5.9\javacv-1.5.9.jar;C:\Users\Alexander\.m2\repository\org\bytedeco\javacpp\1.5.9\javacpp-1.5.9.jar;C:\Users\Alexander\.m2\repository\org\bytedeco\openblas\0.3.23-1.5.9\openblas-0.3.23-1.5.9.jar;C:\Users\Alexander\.m2\repository\org\bytedeco\opencv\4.7.0-1.5.9\opencv-4.7.0-1.5.9.jar;C:\Users\Alexander\.m2\repository\org\bytedeco\ffmpeg\6.0-1.5.9\ffmpeg-6.0-1.5.9.jar;C:\Users\Alexander\.m2\repository\org\bytedeco\flycapture\2.13.3.31-1.5.9\flycapture-2.13.3.31-1.5.9.jar;C:\Users\Alexander\.m2\repository\org\bytedeco\libdc1394\2.2.6-1.5.9\libdc1394-2.2.6-1.5.9.jar;C:\Users\Alexander\.m2\repository\org\bytedeco\libfreenect\0.5.7-1.5.9\libfreenect-0.5.7-1.5.9.jar;C:\Users\Alexander\.m2\repository\org\bytedeco\libfreenect2\0.2.0-1.5.9\libfreenect2-0.2.0-1.5.9.jar;C:\Users\Alexander\.m2\repository\org\bytedeco\librealsense\1.12.4-1.5.9\librealsense-1.12.4-1.5.9.jar;C:\Users\Alexander\.m2\repository\org\bytedeco\librealsense2\2.53.1-1.5.9\librealsense2-2.53.1-1.5.9.jar;C:\Users\Alexander\.m2\repository\org\bytedeco\videoinput\0.200-1.5.9\videoinput-0.200-1.5.9.jar;C:\Users\Alexander\.m2\repository\org\bytedeco\artoolkitplus\2.3.1-1.5.9\artoolkitplus-2.3.1-1.5.9.jar;C:\Users\Alexander\.m2\repository\org\bytedeco\leptonica\1.83.0-1.5.9\leptonica-1.83.0-1.5.9.jar;C:\Users\Alexander\.m2\repository\org\bytedeco\tesseract\5.3.1-1.5.9\tesseract-5.3.1-1.5.9.jar;C:\Users\Alexander\.m2\repository\org\openjfx\javafx-graphics\17\javafx-graphics-17.jar;C:\Users\Alexander\.m2\repository\org\openjfx\javafx-graphics\17\javafx-graphics-17-win.jar;C:\Users\Alexander\.m2\repository\org\openjfx\javafx-base\17\javafx-base-17.jar;C:\Users\Alexander\.m2\repository\org\openjfx\javafx-base\17\javafx-base-17-win.jar;C:\Users\Alexander\.m2\repository\org\by
Launcher Type: SUN_STANDARD

[Global flags]
     intx CICompilerCount                          = 4                                         {product} {ergonomic}
     uint ConcGCThreads                            = 3                                         {product} {ergonomic}
     uint G1ConcRefinementThreads                  = 10                                        {product} {ergonomic}
   size_t G1HeapRegionSize                         = 2097152                                   {product} {ergonomic}
    uintx GCDrainStackTargetSize                   = 64                                        {product} {ergonomic}
   size_t InitialHeapSize                          = 266338304                                 {product} {ergonomic}
   size_t MarkStackSize                            = 4194304                                   {product} {ergonomic}
   size_t MaxHeapSize                              = 4261412864                                {product} {ergonomic}
   size_t MaxNewSize                               = 2556428288                                {product} {ergonomic}
   size_t MinHeapDeltaBytes                        = 2097152                                   {product} {ergonomic}
   size_t MinHeapSize                              = 8388608                                   {product} {ergonomic}
    uintx NonNMethodCodeHeapSize                   = 5839372                                {pd product} {ergonomic}
    uintx NonProfiledCodeHeapSize                  = 122909434                              {pd product} {ergonomic}
    uintx ProfiledCodeHeapSize                     = 122909434                              {pd product} {ergonomic}
    uintx ReservedCodeCacheSize                    = 251658240                              {pd product} {ergonomic}
     bool SegmentedCodeCache                       = true                                      {product} {ergonomic}
   size_t SoftMaxHeapSize                          = 4261412864                             {manageable} {ergonomic}
     bool UseCompressedClassPointers               = true                           {product lp64_product} {ergonomic}
     bool UseCompressedOops                        = true                           {product lp64_product} {ergonomic}
     bool UseG1GC                                  = true                                      {product} {ergonomic}
     bool UseLargePagesIndividualAllocation        = false                                  {pd product} {ergonomic}

Logging:
Log output configuration:
 #0: stdout all=warning uptime,level,tags
 #1: stderr all=off uptime,level,tags

Environment Variables:
JAVA_HOME=C:\Program Files\Java\jdk-17
PATH=C:\Program Files (x86)\VMware\VMware Workstation\bin\;C:\Program Files\Java\jdk-17\bin;C:\Program Files\Common Files\Oracle\Java\javapath;C:\Windows\system32;C:\Windows;C:\Windows\System32\Wbem;C:\Windows\System32\WindowsPowerShell\v1.0\;C:\Windows\System32\OpenSSH\;C:\Program Files (x86)\NVIDIA Corporation\PhysX\Common;C:\WINDOWS\system32;C:\WINDOWS;C:\WINDOWS\System32\Wbem;C:\WINDOWS\System32\WindowsPowerShell\v1.0\;C:\WINDOWS\System32\OpenSSH\;C:\WINDOWS\system32;C:\WINDOWS;C:\WINDOWS\System32\Wbem;C:\WINDOWS\System32\WindowsPowerShell\v1.0\;C:\WINDOWS\System32\OpenSSH\;C:\xampp\php;C:\composer;C:\Program Files\nodejs\;C:\Program Files\Git LFS;C:\Program Files\dotnet\;C:\Program Files\Git\cmd;C:\Users\Alexander\AppData\Local\Programs\Python\Python310\Scripts\;C:\Users\Alexander\AppData\Local\Programs\Python\Python310\;C:\Users\Alexander\AppData\Local\Microsoft\WindowsApps;C:\Users\Alexander\AppData\Local\Microsoft\WindowsApps;C:\Users\Alexander\AppData\Roaming\Composer\vendor\bin;C:\Users\Alexander\AppData\Local\JetBrains\Toolbox\scripts;C:\Users\Alexander\AppData\Roaming\npm;C:\Users\Alexander\.dotnet\tools
USERNAME=Alexander
OS=Windows_NT
PROCESSOR_IDENTIFIER=Intel64 Family 6 Model 158 Stepping 10, GenuineIntel



---------------  S Y S T E M  ---------------

OS:
 Windows 10 , 64 bit Build 19041 (10.0.19041.3155)
OS uptime: 0 days 11:22 hours
Hyper-V role detected

CPU: total 12 (initial active 12) (6 cores per cpu, 2 threads per core) family 6 model 158 stepping 10 microcode 0xde, cx8, cmov, fxsr, ht, mmx, 3dnowpref, sse, sse2, sse3, ssse3, sse4.1, sse4.2, popcnt, lzcnt, tsc, tscinvbit, avx, avx2, aes, erms, clmul, bmi1, bmi2, adx, fma, vzeroupper, clflush, clflushopt, hv

Memory: 4k page, system-wide physical 16255M (7149M free)
TotalPageFile size 19839M (AvailPageFile size 7161M)
current process WorkingSet (physical memory assigned to process): 516M, peak: 563M
current process commit charge ("private bytes"): 676M, peak: 724M

vm_info: Java HotSpot(TM) 64-Bit Server VM (17+35-LTS-2724) for windows-amd64 JRE (17+35-LTS-2724), built on Aug  5 2021 23:28:28 by "mach5one" with MS VC++ 16.8 (VS2019)

END.
