#
# A fatal error has been detected by the Java Runtime Environment:
#
#  EXCEPTION_ACCESS_VIOLATION (0xc0000005) at pc=0x00007ffd6225b634, pid=172, tid=12628
#
# JRE version: Java(TM) SE Runtime Environment (17.0+35) (build 17+35-LTS-2724)
# Java VM: Java HotSpot(TM) 64-Bit Server VM (17+35-LTS-2724, mixed mode, sharing, tiered, compressed oops, compressed class ptrs, g1 gc, windows-amd64)
# Problematic frame:
# C  0x00007ffd6225b634
#
# No core dump will be written. Minidumps are not enabled by default on client versions of Windows
#
# If you would like to submit a bug report, please visit:
#   https://bugreport.java.com/bugreport/crash.jsp
# The crash happened outside the Java Virtual Machine in native code.
# See problematic frame for where to report the bug.
#

---------------  S U M M A R Y ------------

Command Line: --module-path=D:\herramientas\openjfx-15.0.1_windows-x64_bin-sdk\javafx-sdk-15.0.1\lib --add-modules=javafx.controls,javafx.fxml,javafx.graphics,javafx.media -Djava.library.path=D:\opencv\build\java\x64 -javaagent:C:\Users\Alexander\AppData\Local\JetBrains\Toolbox\apps\IDEA-U\ch-0\232.8660.185\lib\idea_rt.jar=49582:C:\Users\Alexander\AppData\Local\JetBrains\Toolbox\apps\IDEA-U\ch-0\232.8660.185\bin -Dfile.encoding=UTF-8 com.app.appvisionartificial.Recognition.ejemplo.CameraConnectionPC

Host: Intel(R) Core(TM) i7-8750H CPU @ 2.20GHz, 12 cores, 15G,  Windows 10 , 64 bit Build 19041 (10.0.19041.3155)
Time: Tue Aug  8 14:42:14 2023 SA Pacific Standard Time elapsed time: 2.486713 seconds (0d 0h 0m 2s)

---------------  T H R E A D  ---------------

Current thread (0x0000015491ec6640):  JavaThread "Thread-3" daemon [_thread_in_native, id=12628, stack(0x0000004b56c00000,0x0000004b56d00000)]

Stack: [0x0000004b56c00000,0x0000004b56d00000],  sp=0x0000004b56cff2f0,  free space=1020k
Native frames: (J=compiled Java code, j=interpreted, Vv=VM code, C=native code)
C  0x00007ffd6225b634

Java frames: (J=compiled Java code, j=interpreted, Vv=VM code)
j  org.bytedeco.videoinput.videoInput.setupDevice(IIII)Z+0
j  org.bytedeco.javacv.VideoInputFrameGrabber.start(I)V+79
j  org.bytedeco.javacv.VideoInputFrameGrabber.start()V+2
j  com.app.appvisionartificial.Recognition.ejemplo.CameraConnectionPC.startCameraCapture(Ljavafx/scene/image/ImageView;)V+6
j  com.app.appvisionartificial.Recognition.ejemplo.CameraConnectionPC.lambda$start$1(Ljavafx/scene/image/ImageView;)V+2
j  com.app.appvisionartificial.Recognition.ejemplo.CameraConnectionPC$$Lambda$150+0x0000000800d0af70.run()V+8
j  java.lang.Thread.run()V+11 java.base@17
v  ~StubRoutines::call_stub

siginfo: EXCEPTION_ACCESS_VIOLATION (0xc0000005), reading address 0x00000000719b388a


Register to memory mapping:

RIP=0x00007ffd6225b634 points into unknown readable memory: 80 b8 8a 00
RAX=0x00000000719b3800 is an unknown value
RBX=0x0000015491ec68e8 points into unknown readable memory: 0x00007ffd25f43630 | 30 36 f4 25 fd 7f 00 00
RCX=0x0 is NULL
RDX=0x0000015499ddd888 points into unknown readable memory: 0x90000b00341bc9dd | dd c9 1b 34 00 0b 00 90
RSP=0x0000004b56cff2f0 is pointing into the stack for thread: 0x0000015491ec6640
RBP=0x0000004b56cff3d8 is pointing into the stack for thread: 0x0000015491ec6640
RSI=0xffffffffffffffff is an unknown value
RDI=0x0000015499ddd890 points into unknown readable memory: 0x0000000000000000 | 00 00 00 00 00 00 00 00
R8 =0x0000000000000062 is an unknown value
R9 =0x0000000711791ba8 is an oop: org.bytedeco.videoinput.videoInput 
{0x0000000711791ba8} - klass: 'org/bytedeco/videoinput/videoInput'
 - ---- fields (total size 6 words):
 - private 'deallocator' 'Lorg/bytedeco/javacpp/Pointer$Deallocator;' @12  a 'org/bytedeco/javacpp/Pointer$NativeDeallocator'{0x0000000711791c68} (e22f238d)
 - protected 'address' 'J' @16  1462870333584 (99ddd890 154)
 - protected 'position' 'J' @24  0 (0 0)
 - protected 'limit' 'J' @32  1 (1 0)
 - protected 'capacity' 'J' @40  1 (1 0)
R10=0x00007ffd25fc2970 jvm.dll
R11=0x0000000000000006 is an unknown value
R12=0x0 is NULL
R13=0x0000015497f1e270 is pointing into metadata
R14=0x0000004b56cff418 is pointing into the stack for thread: 0x0000015491ec6640
R15=0x0000000000000280 is an unknown value


Registers:
RAX=0x00000000719b3800, RBX=0x0000015491ec68e8, RCX=0x0000000000000000, RDX=0x0000015499ddd888
RSP=0x0000004b56cff2f0, RBP=0x0000004b56cff3d8, RSI=0xffffffffffffffff, RDI=0x0000015499ddd890
R8 =0x0000000000000062, R9 =0x0000000711791ba8, R10=0x00007ffd25fc2970, R11=0x0000000000000006
R12=0x0000000000000000, R13=0x0000015497f1e270, R14=0x0000004b56cff418, R15=0x0000000000000280
RIP=0x00007ffd6225b634, EFLAGS=0x0000000000010286

Top of Stack: (sp=0x0000004b56cff2f0)
0x0000004b56cff2f0:   0000015497f1e278 0000015491ec6640
0x0000004b56cff300:   00000154800094fe 000001548000d48e
0x0000004b56cff310:   0000015497f1e200 0000015497f1e278
0x0000004b56cff320:   0000015491ec6640 0000004b56cff418
0x0000004b56cff330:   00000154800094fe 000001548000d621
0x0000004b56cff340:   0000015491ec68e8 0000015497f1e278
0x0000004b56cff350:   0000000000000000 000001548000d33c
0x0000004b56cff360:   00000154000001e0 00000000ffffffff
0x0000004b56cff370:   0000015497f1d618 0000000000000000
0x0000004b56cff380:   0000004b56cff3a8 000001548000d2f6
0x0000004b56cff390:   0000004b56cff390 0000015497f1e270
0x0000004b56cff3a0:   0000004b56cff418 0000015497f21970
0x0000004b56cff3b0:   0000000000000000 00000007118a4410
0x0000004b56cff3c0:   0000015497f1e278 0000000000000000
0x0000004b56cff3d0:   0000004b56cff3f8 0000004b56cff468
0x0000004b56cff3e0:   0000015480009612 0000000000000000 

Instructions: (pc=0x00007ffd6225b634)
0x00007ffd6225b534:   4c 8d 05 25 f6 02 00 48 8b d0 48 8b cf 41 ff 51
0x00007ffd6225b544:   70 eb 41 48 8b 07 48 8b d5 4c 8b 05 6c dd 03 00
0x00007ffd6225b554:   ff 90 28 03 00 00 48 69 c8 e0 02 00 00 83 7c 0b
0x00007ffd6225b564:   4c 00 75 14 40 84 f6 c7 44 0b 4c 01 00 00 00 0f
0x00007ffd6225b574:   95 c0 88 44 0b 50 eb 0c 48 8d 0d 4d e2 02 00 e8
0x00007ffd6225b584:   48 5b ff ff 48 8b 5c 24 30 48 8b 6c 24 38 48 8b
0x00007ffd6225b594:   74 24 40 48 83 c4 20 5f c3 cc cc cc 48 89 5c 24
0x00007ffd6225b5a4:   10 48 89 74 24 18 48 89 4c 24 08 57 41 56 41 57
0x00007ffd6225b5b4:   48 83 ec 30 45 8b f9 49 63 f0 4c 8b f2 48 8b d9
0x00007ffd6225b5c4:   48 8b 01 4c 8b 05 a2 dc 03 00 ff 90 28 03 00 00
0x00007ffd6225b5d4:   48 8b f8 48 8b cb 48 85 c0 75 23 8d 50 07 e8 39
0x00007ffd6225b5e4:   9e ff ff 4c 8b 0b 4c 8d 05 6f f5 02 00 48 8b d0
0x00007ffd6225b5f4:   48 8b cb 41 ff 51 70 32 c0 e9 9b 00 00 00 48 8b
0x00007ffd6225b604:   03 4c 8b 05 b4 dc 03 00 49 8b d6 ff 90 28 03 00
0x00007ffd6225b614:   00 48 69 c8 e0 02 00 00 48 03 f9 c6 44 24 20 00
0x00007ffd6225b624:   83 fe 14 7d 52 48 8d 14 f7 48 8b 82 b8 00 00 00
0x00007ffd6225b634:   80 b8 8a 00 00 00 00 75 3e 44 89 78 0c 48 8b 8a
0x00007ffd6225b644:   b8 00 00 00 8b 44 24 70 89 41 10 48 8b 82 b8 00
0x00007ffd6225b654:   00 00 c6 80 88 00 00 00 01 44 8b 44 24 78 8b d6
0x00007ffd6225b664:   48 8b cf e8 74 84 ff ff 48 8b cf e8 2c 85 ff ff
0x00007ffd6225b674:   84 c0 0f 95 c0 eb 02 32 c0 88 44 24 20 eb 15 48
0x00007ffd6225b684:   8b 54 24 28 48 85 d2 74 0b 48 8b 4c 24 50 48 8b
0x00007ffd6225b694:   01 ff 50 68 0f b6 44 24 20 48 8b 5c 24 58 48 8b
0x00007ffd6225b6a4:   74 24 60 48 83 c4 30 41 5f 41 5e 5f c3 cc cc cc
0x00007ffd6225b6b4:   cc cc cc cc cc cc cc cc cc cc cc cc 48 89 5c 24
0x00007ffd6225b6c4:   10 48 89 4c 24 08 56 57 41 56 48 83 ec 30 49 63
0x00007ffd6225b6d4:   f0 4c 8b f2 48 8b d9 48 8b 01 4c 8b 05 8b db 03
0x00007ffd6225b6e4:   00 ff 90 28 03 00 00 48 8b f8 48 8b cb 48 85 c0
0x00007ffd6225b6f4:   75 2c 8d 50 07 e8 22 9d ff ff 4c 8b 0b 4c 8d 05
0x00007ffd6225b704:   58 f4 02 00 48 8b d0 48 8b cb 41 ff 51 70 32 c0
0x00007ffd6225b714:   48 8b 5c 24 58 48 83 c4 30 41 5e 5f 5e c3 48 8b
0x00007ffd6225b724:   03 4c 8b 05 94 db 03 00 49 8b d6 ff 90 28 03 00 


Stack slot to memory mapping:
stack at sp + 0 slots: {method} {0x0000015497f1e280} 'setupDevice' '(IIII)Z' in 'org/bytedeco/videoinput/videoInput'
stack at sp + 1 slots: 0x0000015491ec6640 is a thread
stack at sp + 2 slots: 0x00000154800094fe is at code_begin+1118 in an Interpreter codelet
return entry points  [0x00000154800090a0, 0x0000015480009ba0]  2816 bytes
stack at sp + 3 slots: 0x000001548000d48e is at code_begin+590 in an Interpreter codelet
method entry point (kind = native)  [0x000001548000d240, 0x000001548000dbc0]  2432 bytes
stack at sp + 4 slots: 0x0000015497f1e200 is pointing into metadata
stack at sp + 5 slots: {method} {0x0000015497f1e280} 'setupDevice' '(IIII)Z' in 'org/bytedeco/videoinput/videoInput'
stack at sp + 6 slots: 0x0000015491ec6640 is a thread
stack at sp + 7 slots: 0x0000004b56cff418 is pointing into the stack for thread: 0x0000015491ec6640


---------------  P R O C E S S  ---------------

Threads class SMR info:
_java_thread_list=0x0000015491ecdb10, length=20, elements={
0x00000154ed0eead0, 0x00000154ff16e320, 0x00000154ff16f190, 0x00000154ff1800c0,
0x00000154ff181c80, 0x00000154ff184740, 0x00000154ff185890, 0x00000154ff186dc0,
0x00000154ff188000, 0x00000154ff195970, 0x00000154ff158700, 0x00000154911a5c70,
0x000001549120fc60, 0x00000154917e3990, 0x00000154918f28f0, 0x0000015491bd9500,
0x0000015491d31190, 0x0000015491d48590, 0x0000015491ec6640, 0x0000015491e51700
}

Java Threads: ( => current thread )
  0x00000154ed0eead0 JavaThread "main" [_thread_blocked, id=1628, stack(0x0000004b54800000,0x0000004b54900000)]
  0x00000154ff16e320 JavaThread "Reference Handler" daemon [_thread_blocked, id=1512, stack(0x0000004b54f00000,0x0000004b55000000)]
  0x00000154ff16f190 JavaThread "Finalizer" daemon [_thread_blocked, id=9352, stack(0x0000004b55000000,0x0000004b55100000)]
  0x00000154ff1800c0 JavaThread "Signal Dispatcher" daemon [_thread_blocked, id=1344, stack(0x0000004b55100000,0x0000004b55200000)]
  0x00000154ff181c80 JavaThread "Attach Listener" daemon [_thread_blocked, id=11624, stack(0x0000004b55200000,0x0000004b55300000)]
  0x00000154ff184740 JavaThread "Service Thread" daemon [_thread_blocked, id=12132, stack(0x0000004b55300000,0x0000004b55400000)]
  0x00000154ff185890 JavaThread "Monitor Deflation Thread" daemon [_thread_blocked, id=4416, stack(0x0000004b55400000,0x0000004b55500000)]
  0x00000154ff186dc0 JavaThread "C2 CompilerThread0" daemon [_thread_blocked, id=12324, stack(0x0000004b55500000,0x0000004b55600000)]
  0x00000154ff188000 JavaThread "C1 CompilerThread0" daemon [_thread_blocked, id=3980, stack(0x0000004b55600000,0x0000004b55700000)]
  0x00000154ff195970 JavaThread "Sweeper thread" daemon [_thread_blocked, id=11944, stack(0x0000004b55700000,0x0000004b55800000)]
  0x00000154ff158700 JavaThread "Common-Cleaner" daemon [_thread_blocked, id=3896, stack(0x0000004b55800000,0x0000004b55900000)]
  0x00000154911a5c70 JavaThread "Monitor Ctrl-Break" daemon [_thread_in_native, id=3760, stack(0x0000004b55b00000,0x0000004b55c00000)]
  0x000001549120fc60 JavaThread "Notification Thread" daemon [_thread_blocked, id=10296, stack(0x0000004b55c00000,0x0000004b55d00000)]
  0x00000154917e3990 JavaThread "QuantumRenderer-0" daemon [_thread_blocked, id=5568, stack(0x0000004b55e00000,0x0000004b55f00000)]
  0x00000154918f28f0 JavaThread "InvokeLaterDispatcher" daemon [_thread_blocked, id=4956, stack(0x0000004b55f00000,0x0000004b56000000)]
  0x0000015491bd9500 JavaThread "JavaFX Application Thread" [_thread_in_native, id=1836, stack(0x0000004b56500000,0x0000004b56600000)]
  0x0000015491d31190 JavaThread "JavaFX-Launcher" [_thread_blocked, id=2616, stack(0x0000004b56900000,0x0000004b56a00000)]
  0x0000015491d48590 JavaThread "Thread-2" daemon [_thread_in_native, id=11864, stack(0x0000004b55a00000,0x0000004b55b00000)]
=>0x0000015491ec6640 JavaThread "Thread-3" daemon [_thread_in_native, id=12628, stack(0x0000004b56c00000,0x0000004b56d00000)]
  0x0000015491e51700 JavaThread "JavaCPP Deallocator" daemon [_thread_blocked, id=11852, stack(0x0000004b57000000,0x0000004b57100000)]

Other Threads:
  0x00000154ff1682c0 VMThread "VM Thread" [stack: 0x0000004b54e00000,0x0000004b54f00000] [id=13452]
  0x00000154911a6140 WatcherThread [stack: 0x0000004b55d00000,0x0000004b55e00000] [id=1396]
  0x00000154ed13ed60 GCTaskThread "GC Thread#0" [stack: 0x0000004b54900000,0x0000004b54a00000] [id=7572]
  0x0000015491c16610 GCTaskThread "GC Thread#1" [stack: 0x0000004b56000000,0x0000004b56100000] [id=2732]
  0x00000154918fdd10 GCTaskThread "GC Thread#2" [stack: 0x0000004b56100000,0x0000004b56200000] [id=9396]
  0x00000154918fe5d0 GCTaskThread "GC Thread#3" [stack: 0x0000004b56200000,0x0000004b56300000] [id=9040]
  0x00000154918fe880 GCTaskThread "GC Thread#4" [stack: 0x0000004b56300000,0x0000004b56400000] [id=8720]
  0x0000015491bd4610 GCTaskThread "GC Thread#5" [stack: 0x0000004b56400000,0x0000004b56500000] [id=11740]
  0x00000154927cec50 GCTaskThread "GC Thread#6" [stack: 0x0000004b56f00000,0x0000004b57000000] [id=7212]
  0x0000015498884d80 GCTaskThread "GC Thread#7" [stack: 0x0000004b58900000,0x0000004b58a00000] [id=8288]
  0x0000015498885030 GCTaskThread "GC Thread#8" [stack: 0x0000004b58a00000,0x0000004b58b00000] [id=3108]
  0x00000154988852e0 GCTaskThread "GC Thread#9" [stack: 0x0000004b58b00000,0x0000004b58c00000] [id=3032]
  0x00000154ed14faa0 ConcurrentGCThread "G1 Main Marker" [stack: 0x0000004b54a00000,0x0000004b54b00000] [id=12040]
  0x00000154ed150c50 ConcurrentGCThread "G1 Conc#0" [stack: 0x0000004b54b00000,0x0000004b54c00000] [id=1940]
  0x00000154ff0244e0 ConcurrentGCThread "G1 Refine#0" [stack: 0x0000004b54c00000,0x0000004b54d00000] [id=9020]
  0x00000154ed1adb00 ConcurrentGCThread "G1 Service" [stack: 0x0000004b54d00000,0x0000004b54e00000] [id=13760]

Threads with active compile tasks:

VM state: not at safepoint (normal execution)

VM Mutex/Monitor currently owned by a thread: None

Heap address: 0x0000000702000000, size: 4064 MB, Compressed Oops mode: Zero based, Oop shift amount: 3

CDS archive(s) mapped at: [0x0000000800000000-0x0000000800bc0000-0x0000000800bc0000), size 12320768, SharedBaseAddress: 0x0000000800000000, ArchiveRelocationMode: 0.
Compressed class space mapped at: 0x0000000800c00000-0x0000000840c00000, reserved size: 1073741824
Narrow klass base: 0x0000000800000000, Narrow klass shift: 0, Narrow klass range: 0x100000000

GC Precious Log:
 CPUs: 12 total, 12 available
 Memory: 16255M
 Large Page Support: Disabled
 NUMA Support: Disabled
 Compressed Oops: Enabled (Zero based)
 Heap Region Size: 2M
 Heap Min Capacity: 8M
 Heap Initial Capacity: 254M
 Heap Max Capacity: 4064M
 Pre-touch: Disabled
 Parallel Workers: 10
 Concurrent Workers: 3
 Concurrent Refinement Workers: 10
 Periodic GC: Disabled

Heap:
 garbage-first heap   total 260096K, used 15666K [0x0000000702000000, 0x0000000800000000)
  region size 2048K, 6 young (12288K), 2 survivors (4096K)
 Metaspace       used 15604K, committed 15872K, reserved 1064960K
  class space    used 1472K, committed 1600K, reserved 1048576K

Heap Regions: E=young(eden), S=young(survivor), O=old, HS=humongous(starts), HC=humongous(continues), CS=collection set, F=free, OA=open archive, CA=closed archive, TAMS=top-at-mark-start (previous, next)
|   0|0x0000000702000000, 0x0000000702200000, 0x0000000702200000|100%| O|  |TAMS 0x0000000702000000, 0x0000000702000000| Untracked 
|   1|0x0000000702200000, 0x0000000702400000, 0x0000000702400000|100%| O|  |TAMS 0x0000000702200000, 0x0000000702200000| Untracked 
|   2|0x0000000702400000, 0x0000000702600000, 0x0000000702600000|100%| O|  |TAMS 0x0000000702400000, 0x0000000702400000| Untracked 
|   3|0x0000000702600000, 0x000000070268e400, 0x0000000702800000| 27%| O|  |TAMS 0x0000000702600000, 0x0000000702600000| Untracked 
|   4|0x0000000702800000, 0x0000000702800000, 0x0000000702a00000|  0%| F|  |TAMS 0x0000000702800000, 0x0000000702800000| Untracked 
|   5|0x0000000702a00000, 0x0000000702a00000, 0x0000000702c00000|  0%| F|  |TAMS 0x0000000702a00000, 0x0000000702a00000| Untracked 
|   6|0x0000000702c00000, 0x0000000702c00000, 0x0000000702e00000|  0%| F|  |TAMS 0x0000000702c00000, 0x0000000702c00000| Untracked 
|   7|0x0000000702e00000, 0x0000000702e00000, 0x0000000703000000|  0%| F|  |TAMS 0x0000000702e00000, 0x0000000702e00000| Untracked 
|   8|0x0000000703000000, 0x0000000703000000, 0x0000000703200000|  0%| F|  |TAMS 0x0000000703000000, 0x0000000703000000| Untracked 
|   9|0x0000000703200000, 0x0000000703200000, 0x0000000703400000|  0%| F|  |TAMS 0x0000000703200000, 0x0000000703200000| Untracked 
|  10|0x0000000703400000, 0x0000000703400000, 0x0000000703600000|  0%| F|  |TAMS 0x0000000703400000, 0x0000000703400000| Untracked 
|  11|0x0000000703600000, 0x0000000703600000, 0x0000000703800000|  0%| F|  |TAMS 0x0000000703600000, 0x0000000703600000| Untracked 
|  12|0x0000000703800000, 0x0000000703800000, 0x0000000703a00000|  0%| F|  |TAMS 0x0000000703800000, 0x0000000703800000| Untracked 
|  13|0x0000000703a00000, 0x0000000703a00000, 0x0000000703c00000|  0%| F|  |TAMS 0x0000000703a00000, 0x0000000703a00000| Untracked 
|  14|0x0000000703c00000, 0x0000000703c00000, 0x0000000703e00000|  0%| F|  |TAMS 0x0000000703c00000, 0x0000000703c00000| Untracked 
|  15|0x0000000703e00000, 0x0000000703e00000, 0x0000000704000000|  0%| F|  |TAMS 0x0000000703e00000, 0x0000000703e00000| Untracked 
|  16|0x0000000704000000, 0x0000000704000000, 0x0000000704200000|  0%| F|  |TAMS 0x0000000704000000, 0x0000000704000000| Untracked 
|  17|0x0000000704200000, 0x0000000704200000, 0x0000000704400000|  0%| F|  |TAMS 0x0000000704200000, 0x0000000704200000| Untracked 
|  18|0x0000000704400000, 0x0000000704400000, 0x0000000704600000|  0%| F|  |TAMS 0x0000000704400000, 0x0000000704400000| Untracked 
|  19|0x0000000704600000, 0x0000000704600000, 0x0000000704800000|  0%| F|  |TAMS 0x0000000704600000, 0x0000000704600000| Untracked 
|  20|0x0000000704800000, 0x0000000704800000, 0x0000000704a00000|  0%| F|  |TAMS 0x0000000704800000, 0x0000000704800000| Untracked 
|  21|0x0000000704a00000, 0x0000000704a00000, 0x0000000704c00000|  0%| F|  |TAMS 0x0000000704a00000, 0x0000000704a00000| Untracked 
|  22|0x0000000704c00000, 0x0000000704c00000, 0x0000000704e00000|  0%| F|  |TAMS 0x0000000704c00000, 0x0000000704c00000| Untracked 
|  23|0x0000000704e00000, 0x0000000704e00000, 0x0000000705000000|  0%| F|  |TAMS 0x0000000704e00000, 0x0000000704e00000| Untracked 
|  24|0x0000000705000000, 0x0000000705000000, 0x0000000705200000|  0%| F|  |TAMS 0x0000000705000000, 0x0000000705000000| Untracked 
|  25|0x0000000705200000, 0x0000000705200000, 0x0000000705400000|  0%| F|  |TAMS 0x0000000705200000, 0x0000000705200000| Untracked 
|  26|0x0000000705400000, 0x0000000705400000, 0x0000000705600000|  0%| F|  |TAMS 0x0000000705400000, 0x0000000705400000| Untracked 
|  27|0x0000000705600000, 0x0000000705600000, 0x0000000705800000|  0%| F|  |TAMS 0x0000000705600000, 0x0000000705600000| Untracked 
|  28|0x0000000705800000, 0x0000000705800000, 0x0000000705a00000|  0%| F|  |TAMS 0x0000000705800000, 0x0000000705800000| Untracked 
|  29|0x0000000705a00000, 0x0000000705a00000, 0x0000000705c00000|  0%| F|  |TAMS 0x0000000705a00000, 0x0000000705a00000| Untracked 
|  30|0x0000000705c00000, 0x0000000705c00000, 0x0000000705e00000|  0%| F|  |TAMS 0x0000000705c00000, 0x0000000705c00000| Untracked 
|  31|0x0000000705e00000, 0x0000000705e00000, 0x0000000706000000|  0%| F|  |TAMS 0x0000000705e00000, 0x0000000705e00000| Untracked 
|  32|0x0000000706000000, 0x0000000706000000, 0x0000000706200000|  0%| F|  |TAMS 0x0000000706000000, 0x0000000706000000| Untracked 
|  33|0x0000000706200000, 0x0000000706200000, 0x0000000706400000|  0%| F|  |TAMS 0x0000000706200000, 0x0000000706200000| Untracked 
|  34|0x0000000706400000, 0x0000000706400000, 0x0000000706600000|  0%| F|  |TAMS 0x0000000706400000, 0x0000000706400000| Untracked 
|  35|0x0000000706600000, 0x0000000706600000, 0x0000000706800000|  0%| F|  |TAMS 0x0000000706600000, 0x0000000706600000| Untracked 
|  36|0x0000000706800000, 0x0000000706800000, 0x0000000706a00000|  0%| F|  |TAMS 0x0000000706800000, 0x0000000706800000| Untracked 
|  37|0x0000000706a00000, 0x0000000706a00000, 0x0000000706c00000|  0%| F|  |TAMS 0x0000000706a00000, 0x0000000706a00000| Untracked 
|  38|0x0000000706c00000, 0x0000000706c00000, 0x0000000706e00000|  0%| F|  |TAMS 0x0000000706c00000, 0x0000000706c00000| Untracked 
|  39|0x0000000706e00000, 0x0000000706e00000, 0x0000000707000000|  0%| F|  |TAMS 0x0000000706e00000, 0x0000000706e00000| Untracked 
|  40|0x0000000707000000, 0x0000000707000000, 0x0000000707200000|  0%| F|  |TAMS 0x0000000707000000, 0x0000000707000000| Untracked 
|  41|0x0000000707200000, 0x0000000707200000, 0x0000000707400000|  0%| F|  |TAMS 0x0000000707200000, 0x0000000707200000| Untracked 
|  42|0x0000000707400000, 0x0000000707400000, 0x0000000707600000|  0%| F|  |TAMS 0x0000000707400000, 0x0000000707400000| Untracked 
|  43|0x0000000707600000, 0x0000000707600000, 0x0000000707800000|  0%| F|  |TAMS 0x0000000707600000, 0x0000000707600000| Untracked 
|  44|0x0000000707800000, 0x0000000707800000, 0x0000000707a00000|  0%| F|  |TAMS 0x0000000707800000, 0x0000000707800000| Untracked 
|  45|0x0000000707a00000, 0x0000000707a00000, 0x0000000707c00000|  0%| F|  |TAMS 0x0000000707a00000, 0x0000000707a00000| Untracked 
|  46|0x0000000707c00000, 0x0000000707c00000, 0x0000000707e00000|  0%| F|  |TAMS 0x0000000707c00000, 0x0000000707c00000| Untracked 
|  47|0x0000000707e00000, 0x0000000707e00000, 0x0000000708000000|  0%| F|  |TAMS 0x0000000707e00000, 0x0000000707e00000| Untracked 
|  48|0x0000000708000000, 0x0000000708000000, 0x0000000708200000|  0%| F|  |TAMS 0x0000000708000000, 0x0000000708000000| Untracked 
|  49|0x0000000708200000, 0x0000000708200000, 0x0000000708400000|  0%| F|  |TAMS 0x0000000708200000, 0x0000000708200000| Untracked 
|  50|0x0000000708400000, 0x0000000708400000, 0x0000000708600000|  0%| F|  |TAMS 0x0000000708400000, 0x0000000708400000| Untracked 
|  51|0x0000000708600000, 0x0000000708600000, 0x0000000708800000|  0%| F|  |TAMS 0x0000000708600000, 0x0000000708600000| Untracked 
|  52|0x0000000708800000, 0x00000007088be4f0, 0x0000000708a00000| 37%| S|CS|TAMS 0x0000000708800000, 0x0000000708800000| Complete 
|  53|0x0000000708a00000, 0x0000000708c00000, 0x0000000708c00000|100%| S|CS|TAMS 0x0000000708a00000, 0x0000000708a00000| Complete 
|  54|0x0000000708c00000, 0x0000000708c00000, 0x0000000708e00000|  0%| F|  |TAMS 0x0000000708c00000, 0x0000000708c00000| Untracked 
|  55|0x0000000708e00000, 0x0000000708e00000, 0x0000000709000000|  0%| F|  |TAMS 0x0000000708e00000, 0x0000000708e00000| Untracked 
|  56|0x0000000709000000, 0x0000000709000000, 0x0000000709200000|  0%| F|  |TAMS 0x0000000709000000, 0x0000000709000000| Untracked 
|  57|0x0000000709200000, 0x0000000709200000, 0x0000000709400000|  0%| F|  |TAMS 0x0000000709200000, 0x0000000709200000| Untracked 
|  58|0x0000000709400000, 0x0000000709400000, 0x0000000709600000|  0%| F|  |TAMS 0x0000000709400000, 0x0000000709400000| Untracked 
|  59|0x0000000709600000, 0x0000000709600000, 0x0000000709800000|  0%| F|  |TAMS 0x0000000709600000, 0x0000000709600000| Untracked 
|  60|0x0000000709800000, 0x0000000709800000, 0x0000000709a00000|  0%| F|  |TAMS 0x0000000709800000, 0x0000000709800000| Untracked 
|  61|0x0000000709a00000, 0x0000000709a00000, 0x0000000709c00000|  0%| F|  |TAMS 0x0000000709a00000, 0x0000000709a00000| Untracked 
|  62|0x0000000709c00000, 0x0000000709c00000, 0x0000000709e00000|  0%| F|  |TAMS 0x0000000709c00000, 0x0000000709c00000| Untracked 
|  63|0x0000000709e00000, 0x0000000709e00000, 0x000000070a000000|  0%| F|  |TAMS 0x0000000709e00000, 0x0000000709e00000| Untracked 
|  64|0x000000070a000000, 0x000000070a000000, 0x000000070a200000|  0%| F|  |TAMS 0x000000070a000000, 0x000000070a000000| Untracked 
|  65|0x000000070a200000, 0x000000070a200000, 0x000000070a400000|  0%| F|  |TAMS 0x000000070a200000, 0x000000070a200000| Untracked 
|  66|0x000000070a400000, 0x000000070a400000, 0x000000070a600000|  0%| F|  |TAMS 0x000000070a400000, 0x000000070a400000| Untracked 
|  67|0x000000070a600000, 0x000000070a600000, 0x000000070a800000|  0%| F|  |TAMS 0x000000070a600000, 0x000000070a600000| Untracked 
|  68|0x000000070a800000, 0x000000070a800000, 0x000000070aa00000|  0%| F|  |TAMS 0x000000070a800000, 0x000000070a800000| Untracked 
|  69|0x000000070aa00000, 0x000000070aa00000, 0x000000070ac00000|  0%| F|  |TAMS 0x000000070aa00000, 0x000000070aa00000| Untracked 
|  70|0x000000070ac00000, 0x000000070ac00000, 0x000000070ae00000|  0%| F|  |TAMS 0x000000070ac00000, 0x000000070ac00000| Untracked 
|  71|0x000000070ae00000, 0x000000070ae00000, 0x000000070b000000|  0%| F|  |TAMS 0x000000070ae00000, 0x000000070ae00000| Untracked 
|  72|0x000000070b000000, 0x000000070b000000, 0x000000070b200000|  0%| F|  |TAMS 0x000000070b000000, 0x000000070b000000| Untracked 
|  73|0x000000070b200000, 0x000000070b200000, 0x000000070b400000|  0%| F|  |TAMS 0x000000070b200000, 0x000000070b200000| Untracked 
|  74|0x000000070b400000, 0x000000070b400000, 0x000000070b600000|  0%| F|  |TAMS 0x000000070b400000, 0x000000070b400000| Untracked 
|  75|0x000000070b600000, 0x000000070b600000, 0x000000070b800000|  0%| F|  |TAMS 0x000000070b600000, 0x000000070b600000| Untracked 
|  76|0x000000070b800000, 0x000000070b800000, 0x000000070ba00000|  0%| F|  |TAMS 0x000000070b800000, 0x000000070b800000| Untracked 
|  77|0x000000070ba00000, 0x000000070ba00000, 0x000000070bc00000|  0%| F|  |TAMS 0x000000070ba00000, 0x000000070ba00000| Untracked 
|  78|0x000000070bc00000, 0x000000070bc00000, 0x000000070be00000|  0%| F|  |TAMS 0x000000070bc00000, 0x000000070bc00000| Untracked 
|  79|0x000000070be00000, 0x000000070be00000, 0x000000070c000000|  0%| F|  |TAMS 0x000000070be00000, 0x000000070be00000| Untracked 
|  80|0x000000070c000000, 0x000000070c000000, 0x000000070c200000|  0%| F|  |TAMS 0x000000070c000000, 0x000000070c000000| Untracked 
|  81|0x000000070c200000, 0x000000070c200000, 0x000000070c400000|  0%| F|  |TAMS 0x000000070c200000, 0x000000070c200000| Untracked 
|  82|0x000000070c400000, 0x000000070c400000, 0x000000070c600000|  0%| F|  |TAMS 0x000000070c400000, 0x000000070c400000| Untracked 
|  83|0x000000070c600000, 0x000000070c600000, 0x000000070c800000|  0%| F|  |TAMS 0x000000070c600000, 0x000000070c600000| Untracked 
|  84|0x000000070c800000, 0x000000070c800000, 0x000000070ca00000|  0%| F|  |TAMS 0x000000070c800000, 0x000000070c800000| Untracked 
|  85|0x000000070ca00000, 0x000000070ca00000, 0x000000070cc00000|  0%| F|  |TAMS 0x000000070ca00000, 0x000000070ca00000| Untracked 
|  86|0x000000070cc00000, 0x000000070cc00000, 0x000000070ce00000|  0%| F|  |TAMS 0x000000070cc00000, 0x000000070cc00000| Untracked 
|  87|0x000000070ce00000, 0x000000070ce00000, 0x000000070d000000|  0%| F|  |TAMS 0x000000070ce00000, 0x000000070ce00000| Untracked 
|  88|0x000000070d000000, 0x000000070d000000, 0x000000070d200000|  0%| F|  |TAMS 0x000000070d000000, 0x000000070d000000| Untracked 
|  89|0x000000070d200000, 0x000000070d200000, 0x000000070d400000|  0%| F|  |TAMS 0x000000070d200000, 0x000000070d200000| Untracked 
|  90|0x000000070d400000, 0x000000070d400000, 0x000000070d600000|  0%| F|  |TAMS 0x000000070d400000, 0x000000070d400000| Untracked 
|  91|0x000000070d600000, 0x000000070d600000, 0x000000070d800000|  0%| F|  |TAMS 0x000000070d600000, 0x000000070d600000| Untracked 
|  92|0x000000070d800000, 0x000000070d800000, 0x000000070da00000|  0%| F|  |TAMS 0x000000070d800000, 0x000000070d800000| Untracked 
|  93|0x000000070da00000, 0x000000070da00000, 0x000000070dc00000|  0%| F|  |TAMS 0x000000070da00000, 0x000000070da00000| Untracked 
|  94|0x000000070dc00000, 0x000000070dc00000, 0x000000070de00000|  0%| F|  |TAMS 0x000000070dc00000, 0x000000070dc00000| Untracked 
|  95|0x000000070de00000, 0x000000070de00000, 0x000000070e000000|  0%| F|  |TAMS 0x000000070de00000, 0x000000070de00000| Untracked 
|  96|0x000000070e000000, 0x000000070e000000, 0x000000070e200000|  0%| F|  |TAMS 0x000000070e000000, 0x000000070e000000| Untracked 
|  97|0x000000070e200000, 0x000000070e200000, 0x000000070e400000|  0%| F|  |TAMS 0x000000070e200000, 0x000000070e200000| Untracked 
|  98|0x000000070e400000, 0x000000070e400000, 0x000000070e600000|  0%| F|  |TAMS 0x000000070e400000, 0x000000070e400000| Untracked 
|  99|0x000000070e600000, 0x000000070e600000, 0x000000070e800000|  0%| F|  |TAMS 0x000000070e600000, 0x000000070e600000| Untracked 
| 100|0x000000070e800000, 0x000000070e800000, 0x000000070ea00000|  0%| F|  |TAMS 0x000000070e800000, 0x000000070e800000| Untracked 
| 101|0x000000070ea00000, 0x000000070ea00000, 0x000000070ec00000|  0%| F|  |TAMS 0x000000070ea00000, 0x000000070ea00000| Untracked 
| 102|0x000000070ec00000, 0x000000070ec00000, 0x000000070ee00000|  0%| F|  |TAMS 0x000000070ec00000, 0x000000070ec00000| Untracked 
| 103|0x000000070ee00000, 0x000000070ee00000, 0x000000070f000000|  0%| F|  |TAMS 0x000000070ee00000, 0x000000070ee00000| Untracked 
| 104|0x000000070f000000, 0x000000070f000000, 0x000000070f200000|  0%| F|  |TAMS 0x000000070f000000, 0x000000070f000000| Untracked 
| 105|0x000000070f200000, 0x000000070f200000, 0x000000070f400000|  0%| F|  |TAMS 0x000000070f200000, 0x000000070f200000| Untracked 
| 106|0x000000070f400000, 0x000000070f400000, 0x000000070f600000|  0%| F|  |TAMS 0x000000070f400000, 0x000000070f400000| Untracked 
| 107|0x000000070f600000, 0x000000070f600000, 0x000000070f800000|  0%| F|  |TAMS 0x000000070f600000, 0x000000070f600000| Untracked 
| 108|0x000000070f800000, 0x000000070f800000, 0x000000070fa00000|  0%| F|  |TAMS 0x000000070f800000, 0x000000070f800000| Untracked 
| 109|0x000000070fa00000, 0x000000070fa00000, 0x000000070fc00000|  0%| F|  |TAMS 0x000000070fa00000, 0x000000070fa00000| Untracked 
| 110|0x000000070fc00000, 0x000000070fc00000, 0x000000070fe00000|  0%| F|  |TAMS 0x000000070fc00000, 0x000000070fc00000| Untracked 
| 111|0x000000070fe00000, 0x000000070fe00000, 0x0000000710000000|  0%| F|  |TAMS 0x000000070fe00000, 0x000000070fe00000| Untracked 
| 112|0x0000000710000000, 0x0000000710000000, 0x0000000710200000|  0%| F|  |TAMS 0x0000000710000000, 0x0000000710000000| Untracked 
| 113|0x0000000710200000, 0x0000000710200000, 0x0000000710400000|  0%| F|  |TAMS 0x0000000710200000, 0x0000000710200000| Untracked 
| 114|0x0000000710400000, 0x0000000710400000, 0x0000000710600000|  0%| F|  |TAMS 0x0000000710400000, 0x0000000710400000| Untracked 
| 115|0x0000000710600000, 0x0000000710600000, 0x0000000710800000|  0%| F|  |TAMS 0x0000000710600000, 0x0000000710600000| Untracked 
| 116|0x0000000710800000, 0x0000000710800000, 0x0000000710a00000|  0%| F|  |TAMS 0x0000000710800000, 0x0000000710800000| Untracked 
| 117|0x0000000710a00000, 0x0000000710a00000, 0x0000000710c00000|  0%| F|  |TAMS 0x0000000710a00000, 0x0000000710a00000| Untracked 
| 118|0x0000000710c00000, 0x0000000710c00000, 0x0000000710e00000|  0%| F|  |TAMS 0x0000000710c00000, 0x0000000710c00000| Untracked 
| 119|0x0000000710e00000, 0x0000000710e00000, 0x0000000711000000|  0%| F|  |TAMS 0x0000000710e00000, 0x0000000710e00000| Untracked 
| 120|0x0000000711000000, 0x0000000711000000, 0x0000000711200000|  0%| F|  |TAMS 0x0000000711000000, 0x0000000711000000| Untracked 
| 121|0x0000000711200000, 0x0000000711200000, 0x0000000711400000|  0%| F|  |TAMS 0x0000000711200000, 0x0000000711200000| Untracked 
| 122|0x0000000711400000, 0x0000000711400000, 0x0000000711600000|  0%| F|  |TAMS 0x0000000711400000, 0x0000000711400000| Untracked 
| 123|0x0000000711600000, 0x0000000711800000, 0x0000000711800000|100%| E|  |TAMS 0x0000000711600000, 0x0000000711600000| Complete 
| 124|0x0000000711800000, 0x0000000711a00000, 0x0000000711a00000|100%| E|CS|TAMS 0x0000000711800000, 0x0000000711800000| Complete 
| 125|0x0000000711a00000, 0x0000000711c00000, 0x0000000711c00000|100%| E|CS|TAMS 0x0000000711a00000, 0x0000000711a00000| Complete 
| 126|0x0000000711c00000, 0x0000000711e00000, 0x0000000711e00000|100%| E|CS|TAMS 0x0000000711c00000, 0x0000000711c00000| Complete 

Card table byte_map: [0x00000154f5620000,0x00000154f5e10000] _byte_map_base: 0x00000154f1e10000

Marking Bits (Prev, Next): (CMBitMap*) 0x00000154ed13f370, (CMBitMap*) 0x00000154ed13f3b0
 Prev Bits: [0x00000154f6600000, 0x00000154fa580000)
 Next Bits: [0x00000154fa580000, 0x00000154fe500000)

Polling page: 0x00000154eb0e0000

Metaspace:

Usage:
  Non-class:     13.80 MB used.
      Class:      1.44 MB used.
       Both:     15.24 MB used.

Virtual space:
  Non-class space:       16.00 MB reserved,      13.94 MB ( 87%) committed,  2 nodes.
      Class space:        1.00 GB reserved,       1.56 MB ( <1%) committed,  1 nodes.
             Both:        1.02 GB reserved,      15.50 MB (  1%) committed. 

Chunk freelists:
   Non-Class:  877.00 KB
       Class:  2.50 MB
        Both:  3.36 MB

MaxMetaspaceSize: unlimited
CompressedClassSpaceSize: 1.00 GB
Initial GC threshold: 21.00 MB
Current GC threshold: 21.00 MB
CDS: on
MetaspaceReclaimPolicy: balanced
 - commit_granule_bytes: 65536.
 - commit_granule_words: 8192.
 - virtual_space_node_default_size: 1048576.
 - enlarge_chunks_in_place: 1.
 - new_chunks_are_fully_committed: 0.
 - uncommit_free_chunks: 1.
 - use_allocation_guard: 0.
 - handle_deallocations: 1.


Internal statistics:

num_allocs_failed_limit: 0.
num_arena_births: 126.
num_arena_deaths: 0.
num_vsnodes_births: 3.
num_vsnodes_deaths: 0.
num_space_committed: 246.
num_space_uncommitted: 0.
num_chunks_returned_to_freelist: 0.
num_chunks_taken_from_freelist: 599.
num_chunk_merges: 0.
num_chunk_splits: 472.
num_chunks_enlarged: 409.
num_purges: 0.
num_inconsistent_stats: 0.

CodeHeap 'non-profiled nmethods': size=120000Kb used=1386Kb max_used=1386Kb free=118613Kb
 bounds [0x0000015487ad0000, 0x0000015487d40000, 0x000001548f000000]
CodeHeap 'profiled nmethods': size=120000Kb used=3724Kb max_used=3724Kb free=116275Kb
 bounds [0x00000154805a0000, 0x0000015480950000, 0x0000015487ad0000]
CodeHeap 'non-nmethods': size=5760Kb used=1822Kb max_used=1949Kb free=3937Kb
 bounds [0x0000015480000000, 0x0000015480270000, 0x00000154805a0000]
 total_blobs=2872 nmethods=1632 adapters=1153
 compilation: enabled
              stopped_count=0, restarted_count=0
 full_count=0

Compilation events (20 events):
Event: 2.012 Thread 0x0000015491ff03f0 nmethod 1627 0x0000015487c00b10 code [0x0000015487c00c80, 0x0000015487c00ed8]
Event: 2.015 Thread 0x0000015491ff03f0 1628       4       java.io.WinNTFileSystem::normalize (224 bytes)
Event: 2.020 Thread 0x00000154ff188000 nmethod 1624 0x0000015480926190 code [0x0000015480927e20, 0x0000015480939858]
Event: 2.021 Thread 0x00000154ff188000 1625       3       jdk.internal.misc.Unsafe::checkSize (32 bytes)
Event: 2.021 Thread 0x00000154ff188000 nmethod 1625 0x0000015480940f10 code [0x00000154809410c0, 0x0000015480941348]
Event: 2.030 Thread 0x00000154ff188000 1630       3       jdk.internal.reflect.UTF8::utf8Length (81 bytes)
Event: 2.031 Thread 0x00000154ff188000 nmethod 1630 0x0000015480941490 code [0x00000154809416c0, 0x0000015480941f78]
Event: 2.031 Thread 0x00000154ff188000 1631       3       jdk.internal.reflect.ByteVectorImpl::getLength (7 bytes)
Event: 2.031 Thread 0x00000154ff188000 nmethod 1631 0x0000015480942310 code [0x00000154809424a0, 0x00000154809425b8]
Event: 2.047 Thread 0x00000154ff188000 1633       1       java.lang.Class::getAnnotationType (5 bytes)
Event: 2.047 Thread 0x00000154ff188000 nmethod 1633 0x0000015487c00f90 code [0x0000015487c01120, 0x0000015487c011f8]
Event: 2.047 Thread 0x00000154ff188000 1634       3       java.util.LinkedHashMap$LinkedHashIterator::nextNode (54 bytes)
Event: 2.047 Thread 0x00000154ff188000 nmethod 1634 0x0000015480942690 code [0x0000015480942860, 0x0000015480942c78]
Event: 2.072 Thread 0x0000015491ff03f0 nmethod 1628 0x0000015487c01290 code [0x0000015487c01520, 0x0000015487c04270]
Event: 2.072 Thread 0x0000015491ff03f0 1629       4       java.lang.String::lastIndexOf (18 bytes)
Event: 2.075 Thread 0x0000015491ff03f0 nmethod 1629 0x0000015487c05a10 code [0x0000015487c05ba0, 0x0000015487c05f18]
Event: 2.075 Thread 0x0000015491ff03f0 1632       4       java.util.ArrayList::add (25 bytes)
Event: 2.080 Thread 0x0000015491ff03f0 nmethod 1632 0x0000015487c06290 code [0x0000015487c06420, 0x0000015487c06c38]
Event: 2.122 Thread 0x0000015491f50cb0 nmethod 1622 0x0000015487c06f10 code [0x0000015487c07300, 0x0000015487c0d2c0]
Event: 2.307 Thread 0x00000154ff186dc0 nmethod 1582 0x0000015487c0f990 code [0x0000015487c10b80, 0x0000015487c21fb8]

GC Heap History (6 events):
Event: 0.462 GC heap before
{Heap before GC invocations=0 (full 0):
 garbage-first heap   total 260096K, used 20480K [0x0000000702000000, 0x0000000800000000)
  region size 2048K, 11 young (22528K), 0 survivors (0K)
 Metaspace       used 2835K, committed 2944K, reserved 1056768K
  class space    used 283K, committed 320K, reserved 1048576K
}
Event: 0.466 GC heap after
{Heap after GC invocations=1 (full 0):
 garbage-first heap   total 260096K, used 6776K [0x0000000702000000, 0x0000000800000000)
  region size 2048K, 2 young (4096K), 2 survivors (4096K)
 Metaspace       used 2835K, committed 2944K, reserved 1056768K
  class space    used 283K, committed 320K, reserved 1048576K
}
Event: 0.839 GC heap before
{Heap before GC invocations=1 (full 0):
 garbage-first heap   total 260096K, used 29304K [0x0000000702000000, 0x0000000800000000)
  region size 2048K, 14 young (28672K), 2 survivors (4096K)
 Metaspace       used 8202K, committed 8384K, reserved 1064960K
  class space    used 1063K, committed 1152K, reserved 1048576K
}
Event: 0.842 GC heap after
{Heap after GC invocations=2 (full 0):
 garbage-first heap   total 260096K, used 8421K [0x0000000702000000, 0x0000000800000000)
  region size 2048K, 1 young (2048K), 1 survivors (2048K)
 Metaspace       used 8202K, committed 8384K, reserved 1064960K
  class space    used 1063K, committed 1152K, reserved 1048576K
}
Event: 1.931 GC heap before
{Heap before GC invocations=2 (full 0):
 garbage-first heap   total 260096K, used 159973K [0x0000000702000000, 0x0000000800000000)
  region size 2048K, 73 young (149504K), 1 survivors (2048K)
 Metaspace       used 15475K, committed 15680K, reserved 1064960K
  class space    used 1456K, committed 1536K, reserved 1048576K
}
Event: 1.933 GC heap after
{Heap after GC invocations=3 (full 0):
 garbage-first heap   total 260096K, used 9522K [0x0000000702000000, 0x0000000800000000)
  region size 2048K, 2 young (4096K), 2 survivors (4096K)
 Metaspace       used 15475K, committed 15680K, reserved 1064960K
  class space    used 1456K, committed 1536K, reserved 1048576K
}

Deoptimization events (20 events):
Event: 2.054 Thread 0x0000015491ec6640 DEOPT PACKING pc=0x0000015480924f98 sp=0x0000004b56cfda30
Event: 2.054 Thread 0x0000015491ec6640 DEOPT UNPACKING pc=0x0000015480052b43 sp=0x0000004b56cfcf38 mode 0
Event: 2.054 Thread 0x0000015491ec6640 DEOPT PACKING pc=0x0000015480924f98 sp=0x0000004b56cfda30
Event: 2.054 Thread 0x0000015491ec6640 DEOPT UNPACKING pc=0x0000015480052b43 sp=0x0000004b56cfcf38 mode 0
Event: 2.054 Thread 0x0000015491ec6640 DEOPT PACKING pc=0x0000015480924f98 sp=0x0000004b56cfda30
Event: 2.054 Thread 0x0000015491ec6640 DEOPT UNPACKING pc=0x0000015480052b43 sp=0x0000004b56cfcf38 mode 0
Event: 2.055 Thread 0x0000015491ec6640 DEOPT PACKING pc=0x0000015480924f98 sp=0x0000004b56cfda30
Event: 2.055 Thread 0x0000015491ec6640 DEOPT UNPACKING pc=0x0000015480052b43 sp=0x0000004b56cfcf38 mode 0
Event: 2.055 Thread 0x0000015491ec6640 DEOPT PACKING pc=0x0000015480924f98 sp=0x0000004b56cfda30
Event: 2.055 Thread 0x0000015491ec6640 DEOPT UNPACKING pc=0x0000015480052b43 sp=0x0000004b56cfcf38 mode 0
Event: 2.055 Thread 0x0000015491ec6640 DEOPT PACKING pc=0x0000015480924f98 sp=0x0000004b56cfda30
Event: 2.055 Thread 0x0000015491ec6640 DEOPT UNPACKING pc=0x0000015480052b43 sp=0x0000004b56cfcf38 mode 0
Event: 2.056 Thread 0x0000015491ec6640 DEOPT PACKING pc=0x0000015480924f98 sp=0x0000004b56cfda30
Event: 2.056 Thread 0x0000015491ec6640 DEOPT UNPACKING pc=0x0000015480052b43 sp=0x0000004b56cfcf38 mode 0
Event: 2.056 Thread 0x0000015491ec6640 DEOPT PACKING pc=0x0000015480924f98 sp=0x0000004b56cfda30
Event: 2.056 Thread 0x0000015491ec6640 DEOPT UNPACKING pc=0x0000015480052b43 sp=0x0000004b56cfcf38 mode 0
Event: 2.056 Thread 0x0000015491ec6640 DEOPT PACKING pc=0x0000015480924f98 sp=0x0000004b56cfda30
Event: 2.056 Thread 0x0000015491ec6640 DEOPT UNPACKING pc=0x0000015480052b43 sp=0x0000004b56cfcf38 mode 0
Event: 2.057 Thread 0x0000015491ec6640 DEOPT PACKING pc=0x0000015480924f98 sp=0x0000004b56cfda30
Event: 2.057 Thread 0x0000015491ec6640 DEOPT UNPACKING pc=0x0000015480052b43 sp=0x0000004b56cfcf38 mode 0

Classes unloaded (0 events):
No events

Classes redefined (0 events):
No events

Internal exceptions (20 events):
Event: 1.013 Thread 0x0000015491ec6640 Exception <a 'java/lang/UnsatisfiedLinkError'{0x00000007113fb340}> (0x00000007113fb340) 
thrown [t:\workspace\open\src\hotspot\share\prims\jvm.cpp, line 3380]
Event: 1.013 Thread 0x0000015491ec6640 Exception <a 'java/lang/UnsatisfiedLinkError'{0x00000007113fb340}> (0x00000007113fb340) 
thrown [t:\workspace\open\src\hotspot\share\prims\jni.cpp, line 516]
Event: 1.042 Thread 0x0000015491ec6640 Exception <a 'java/lang/UnsatisfiedLinkError'{0x0000000710f50538}> (0x0000000710f50538) 
thrown [t:\workspace\open\src\hotspot\share\prims\jvm.cpp, line 3380]
Event: 1.042 Thread 0x0000015491ec6640 Exception <a 'java/lang/UnsatisfiedLinkError'{0x0000000710f50538}> (0x0000000710f50538) 
thrown [t:\workspace\open\src\hotspot\share\prims\jni.cpp, line 516]
Event: 1.042 Thread 0x0000015491ec6640 Exception <a 'java/lang/UnsatisfiedLinkError'{0x0000000710f50b50}> (0x0000000710f50b50) 
thrown [t:\workspace\open\src\hotspot\share\oops\instanceKlass.cpp, line 1163]
Event: 1.043 Thread 0x0000015491ec6640 Exception <a 'java/lang/reflect/InvocationTargetException'{0x0000000710f51aa0}> (0x0000000710f51aa0) 
thrown [t:\workspace\open\src\hotspot\share\runtime\reflection.cpp, line 1121]
Event: 1.072 Thread 0x0000015491ec6640 Exception <a 'java/lang/UnsatisfiedLinkError'{0x0000000710d7e4c8}> (0x0000000710d7e4c8) 
thrown [t:\workspace\open\src\hotspot\share\prims\jvm.cpp, line 3380]
Event: 1.072 Thread 0x0000015491ec6640 Exception <a 'java/lang/UnsatisfiedLinkError'{0x0000000710d7e4c8}> (0x0000000710d7e4c8) 
thrown [t:\workspace\open\src\hotspot\share\prims\jni.cpp, line 516]
Event: 1.073 Thread 0x0000015491ec6640 Exception <a 'java/lang/UnsatisfiedLinkError'{0x0000000710d7eb20}> (0x0000000710d7eb20) 
thrown [t:\workspace\open\src\hotspot\share\oops\instanceKlass.cpp, line 1163]
Event: 1.073 Thread 0x0000015491ec6640 Exception <a 'java/lang/reflect/InvocationTargetException'{0x0000000710d7ff98}> (0x0000000710d7ff98) 
thrown [t:\workspace\open\src\hotspot\share\runtime\reflection.cpp, line 1121]
Event: 1.151 Thread 0x0000015491ec6640 Exception <a 'java/lang/UnsatisfiedLinkError'{0x00000007106ff9e8}> (0x00000007106ff9e8) 
thrown [t:\workspace\open\src\hotspot\share\prims\jvm.cpp, line 3380]
Event: 1.151 Thread 0x0000015491ec6640 Exception <a 'java/lang/UnsatisfiedLinkError'{0x00000007106ff9e8}> (0x00000007106ff9e8) 
thrown [t:\workspace\open\src\hotspot\share\prims\jni.cpp, line 516]
Event: 1.161 Thread 0x0000015491ec6640 Exception <a 'java/lang/UnsatisfiedLinkError'{0x0000000710452bd0}> (0x0000000710452bd0) 
thrown [t:\workspace\open\src\hotspot\share\prims\jvm.cpp, line 3380]
Event: 1.161 Thread 0x0000015491ec6640 Exception <a 'java/lang/UnsatisfiedLinkError'{0x0000000710452bd0}> (0x0000000710452bd0) 
thrown [t:\workspace\open\src\hotspot\share\prims\jni.cpp, line 516]
Event: 1.165 Thread 0x0000015491ec6640 Exception <a 'java/lang/UnsatisfiedLinkError'{0x00000007104b4920}> (0x00000007104b4920) 
thrown [t:\workspace\open\src\hotspot\share\prims\jvm.cpp, line 3380]
Event: 1.165 Thread 0x0000015491ec6640 Exception <a 'java/lang/UnsatisfiedLinkError'{0x00000007104b4920}> (0x00000007104b4920) 
thrown [t:\workspace\open\src\hotspot\share\prims\jni.cpp, line 516]
Event: 1.165 Thread 0x0000015491ec6640 Exception <a 'java/lang/UnsatisfiedLinkError'{0x00000007104b4f58}> (0x00000007104b4f58) 
thrown [t:\workspace\open\src\hotspot\share\oops\instanceKlass.cpp, line 1163]
Event: 1.165 Thread 0x0000015491ec6640 Exception <a 'java/lang/reflect/InvocationTargetException'{0x00000007104b6400}> (0x00000007104b6400) 
thrown [t:\workspace\open\src\hotspot\share\runtime\reflection.cpp, line 1121]
Event: 1.980 Thread 0x0000015491ec6640 Exception <a 'java/lang/UnsatisfiedLinkError'{0x0000000711d59e88}: 'int cl.eye.CLCamera.CLEyeGetCameraCount()'> (0x0000000711d59e88) 
thrown [t:\workspace\open\src\hotspot\share\prims\nativeLookup.cpp, line 543]
Event: 1.980 Thread 0x0000015491ec6640 Exception <a 'java/lang/reflect/InvocationTargetException'{0x0000000711d5a158}> (0x0000000711d5a158) 
thrown [t:\workspace\open\src\hotspot\share\runtime\reflection.cpp, line 1121]

VM Operations (20 events):
Event: 0.179 Executing VM operation: HandshakeAllThreads
Event: 0.179 Executing VM operation: HandshakeAllThreads done
Event: 0.333 Executing VM operation: HandshakeAllThreads
Event: 0.333 Executing VM operation: HandshakeAllThreads done
Event: 0.457 Executing VM operation: HandshakeAllThreads
Event: 0.457 Executing VM operation: HandshakeAllThreads done
Event: 0.462 Executing VM operation: G1CollectForAllocation
Event: 0.466 Executing VM operation: G1CollectForAllocation done
Event: 0.700 Executing VM operation: HandshakeAllThreads
Event: 0.700 Executing VM operation: HandshakeAllThreads done
Event: 0.719 Executing VM operation: HandshakeAllThreads
Event: 0.719 Executing VM operation: HandshakeAllThreads done
Event: 0.839 Executing VM operation: G1CollectForAllocation
Event: 0.842 Executing VM operation: G1CollectForAllocation done
Event: 1.043 Executing VM operation: HandshakeAllThreads
Event: 1.043 Executing VM operation: HandshakeAllThreads done
Event: 1.382 Executing VM operation: HandshakeAllThreads
Event: 1.382 Executing VM operation: HandshakeAllThreads done
Event: 1.930 Executing VM operation: G1CollectForAllocation
Event: 1.933 Executing VM operation: G1CollectForAllocation done

Events (20 events):
Event: 1.161 Loading shared library C:\Users\Alexander\.javacpp\cache\libfreenect2-0.2.0-1.5.9-windows-x86_64.jar\org\bytedeco\libfreenect2\windows-x86_64\freenect2.dll failed, error code 126
Event: 1.165 Loading shared library C:\Users\Alexander\.javacpp\cache\libfreenect2-0.2.0-1.5.9-windows-x86_64.jar\org\bytedeco\libfreenect2\windows-x86_64\jnifreenect2.dll failed, error code 126
Event: 1.186 Loaded shared library C:\Users\Alexander\.javacpp\cache\librealsense-1.12.4-1.5.9-windows-x86_64.jar\org\bytedeco\librealsense\windows-x86_64\realsense.dll
Event: 1.189 Loaded shared library C:\Users\Alexander\.javacpp\cache\librealsense-1.12.4-1.5.9-windows-x86_64.jar\org\bytedeco\librealsense\windows-x86_64\jniRealSense.dll
Event: 1.347 Loaded shared library C:\Users\Alexander\.javacpp\cache\librealsense2-2.53.1-1.5.9-windows-x86_64.jar\org\bytedeco\librealsense2\windows-x86_64\realsense2.dll
Event: 1.350 Loaded shared library C:\Users\Alexander\.javacpp\cache\librealsense2-2.53.1-1.5.9-windows-x86_64.jar\org\bytedeco\librealsense2\windows-x86_64\jnirealsense2.dll
Event: 1.373 loading class java/util/concurrent/Executors$FinalizableDelegatedExecutorService
Event: 1.373 loading class java/util/concurrent/Executors$DelegatedExecutorService
Event: 1.373 loading class java/util/concurrent/Executors$DelegatedExecutorService done
Event: 1.373 loading class java/util/concurrent/Executors$FinalizableDelegatedExecutorService done
Event: 1.382 loading class java/util/ArrayList$ListItr
Event: 1.382 loading class java/util/ArrayList$ListItr done
Event: 1.396 Loaded shared library C:\Users\Alexander\.javacpp\cache\openblas-0.3.23-1.5.9-windows-x86_64.jar\org\bytedeco\openblas\windows-x86_64\libopenblas_nolapack.dll
Event: 1.404 Loaded shared library C:\Users\Alexander\.javacpp\cache\openblas-0.3.23-1.5.9-windows-x86_64.jar\org\bytedeco\openblas\windows-x86_64\jniopenblas_nolapack.dll
Event: 1.451 Loaded shared library C:\Users\Alexander\.javacpp\cache\openblas-0.3.23-1.5.9-windows-x86_64.jar\org\bytedeco\openblas\windows-x86_64\libopenblas.dll
Event: 1.460 Loaded shared library C:\Users\Alexander\.javacpp\cache\openblas-0.3.23-1.5.9-windows-x86_64.jar\org\bytedeco\openblas\windows-x86_64\jniopenblas.dll
Event: 1.810 Loaded shared library C:\Users\Alexander\.javacpp\cache\opencv-4.7.0-1.5.9-windows-x86_64.jar\org\bytedeco\opencv\windows-x86_64\opencv_core470.dll
Event: 1.832 Loaded shared library C:\Users\Alexander\.javacpp\cache\opencv-4.7.0-1.5.9-windows-x86_64.jar\org\bytedeco\opencv\windows-x86_64\opencv_imgproc470.dll
Event: 1.853 Loaded shared library C:\Users\Alexander\.javacpp\cache\opencv-4.7.0-1.5.9-windows-x86_64.jar\org\bytedeco\opencv\windows-x86_64\jniopencv_core.dll
Event: 2.004 Loaded shared library C:\Users\Alexander\.javacpp\cache\videoinput-0.200-1.5.9-windows-x86_64.jar\org\bytedeco\videoinput\windows-x86_64\jnivideoInputLib.dll


Dynamic libraries:
0x00007ff7d1de0000 - 0x00007ff7d1df0000 	C:\Program Files\Java\jdk-17\bin\java.exe
0x00007ffd8c150000 - 0x00007ffd8c348000 	C:\WINDOWS\SYSTEM32\ntdll.dll
0x00007ffd8bfd0000 - 0x00007ffd8c08f000 	C:\WINDOWS\System32\KERNEL32.DLL
0x00007ffd89b90000 - 0x00007ffd89e86000 	C:\WINDOWS\System32\KERNELBASE.dll
0x00007ffd89f30000 - 0x00007ffd8a030000 	C:\WINDOWS\System32\ucrtbase.dll
0x00007ffd7ace0000 - 0x00007ffd7acf8000 	C:\Program Files\Java\jdk-17\bin\jli.dll
0x00007ffd71ee0000 - 0x00007ffd71efa000 	C:\Program Files\Java\jdk-17\bin\VCRUNTIME140.dll
0x00007ffd8bbf0000 - 0x00007ffd8bc9f000 	C:\WINDOWS\System32\ADVAPI32.dll
0x00007ffd8a640000 - 0x00007ffd8a6de000 	C:\WINDOWS\System32\msvcrt.dll
0x00007ffd8bf30000 - 0x00007ffd8bfcc000 	C:\WINDOWS\System32\sechost.dll
0x00007ffd8bac0000 - 0x00007ffd8bbe6000 	C:\WINDOWS\System32\RPCRT4.dll
0x00007ffd8aa70000 - 0x00007ffd8ac0d000 	C:\WINDOWS\System32\USER32.dll
0x00007ffd8a030000 - 0x00007ffd8a052000 	C:\WINDOWS\System32\win32u.dll
0x00007ffd6ef80000 - 0x00007ffd6f21a000 	C:\WINDOWS\WinSxS\amd64_microsoft.windows.common-controls_6595b64144ccf1df_6.0.19041.1110_none_60b5254171f9507e\COMCTL32.dll
0x00007ffd8a7c0000 - 0x00007ffd8a7ec000 	C:\WINDOWS\System32\GDI32.dll
0x00007ffd8a060000 - 0x00007ffd8a175000 	C:\WINDOWS\System32\gdi32full.dll
0x00007ffd89e90000 - 0x00007ffd89f2d000 	C:\WINDOWS\System32\msvcp_win.dll
0x00007ffd81440000 - 0x00007ffd8144a000 	C:\WINDOWS\SYSTEM32\VERSION.dll
0x00007ffd8bea0000 - 0x00007ffd8bed0000 	C:\WINDOWS\System32\IMM32.DLL
0x00007ffd75690000 - 0x00007ffd7569c000 	C:\Program Files\Java\jdk-17\bin\vcruntime140_1.dll
0x00007ffd62120000 - 0x00007ffd621ad000 	C:\Program Files\Java\jdk-17\bin\msvcp140.dll
0x00007ffd254c0000 - 0x00007ffd2607e000 	C:\Program Files\Java\jdk-17\bin\server\jvm.dll
0x00007ffd8a7b0000 - 0x00007ffd8a7b8000 	C:\WINDOWS\System32\PSAPI.DLL
0x00007ffd85010000 - 0x00007ffd85019000 	C:\WINDOWS\SYSTEM32\WSOCK32.dll
0x00007ffd71890000 - 0x00007ffd718b7000 	C:\WINDOWS\SYSTEM32\WINMM.dll
0x00007ffd8b7e0000 - 0x00007ffd8b84b000 	C:\WINDOWS\System32\WS2_32.dll
0x00007ffd88020000 - 0x00007ffd88032000 	C:\WINDOWS\SYSTEM32\kernel.appcore.dll
0x00007ffd75640000 - 0x00007ffd7564a000 	C:\Program Files\Java\jdk-17\bin\jimage.dll
0x00007ffd87570000 - 0x00007ffd87754000 	C:\WINDOWS\SYSTEM32\DBGHELP.DLL
0x00007ffd73100000 - 0x00007ffd73134000 	C:\WINDOWS\SYSTEM32\dbgcore.DLL
0x00007ffd89950000 - 0x00007ffd899d2000 	C:\WINDOWS\System32\bcryptPrimitives.dll
0x00007ffd851e0000 - 0x00007ffd851ee000 	C:\Program Files\Java\jdk-17\bin\instrument.dll
0x00007ffd71d60000 - 0x00007ffd71d85000 	C:\Program Files\Java\jdk-17\bin\java.dll
0x00007ffd589a0000 - 0x00007ffd58a76000 	C:\Program Files\Java\jdk-17\bin\svml.dll
0x00007ffd8ac10000 - 0x00007ffd8b354000 	C:\WINDOWS\System32\SHELL32.dll
0x00007ffd87870000 - 0x00007ffd88003000 	C:\WINDOWS\SYSTEM32\windows.storage.dll
0x00007ffd8a2e0000 - 0x00007ffd8a634000 	C:\WINDOWS\System32\combase.dll
0x00007ffd89250000 - 0x00007ffd8927e000 	C:\WINDOWS\SYSTEM32\Wldp.dll
0x00007ffd8a6e0000 - 0x00007ffd8a78d000 	C:\WINDOWS\System32\SHCORE.dll
0x00007ffd8bed0000 - 0x00007ffd8bf25000 	C:\WINDOWS\System32\shlwapi.dll
0x00007ffd89760000 - 0x00007ffd89785000 	C:\WINDOWS\SYSTEM32\profapi.dll
0x00007ffd71d40000 - 0x00007ffd71d59000 	C:\Program Files\Java\jdk-17\bin\net.dll
0x00007ffd81870000 - 0x00007ffd8197a000 	C:\WINDOWS\SYSTEM32\WINHTTP.dll
0x00007ffd88f70000 - 0x00007ffd88fda000 	C:\WINDOWS\system32\mswsock.dll
0x00007ffd71d20000 - 0x00007ffd71d35000 	C:\Program Files\Java\jdk-17\bin\nio.dll
0x00007ffd6f7e0000 - 0x00007ffd6f7f8000 	C:\Program Files\Java\jdk-17\bin\zip.dll
0x00007ffd7f2b0000 - 0x00007ffd7f2ca000 	C:\Users\Alexander\AppData\Local\JetBrains\Toolbox\apps\IDEA-U\ch-0\232.8660.185\bin\breakgen64.dll
0x00000154ed0a0000 - 0x00000154ed0a3000 	D:\herramientas\openjfx-15.0.1_windows-x64_bin-sdk\javafx-sdk-15.0.1\bin\api-ms-win-core-console-l1-1-0.dll
0x00000154ff2a0000 - 0x00000154ff2a3000 	D:\herramientas\openjfx-15.0.1_windows-x64_bin-sdk\javafx-sdk-15.0.1\bin\api-ms-win-core-console-l1-2-0.dll
0x00000154ff2b0000 - 0x00000154ff2b3000 	D:\herramientas\openjfx-15.0.1_windows-x64_bin-sdk\javafx-sdk-15.0.1\bin\api-ms-win-core-datetime-l1-1-0.dll
0x00000154ff2c0000 - 0x00000154ff2c3000 	D:\herramientas\openjfx-15.0.1_windows-x64_bin-sdk\javafx-sdk-15.0.1\bin\api-ms-win-core-debug-l1-1-0.dll
0x00000154ff2d0000 - 0x00000154ff2d3000 	D:\herramientas\openjfx-15.0.1_windows-x64_bin-sdk\javafx-sdk-15.0.1\bin\api-ms-win-core-errorhandling-l1-1-0.dll
0x00000154ff2e0000 - 0x00000154ff2e4000 	D:\herramientas\openjfx-15.0.1_windows-x64_bin-sdk\javafx-sdk-15.0.1\bin\api-ms-win-core-file-l1-1-0.dll
0x00000154ff2f0000 - 0x00000154ff2f3000 	D:\herramientas\openjfx-15.0.1_windows-x64_bin-sdk\javafx-sdk-15.0.1\bin\api-ms-win-core-file-l1-2-0.dll
0x00000154ff300000 - 0x00000154ff303000 	D:\herramientas\openjfx-15.0.1_windows-x64_bin-sdk\javafx-sdk-15.0.1\bin\api-ms-win-core-file-l2-1-0.dll
0x00000154ff310000 - 0x00000154ff313000 	D:\herramientas\openjfx-15.0.1_windows-x64_bin-sdk\javafx-sdk-15.0.1\bin\api-ms-win-core-handle-l1-1-0.dll
0x00000154ff320000 - 0x00000154ff323000 	D:\herramientas\openjfx-15.0.1_windows-x64_bin-sdk\javafx-sdk-15.0.1\bin\api-ms-win-core-heap-l1-1-0.dll
0x00000154ff330000 - 0x00000154ff333000 	D:\herramientas\openjfx-15.0.1_windows-x64_bin-sdk\javafx-sdk-15.0.1\bin\api-ms-win-core-interlocked-l1-1-0.dll
0x00000154ff340000 - 0x00000154ff343000 	D:\herramientas\openjfx-15.0.1_windows-x64_bin-sdk\javafx-sdk-15.0.1\bin\api-ms-win-core-libraryloader-l1-1-0.dll
0x00000154ff350000 - 0x00000154ff353000 	D:\herramientas\openjfx-15.0.1_windows-x64_bin-sdk\javafx-sdk-15.0.1\bin\api-ms-win-core-localization-l1-2-0.dll
0x00000154ff360000 - 0x00000154ff363000 	D:\herramientas\openjfx-15.0.1_windows-x64_bin-sdk\javafx-sdk-15.0.1\bin\api-ms-win-core-memory-l1-1-0.dll
0x00000154ff370000 - 0x00000154ff373000 	D:\herramientas\openjfx-15.0.1_windows-x64_bin-sdk\javafx-sdk-15.0.1\bin\api-ms-win-core-namedpipe-l1-1-0.dll
0x00000154ff380000 - 0x00000154ff383000 	D:\herramientas\openjfx-15.0.1_windows-x64_bin-sdk\javafx-sdk-15.0.1\bin\api-ms-win-core-processenvironment-l1-1-0.dll
0x00000154ff390000 - 0x00000154ff393000 	D:\herramientas\openjfx-15.0.1_windows-x64_bin-sdk\javafx-sdk-15.0.1\bin\api-ms-win-core-processthreads-l1-1-0.dll
0x00000154ff3a0000 - 0x00000154ff3a3000 	D:\herramientas\openjfx-15.0.1_windows-x64_bin-sdk\javafx-sdk-15.0.1\bin\api-ms-win-core-processthreads-l1-1-1.dll
0x00000154ff3b0000 - 0x00000154ff3b3000 	D:\herramientas\openjfx-15.0.1_windows-x64_bin-sdk\javafx-sdk-15.0.1\bin\api-ms-win-core-profile-l1-1-0.dll
0x00000154ff3c0000 - 0x00000154ff3c3000 	D:\herramientas\openjfx-15.0.1_windows-x64_bin-sdk\javafx-sdk-15.0.1\bin\api-ms-win-core-rtlsupport-l1-1-0.dll
0x00000154ff3d0000 - 0x00000154ff3d3000 	D:\herramientas\openjfx-15.0.1_windows-x64_bin-sdk\javafx-sdk-15.0.1\bin\api-ms-win-core-string-l1-1-0.dll
0x00000154ff3e0000 - 0x00000154ff3e3000 	D:\herramientas\openjfx-15.0.1_windows-x64_bin-sdk\javafx-sdk-15.0.1\bin\api-ms-win-core-synch-l1-1-0.dll
0x00000154ff3f0000 - 0x00000154ff3f3000 	D:\herramientas\openjfx-15.0.1_windows-x64_bin-sdk\javafx-sdk-15.0.1\bin\api-ms-win-core-synch-l1-2-0.dll
0x00000154927d0000 - 0x00000154927d3000 	D:\herramientas\openjfx-15.0.1_windows-x64_bin-sdk\javafx-sdk-15.0.1\bin\api-ms-win-core-sysinfo-l1-1-0.dll
0x00000154927e0000 - 0x00000154927e3000 	D:\herramientas\openjfx-15.0.1_windows-x64_bin-sdk\javafx-sdk-15.0.1\bin\api-ms-win-core-timezone-l1-1-0.dll
0x00000154927f0000 - 0x00000154927f3000 	D:\herramientas\openjfx-15.0.1_windows-x64_bin-sdk\javafx-sdk-15.0.1\bin\api-ms-win-core-util-l1-1-0.dll
0x0000015492800000 - 0x0000015492803000 	D:\herramientas\openjfx-15.0.1_windows-x64_bin-sdk\javafx-sdk-15.0.1\bin\api-ms-win-crt-conio-l1-1-0.dll
0x0000015492810000 - 0x0000015492814000 	D:\herramientas\openjfx-15.0.1_windows-x64_bin-sdk\javafx-sdk-15.0.1\bin\api-ms-win-crt-convert-l1-1-0.dll
0x0000015492820000 - 0x0000015492823000 	D:\herramientas\openjfx-15.0.1_windows-x64_bin-sdk\javafx-sdk-15.0.1\bin\api-ms-win-crt-environment-l1-1-0.dll
0x0000015492830000 - 0x0000015492833000 	D:\herramientas\openjfx-15.0.1_windows-x64_bin-sdk\javafx-sdk-15.0.1\bin\api-ms-win-crt-filesystem-l1-1-0.dll
0x0000015492840000 - 0x0000015492843000 	D:\herramientas\openjfx-15.0.1_windows-x64_bin-sdk\javafx-sdk-15.0.1\bin\api-ms-win-crt-heap-l1-1-0.dll
0x0000015492850000 - 0x0000015492853000 	D:\herramientas\openjfx-15.0.1_windows-x64_bin-sdk\javafx-sdk-15.0.1\bin\api-ms-win-crt-locale-l1-1-0.dll
0x0000015492860000 - 0x0000015492865000 	D:\herramientas\openjfx-15.0.1_windows-x64_bin-sdk\javafx-sdk-15.0.1\bin\api-ms-win-crt-math-l1-1-0.dll
0x0000015492870000 - 0x0000015492875000 	D:\herramientas\openjfx-15.0.1_windows-x64_bin-sdk\javafx-sdk-15.0.1\bin\api-ms-win-crt-multibyte-l1-1-0.dll
0x0000015492880000 - 0x0000015492890000 	D:\herramientas\openjfx-15.0.1_windows-x64_bin-sdk\javafx-sdk-15.0.1\bin\api-ms-win-crt-private-l1-1-0.dll
0x0000015492890000 - 0x0000015492893000 	D:\herramientas\openjfx-15.0.1_windows-x64_bin-sdk\javafx-sdk-15.0.1\bin\api-ms-win-crt-process-l1-1-0.dll
0x00000154928a0000 - 0x00000154928a4000 	D:\herramientas\openjfx-15.0.1_windows-x64_bin-sdk\javafx-sdk-15.0.1\bin\api-ms-win-crt-runtime-l1-1-0.dll
0x00000154928b0000 - 0x00000154928b4000 	D:\herramientas\openjfx-15.0.1_windows-x64_bin-sdk\javafx-sdk-15.0.1\bin\api-ms-win-crt-stdio-l1-1-0.dll
0x00000154928c0000 - 0x00000154928c4000 	D:\herramientas\openjfx-15.0.1_windows-x64_bin-sdk\javafx-sdk-15.0.1\bin\api-ms-win-crt-string-l1-1-0.dll
0x00000154928d0000 - 0x00000154928d3000 	D:\herramientas\openjfx-15.0.1_windows-x64_bin-sdk\javafx-sdk-15.0.1\bin\api-ms-win-crt-time-l1-1-0.dll
0x00000154928e0000 - 0x00000154928e3000 	D:\herramientas\openjfx-15.0.1_windows-x64_bin-sdk\javafx-sdk-15.0.1\bin\api-ms-win-crt-utility-l1-1-0.dll
0x00007ffd643f0000 - 0x00007ffd644ec000 	D:\herramientas\openjfx-15.0.1_windows-x64_bin-sdk\javafx-sdk-15.0.1\bin\ucrtbase.dll
0x00007ffd7f280000 - 0x00007ffd7f295000 	D:\herramientas\openjfx-15.0.1_windows-x64_bin-sdk\javafx-sdk-15.0.1\bin\vcruntime140.dll
0x00007ffd63ea0000 - 0x00007ffd63f3b000 	D:\herramientas\openjfx-15.0.1_windows-x64_bin-sdk\javafx-sdk-15.0.1\bin\msvcp140.dll
0x00007ffd71cf0000 - 0x00007ffd71d13000 	D:\herramientas\openjfx-15.0.1_windows-x64_bin-sdk\javafx-sdk-15.0.1\bin\prism_d3d.dll
0x00007ffd636e0000 - 0x00007ffd638ad000 	C:\WINDOWS\system32\d3d9.dll
0x00007ffd870f0000 - 0x00007ffd8711f000 	C:\WINDOWS\SYSTEM32\dwmapi.dll
0x00007ffd86d30000 - 0x00007ffd86dce000 	C:\WINDOWS\system32\uxtheme.dll
0x00007ffd63570000 - 0x00007ffd636d3000 	C:\WINDOWS\System32\DriverStore\FileRepository\iigd_dch.inf_amd64_7d90afac159f566c\igdumdim64.dll
0x00007ffd20910000 - 0x00007ffd24352000 	C:\WINDOWS\System32\DriverStore\FileRepository\iigd_dch.inf_amd64_7d90afac159f566c\igd9dxva64.dll
0x00007ffd8a1b0000 - 0x00007ffd8a2da000 	C:\WINDOWS\System32\ole32.dll
0x00007ffd8a7f0000 - 0x00007ffd8a8bd000 	C:\WINDOWS\System32\OLEAUT32.dll
0x00007ffd8b360000 - 0x00007ffd8b7ce000 	C:\WINDOWS\System32\SETUPAPI.dll
0x00007ffd899e0000 - 0x00007ffd89a2e000 	C:\WINDOWS\System32\cfgmgr32.dll
0x00007ffd8a180000 - 0x00007ffd8a1a7000 	C:\WINDOWS\System32\bcrypt.dll
0x00007ffd79930000 - 0x00007ffd79b6f000 	C:\WINDOWS\System32\DriverStore\FileRepository\iigd_dch.inf_amd64_7d90afac159f566c\igdgmm64.dll
0x00007ffd71ca0000 - 0x00007ffd71ce5000 	D:\herramientas\openjfx-15.0.1_windows-x64_bin-sdk\javafx-sdk-15.0.1\bin\glass.dll
0x00007ffd8b8c0000 - 0x00007ffd8b99a000 	C:\WINDOWS\System32\COMDLG32.dll
0x00007ffd8b9a0000 - 0x00007ffd8bab4000 	C:\WINDOWS\System32\MSCTF.dll
0x00007ffd714c0000 - 0x00007ffd714e7000 	C:\WINDOWS\System32\DriverStore\FileRepository\iigd_dch.inf_amd64_7d90afac159f566c\igdinfo64.dll
0x00007ffd89110000 - 0x00007ffd89128000 	C:\WINDOWS\SYSTEM32\CRYPTSP.dll
0x00007ffd88830000 - 0x00007ffd88864000 	C:\WINDOWS\system32\rsaenh.dll
0x00007ffd89130000 - 0x00007ffd8913c000 	C:\WINDOWS\SYSTEM32\CRYPTBASE.dll
0x00007ffd76c20000 - 0x00007ffd797e9000 	C:\WINDOWS\System32\DriverStore\FileRepository\iigd_dch.inf_amd64_7d90afac159f566c\igc64.dll
0x00007ffd7d860000 - 0x00007ffd7d89b000 	C:\WINDOWS\SYSTEM32\dxcore.dll
0x00007ffd714a0000 - 0x00007ffd714b4000 	D:\herramientas\openjfx-15.0.1_windows-x64_bin-sdk\javafx-sdk-15.0.1\bin\javafx_font.dll
0x00007ffd66b80000 - 0x00007ffd66dff000 	C:\WINDOWS\SYSTEM32\dwrite.dll
0x00007ffd8bd60000 - 0x00007ffd8be09000 	C:\WINDOWS\System32\clbcatq.dll
0x00007ffd81010000 - 0x00007ffd811c4000 	C:\WINDOWS\SYSTEM32\WindowsCodecs.dll
0x00007ffd6c690000 - 0x00007ffd6c6ce000 	C:\WINDOWS\system32\dataexchange.dll
0x00007ffd86070000 - 0x00007ffd86253000 	C:\WINDOWS\system32\dcomp.dll
0x00007ffd85280000 - 0x00007ffd854e3000 	C:\WINDOWS\system32\d3d11.dll
0x00007ffd88090000 - 0x00007ffd88183000 	C:\WINDOWS\system32\dxgi.dll
0x00007ffd81bc0000 - 0x00007ffd81dc7000 	C:\WINDOWS\system32\twinapi.appcore.dll
0x00007ffd6eee0000 - 0x00007ffd6ef14000 	C:\Program Files\Common Files\Microsoft Shared\Ink\rtscom.dll
0x00007ffd7d5c0000 - 0x00007ffd7d6ba000 	C:\WINDOWS\SYSTEM32\textinputframework.dll
0x00007ffd865e0000 - 0x00007ffd8693e000 	C:\WINDOWS\System32\CoreUIComponents.dll
0x00007ffd86940000 - 0x00007ffd86a32000 	C:\WINDOWS\System32\CoreMessaging.dll
0x00007ffd88950000 - 0x00007ffd88983000 	C:\WINDOWS\SYSTEM32\ntmarta.dll
0x00007ffd85f10000 - 0x00007ffd86064000 	C:\WINDOWS\SYSTEM32\wintypes.dll
0x00000154973b0000 - 0x00000154973b4000 	C:\Users\Alexander\.javacpp\cache\javacpp-1.5.9-windows-x86_64.jar\org\bytedeco\javacpp\windows-x86_64\api-ms-win-crt-locale-l1-1-0.dll

dbghelp: loaded successfully - version: 4.0.5 - missing functions: none
symbol engine: initialized successfully - sym options: 0x614 - pdb path: .;C:\Program Files\Java\jdk-17\bin;C:\WINDOWS\SYSTEM32;C:\WINDOWS\WinSxS\amd64_microsoft.windows.common-controls_6595b64144ccf1df_6.0.19041.1110_none_60b5254171f9507e;C:\Program Files\Java\jdk-17\bin\server;C:\Users\Alexander\AppData\Local\JetBrains\Toolbox\apps\IDEA-U\ch-0\232.8660.185\bin;D:\herramientas\openjfx-15.0.1_windows-x64_bin-sdk\javafx-sdk-15.0.1\bin;C:\WINDOWS\System32\DriverStore\FileRepository\iigd_dch.inf_amd64_7d90afac159f566c;C:\Program Files\Common Files\Microsoft Shared\Ink;C:\Users\Alexander\.javacpp\cache\javacpp-1.5.9-windows-x86_64.jar\org\bytedeco\javacpp\windows-x86_64;C:\Users\Alexander\.javacpp\cache\libdc1394-2.2.6-1.5.9-windows-x86_64.jar\org\bytedeco\libdc1394\windows-x86_64;C:\Users\Alexander\.javacpp\cache\libfreenect-0.5.7-1.5.9-windows-x86_64.jar\org\bytedeco\libfreenect\windows-x86_64;C:\Users\Alexander\.javacpp\cache\libfreenect2-0.2.0-1.5.9-windows-x86_64.jar\org\bytedeco\libfreenect2\windows-x86_64;C:\Users\Alexander\.javacpp\cache\librealsense-1.12.4-1.5.9-windows-x86_64.jar\org\bytedeco\librealsense\windows-x86_64;C:\Users\Alexander\.javacpp\cache\librealsense2-2.53.1-1.5.9-windows-x86_64.jar\org\bytedeco\librealsense2\windows-x86_64;C:\Users\Alexander\.javacpp\cache\openblas-0.3.23-1.5.9-windows-x86_64.jar\org\bytedeco\openblas\windows-x86_64;C:\Users\Alexander\.javacpp\cache\opencv-4.7.0-1.5.9-windows-x86_64.jar\org\bytedeco\opencv\windows-x86_64;C:\Users\Alexander\.javacpp\cache\videoinput-0.200-1.5.9-windows-x86_64.jar\org\bytedeco\videoinput\windows-x86_64

VM Arguments:
jvm_args: --module-path=D:\herramientas\openjfx-15.0.1_windows-x64_bin-sdk\javafx-sdk-15.0.1\lib --add-modules=javafx.controls,javafx.fxml,javafx.graphics,javafx.media -Djava.library.path=D:\opencv\build\java\x64 -javaagent:C:\Users\Alexander\AppData\Local\JetBrains\Toolbox\apps\IDEA-U\ch-0\232.8660.185\lib\idea_rt.jar=49582:C:\Users\Alexander\AppData\Local\JetBrains\Toolbox\apps\IDEA-U\ch-0\232.8660.185\bin -Dfile.encoding=UTF-8 
java_command: com.app.appvisionartificial.Recognition.ejemplo.CameraConnectionPC
java_class_path (initial): C:\Users\Alexander\IdeaProjects\AppVisionArtificial\target\classes;C:\Users\Alexander\.m2\repository\org\bytedeco\javacv-platform\1.5.9\javacv-platform-1.5.9.jar;C:\Users\Alexander\.m2\repository\org\bytedeco\javacv\1.5.9\javacv-1.5.9.jar;C:\Users\Alexander\.m2\repository\org\bytedeco\javacpp\1.5.9\javacpp-1.5.9.jar;C:\Users\Alexander\.m2\repository\org\bytedeco\openblas\0.3.23-1.5.9\openblas-0.3.23-1.5.9.jar;C:\Users\Alexander\.m2\repository\org\bytedeco\opencv\4.7.0-1.5.9\opencv-4.7.0-1.5.9.jar;C:\Users\Alexander\.m2\repository\org\bytedeco\ffmpeg\6.0-1.5.9\ffmpeg-6.0-1.5.9.jar;C:\Users\Alexander\.m2\repository\org\bytedeco\flycapture\2.13.3.31-1.5.9\flycapture-2.13.3.31-1.5.9.jar;C:\Users\Alexander\.m2\repository\org\bytedeco\libdc1394\2.2.6-1.5.9\libdc1394-2.2.6-1.5.9.jar;C:\Users\Alexander\.m2\repository\org\bytedeco\libfreenect\0.5.7-1.5.9\libfreenect-0.5.7-1.5.9.jar;C:\Users\Alexander\.m2\repository\org\bytedeco\libfreenect2\0.2.0-1.5.9\libfreenect2-0.2.0-1.5.9.jar;C:\Users\Alexander\.m2\repository\org\bytedeco\librealsense\1.12.4-1.5.9\librealsense-1.12.4-1.5.9.jar;C:\Users\Alexander\.m2\repository\org\bytedeco\librealsense2\2.53.1-1.5.9\librealsense2-2.53.1-1.5.9.jar;C:\Users\Alexander\.m2\repository\org\bytedeco\videoinput\0.200-1.5.9\videoinput-0.200-1.5.9.jar;C:\Users\Alexander\.m2\repository\org\bytedeco\artoolkitplus\2.3.1-1.5.9\artoolkitplus-2.3.1-1.5.9.jar;C:\Users\Alexander\.m2\repository\org\bytedeco\leptonica\1.83.0-1.5.9\leptonica-1.83.0-1.5.9.jar;C:\Users\Alexander\.m2\repository\org\bytedeco\tesseract\5.3.1-1.5.9\tesseract-5.3.1-1.5.9.jar;C:\Users\Alexander\.m2\repository\org\openjfx\javafx-graphics\17\javafx-graphics-17.jar;C:\Users\Alexander\.m2\repository\org\openjfx\javafx-graphics\17\javafx-graphics-17-win.jar;C:\Users\Alexander\.m2\repository\org\openjfx\javafx-base\17\javafx-base-17.jar;C:\Users\Alexander\.m2\repository\org\openjfx\javafx-base\17\javafx-base-17-win.jar;C:\Users\Alexander\.m2\repository\org\by
Launcher Type: SUN_STANDARD

[Global flags]
     intx CICompilerCount                          = 4                                         {product} {ergonomic}
     uint ConcGCThreads                            = 3                                         {product} {ergonomic}
     uint G1ConcRefinementThreads                  = 10                                        {product} {ergonomic}
   size_t G1HeapRegionSize                         = 2097152                                   {product} {ergonomic}
    uintx GCDrainStackTargetSize                   = 64                                        {product} {ergonomic}
   size_t InitialHeapSize                          = 266338304                                 {product} {ergonomic}
   size_t MarkStackSize                            = 4194304                                   {product} {ergonomic}
   size_t MaxHeapSize                              = 4261412864                                {product} {ergonomic}
   size_t MaxNewSize                               = 2556428288                                {product} {ergonomic}
   size_t MinHeapDeltaBytes                        = 2097152                                   {product} {ergonomic}
   size_t MinHeapSize                              = 8388608                                   {product} {ergonomic}
    uintx NonNMethodCodeHeapSize                   = 5839372                                {pd product} {ergonomic}
    uintx NonProfiledCodeHeapSize                  = 122909434                              {pd product} {ergonomic}
    uintx ProfiledCodeHeapSize                     = 122909434                              {pd product} {ergonomic}
    uintx ReservedCodeCacheSize                    = 251658240                              {pd product} {ergonomic}
     bool SegmentedCodeCache                       = true                                      {product} {ergonomic}
   size_t SoftMaxHeapSize                          = 4261412864                             {manageable} {ergonomic}
     bool UseCompressedClassPointers               = true                           {product lp64_product} {ergonomic}
     bool UseCompressedOops                        = true                           {product lp64_product} {ergonomic}
     bool UseG1GC                                  = true                                      {product} {ergonomic}
     bool UseLargePagesIndividualAllocation        = false                                  {pd product} {ergonomic}

Logging:
Log output configuration:
 #0: stdout all=warning uptime,level,tags
 #1: stderr all=off uptime,level,tags

Environment Variables:
JAVA_HOME=C:\Program Files\Java\jdk-17
PATH=C:\Program Files (x86)\VMware\VMware Workstation\bin\;C:\Program Files\Java\jdk-17\bin;C:\Program Files\Common Files\Oracle\Java\javapath;C:\Windows\system32;C:\Windows;C:\Windows\System32\Wbem;C:\Windows\System32\WindowsPowerShell\v1.0\;C:\Windows\System32\OpenSSH\;C:\Program Files (x86)\NVIDIA Corporation\PhysX\Common;C:\WINDOWS\system32;C:\WINDOWS;C:\WINDOWS\System32\Wbem;C:\WINDOWS\System32\WindowsPowerShell\v1.0\;C:\WINDOWS\System32\OpenSSH\;C:\WINDOWS\system32;C:\WINDOWS;C:\WINDOWS\System32\Wbem;C:\WINDOWS\System32\WindowsPowerShell\v1.0\;C:\WINDOWS\System32\OpenSSH\;C:\xampp\php;C:\composer;C:\Program Files\nodejs\;C:\Program Files\Git LFS;C:\Program Files\dotnet\;C:\Program Files\Git\cmd;C:\Users\Alexander\AppData\Local\Programs\Python\Python310\Scripts\;C:\Users\Alexander\AppData\Local\Programs\Python\Python310\;C:\Users\Alexander\AppData\Local\Microsoft\WindowsApps;C:\Users\Alexander\AppData\Local\Microsoft\WindowsApps;C:\Users\Alexander\AppData\Roaming\Composer\vendor\bin;C:\Users\Alexander\AppData\Local\JetBrains\Toolbox\scripts;C:\Users\Alexander\AppData\Roaming\npm;C:\Users\Alexander\.dotnet\tools
USERNAME=Alexander
OS=Windows_NT
PROCESSOR_IDENTIFIER=Intel64 Family 6 Model 158 Stepping 10, GenuineIntel



---------------  S Y S T E M  ---------------

OS:
 Windows 10 , 64 bit Build 19041 (10.0.19041.3155)
OS uptime: 0 days 10:47 hours
Hyper-V role detected

CPU: total 12 (initial active 12) (6 cores per cpu, 2 threads per core) family 6 model 158 stepping 10 microcode 0xde, cx8, cmov, fxsr, ht, mmx, 3dnowpref, sse, sse2, sse3, ssse3, sse4.1, sse4.2, popcnt, lzcnt, tsc, tscinvbit, avx, avx2, aes, erms, clmul, bmi1, bmi2, adx, fma, vzeroupper, clflush, clflushopt, hv

Memory: 4k page, system-wide physical 16255M (6624M free)
TotalPageFile size 19839M (AvailPageFile size 5709M)
current process WorkingSet (physical memory assigned to process): 322M, peak: 337M
current process commit charge ("private bytes"): 3283M, peak: 3298M

vm_info: Java HotSpot(TM) 64-Bit Server VM (17+35-LTS-2724) for windows-amd64 JRE (17+35-LTS-2724), built on Aug  5 2021 23:28:28 by "mach5one" with MS VC++ 16.8 (VS2019)

END.
